#
# A fatal error has been detected by the Java Runtime Environment:
#
#  SIGSEGV (0xb) at pc=0x000000010af4f837, pid=68505, tid=0x0000000000004103
#
# JRE version: Java(TM) SE Runtime Environment (8.0_112-b16) (build 1.8.0_112-b16)
# Java VM: Java HotSpot(TM) 64-Bit Server VM (25.112-b16 mixed mode bsd-amd64 compressed oops)
# Problematic frame:
# V  [libjvm.dylib+0x14f837]  ValueStack::is_same(ValueStack*)+0x41
#
# Failed to write core dump. Core dumps have been disabled. To enable core dumping, try "ulimit -c unlimited" before starting Java again
#
# If you would like to submit a bug report, please visit:
#   http://bugreport.java.com/bugreport/crash.jsp
#

---------------  T H R E A D  ---------------

Current thread (0x00007fda9e025800):  JavaThread "C1 CompilerThread3" daemon [_thread_in_native, id=16643, stack(0x0000700006935000,0x0000700006a35000)]

siginfo: si_signo: 11 (SIGSEGV), si_code: 1 (SEGV_MAPERR), si_addr: 0x0000000000000018

Registers:
RAX=0x0000000000000002, RBX=0x00007fda9ec29e40, RCX=0x0000000000000000, RDX=0x0000000000000000
RSP=0x0000700006a33fe0, RBP=0x0000700006a33fe0, RSI=0x00007fda9ec2a4b0, RDI=0x00007fda9ec29e40
R8 =0x0000000000000000, R9 =0x0000000000000000, R10=0xffffffff00000000, R11=0x00007fd95e61cbf8
R12=0x0000000000000000, R13=0x00007fda9ec3c4f0, R14=0x00007fda9e3f7f70, R15=0x0000000000000000
RIP=0x000000010af4f837, EFLAGS=0x0000000000010293, ERR=0x0000000000000004
  TRAPNO=0x000000000000000e

Top of Stack: (sp=0x0000700006a33fe0)
0x0000700006a33fe0:   0000700006a34090 000000010aefefab
0x0000700006a33ff0:   0000000000000003 00007fda9ec2a4b0
0x0000700006a34000:   0000700006a34030 000000010aefb42b
0x0000700006a34010:   0000700006a342f0 0000000000000000
0x0000700006a34020:   00007fda9ec2a400 00007fda9ec2a400
0x0000700006a34030:   0000700006a34090 00007fda9ec2a400
0x0000700006a34040:   00007fda9e3f7cb0 00007fda9e3f7d70
0x0000700006a34050:   0000700006a34090 000000010aeff2db
0x0000700006a34060:   00007fda9ec2a400 00007fda9ec2a400
0x0000700006a34070:   0000000000000000 00007fda9ec3c4f0
0x0000700006a34080:   0000700006a342f0 0000000000000000
0x0000700006a34090:   0000700006a34120 000000010aef7d25
0x0000700006a340a0:   00007fda9ec29f60 0000000000000000
0x0000700006a340b0:   00007fda9f09f2c0 00007fda9f09f210
0x0000700006a340c0:   00007fda9f0a1c7e 0000000000000000
0x0000700006a340d0:   00007fda9ec29ee0 00007fda9f0a1c00
0x0000700006a340e0:   00007fda9f0a1cfb 00007fda9f0a1c7f
0x0000700006a340f0:   0000001b0000001b 0000700006a342f0
0x0000700006a34100:   00007fda9e3f6350 00007fda9ec3c4f0
0x0000700006a34110:   ffffffffffffff00 00007fda9e3f7cb0
0x0000700006a34120:   0000700006a34150 000000010aef4185
0x0000700006a34130:   0000700006a34150 00007fda9e3f5940
0x0000700006a34140:   ffffffffffffffff 0000700006a342f0
0x0000700006a34150:   0000700006a342d0 000000010aef8679
0x0000700006a34160:   00000001402ee258 00000001402ee258
0x0000700006a34170:   00000000000000f1 0000700006a341d0
0x0000700006a34180:   0000700006a341c0 000000010af43433
0x0000700006a34190:   00000001402ee258 00007fda9e025800
0x0000700006a341a0:   00000001402ee258 00000000000000f1
0x0000700006a341b0:   0000700006a34238 00000001402ee258
0x0000700006a341c0:   0000700006a34220 0000000000000000
0x0000700006a341d0:   0000000000000000 00000000000000fb 

Instructions: (pc=0x000000010af4f837)
0x000000010af4f817:   ea 8b 47 30 3b 46 30 75 e2 8b 4f 48 3b 4e 48 75
0x000000010af4f827:   da 31 d2 eb 29 4c 63 c2 4c 8b 4f 38 4f 8b 0c c1
0x000000010af4f837:   4d 8b 49 18 4c 8b 56 38 4f 8b 04 c2 4d 8b 40 18
0x000000010af4f847:   45 8b 40 0c 45 39 41 0c 75 b1 41 03 51 08 39 c2 

Register to memory mapping:

RAX=0x0000000000000002 is an unknown value
RBX=0x00007fda9ec29e40 is an unknown value
RCX=0x0000000000000000 is an unknown value
RDX=0x0000000000000000 is an unknown value
RSP=0x0000700006a33fe0 is pointing into the stack for thread: 0x00007fda9e025800
RBP=0x0000700006a33fe0 is pointing into the stack for thread: 0x00007fda9e025800
RSI=0x00007fda9ec2a4b0 is an unknown value
RDI=0x00007fda9ec29e40 is an unknown value
R8 =0x0000000000000000 is an unknown value
R9 =0x0000000000000000 is an unknown value
R10=0xffffffff00000000 is an unknown value
R11=0x00007fd95e61cbf8 is an unknown value
R12=0x0000000000000000 is an unknown value
R13=0x00007fda9ec3c4f0 is an unknown value
R14=0x00007fda9e3f7f70 is an unknown value
R15=0x0000000000000000 is an unknown value


Stack: [0x0000700006935000,0x0000700006a35000],  sp=0x0000700006a33fe0,  free space=1019k
Native frames: (J=compiled Java code, j=interpreted, Vv=VM code, C=native code)
V  [libjvm.dylib+0x14f837]  ValueStack::is_same(ValueStack*)+0x41
V  [libjvm.dylib+0xfefab]  BlockBegin::try_merge(ValueStack*)+0x219
V  [libjvm.dylib+0xf7d25]  GraphBuilder::iterate_bytecodes_for_block(int)+0x28b5
V  [libjvm.dylib+0xf4185]  GraphBuilder::iterate_all_blocks(bool)+0x6f
V  [libjvm.dylib+0xf8679]  GraphBuilder::GraphBuilder(Compilation*, IRScope*)+0x2cd
V  [libjvm.dylib+0xfdb4e]  IRScope::IRScope(Compilation*, IRScope*, int, ciMethod*, int, bool)+0x154
V  [libjvm.dylib+0xfdbff]  IR::IR(Compilation*, ciMethod*, int)+0x85
V  [libjvm.dylib+0xe845b]  Compilation::build_hir()+0xa7
V  [libjvm.dylib+0xe85ea]  Compilation::compile_java_method()+0x58
V  [libjvm.dylib+0xe8813]  Compilation::compile_method()+0x6d
V  [libjvm.dylib+0xe8a28]  Compilation::Compilation(AbstractCompiler*, ciEnv*, ciMethod*, int, BufferBlob*)+0x1a2
V  [libjvm.dylib+0xe91aa]  Compiler::compile_method(ciEnv*, ciMethod*, int)+0x90
V  [libjvm.dylib+0x1b6a2c]  CompileBroker::invoke_compiler_on_method(CompileTask*)+0x5b2
V  [libjvm.dylib+0x1b8f73]  CompileBroker::compiler_thread_loop()+0x291
V  [libjvm.dylib+0x56b033]  JavaThread::thread_main_inner()+0x9b
V  [libjvm.dylib+0x56c720]  JavaThread::run()+0x1c2
V  [libjvm.dylib+0x48a7ae]  java_start(Thread*)+0xf6
C  [libsystem_pthread.dylib+0x333d]  _pthread_body+0x7e
C  [libsystem_pthread.dylib+0x62a7]  _pthread_start+0x46
C  [libsystem_pthread.dylib+0x2425]  thread_start+0xd
C  0x0000000000000000


Current CompileTask:
C1: 103763 3091       3       com.dukescript.demos.match3.LevelVM::checkLeft (251 bytes)


---------------  P R O C E S S  ---------------

Java Threads: ( => current thread )
  0x00007fda9e2b5800 JavaThread "Prism Font Disposer" daemon [_thread_blocked, id=55327, stack(0x0000700007bfa000,0x0000700007cfa000)]
  0x00007fda9eaf7800 JavaThread "Watching files in /Users/antonepple/Entwicklung/DukeScript/dukescript-demos/match3/client/src/main/webapp/pages" daemon [_thread_blocked, id=74755, stack(0x00007000079f4000,0x0000700007af4000)]
  0x00007fda9e28f800 JavaThread "Thread-9" daemon [_thread_blocked, id=55067, stack(0x00007000078f1000,0x00007000079f1000)]
  0x00007fda9d00e000 JavaThread "FX<->NetBeans Inspector" [_thread_in_native, id=75267, stack(0x00007000077ee000,0x00007000078ee000)]
  0x00007fda9ea91800 JavaThread "Disposer" daemon [_thread_blocked, id=54547, stack(0x00007000076eb000,0x00007000077eb000)]
  0x00007fda9e176000 JavaThread "Timer-0" daemon [_thread_blocked, id=79623, stack(0x00007000074e2000,0x00007000075e2000)]
  0x00007fda9f144800 JavaThread "Thread-6" daemon [_thread_in_native, id=86019, stack(0x00007000073dc000,0x000070000745c000)]
  0x00007fda9e9cd000 JavaThread "JavaFX Application Thread" [_thread_in_native, id=775, stack(0x00007ffee56f3000,0x00007ffee5ef3000)]
  0x00007fda9e9cb000 JavaThread "Thread-4" daemon [_thread_blocked, id=38403, stack(0x000070000704a000,0x000070000714a000)]
  0x00007fda9e93d800 JavaThread "JavaFX-Launcher" [_thread_blocked, id=38659, stack(0x0000700006f47000,0x0000700007047000)]
  0x00007fda9e06f000 JavaThread "QuantumRenderer-0" daemon [_thread_blocked, id=43267, stack(0x0000700006e44000,0x0000700006f44000)]
  0x00007fda9e8cb800 JavaThread "pool-1-thread-1" [_thread_blocked, id=22275, stack(0x0000700006d41000,0x0000700006e41000)]
  0x00007fda9e8d0000 JavaThread "FileSystemWatcher: files=#10 cl=sun.misc.Launcher$AppClassLoader@18b4aac2" daemon [_thread_blocked, id=21763, stack(0x0000700006c3e000,0x0000700006d3e000)]
  0x00007fda9b071000 JavaThread "Service Thread" daemon [_thread_blocked, id=17923, stack(0x0000700006a38000,0x0000700006b38000)]
=>0x00007fda9e025800 JavaThread "C1 CompilerThread3" daemon [_thread_in_native, id=16643, stack(0x0000700006935000,0x0000700006a35000)]
  0x00007fda9e000000 JavaThread "C2 CompilerThread2" daemon [_thread_blocked, id=16131, stack(0x0000700006832000,0x0000700006932000)]
  0x00007fda9e00b800 JavaThread "C2 CompilerThread1" daemon [_thread_blocked, id=15619, stack(0x000070000672f000,0x000070000682f000)]
  0x00007fda9e83a000 JavaThread "C2 CompilerThread0" daemon [_thread_blocked, id=15363, stack(0x000070000662c000,0x000070000672c000)]
  0x00007fda9e805800 JavaThread "Signal Dispatcher" daemon [_thread_blocked, id=15107, stack(0x0000700006529000,0x0000700006629000)]
  0x00007fda9e006800 JavaThread "Finalizer" daemon [_thread_blocked, id=14083, stack(0x0000700006426000,0x0000700006526000)]
  0x00007fda9e812000 JavaThread "Reference Handler" daemon [_thread_blocked, id=20483, stack(0x0000700006323000,0x0000700006423000)]
  0x00007fda9b802000 JavaThread "main" [_thread_blocked, id=9987, stack(0x0000700005905000,0x0000700005a05000)]

Other Threads:
  0x00007fda9f02a800 VMThread [stack: 0x0000700006220000,0x0000700006320000] [id=20739]
  0x00007fda9b071800 WatcherThread [stack: 0x0000700006b3b000,0x0000700006c3b000] [id=17411]

VM state:not at safepoint (normal execution)

VM Mutex/Monitor currently owned by a thread: None

Heap:
 PSYoungGen      total 76288K, used 6423K [0x000000076ab00000, 0x0000000770000000, 0x00000007c0000000)
  eden space 65536K, 9% used [0x000000076ab00000,0x000000076b145e98,0x000000076eb00000)
  from space 10752K, 0% used [0x000000076f580000,0x000000076f580000,0x0000000770000000)
  to   space 10752K, 0% used [0x000000076eb00000,0x000000076eb00000,0x000000076f580000)
 ParOldGen       total 119296K, used 33087K [0x00000006c0000000, 0x00000006c7480000, 0x000000076ab00000)
  object space 119296K, 27% used [0x00000006c0000000,0x00000006c204fce0,0x00000006c7480000)
 Metaspace       used 20360K, capacity 21550K, committed 21808K, reserved 1069056K
  class space    used 2623K, capacity 2830K, committed 2864K, reserved 1048576K

Card table byte_map: [0x000000010c1a2000,0x000000010c9a3000] byte_map_base: 0x0000000108ba2000

Marking Bits: (ParMarkBitMap*) 0x000000010b6f0d30
 Begin Bits: [0x0000000120f4e000, 0x0000000124f4e000)
 End Bits:   [0x0000000124f4e000, 0x0000000128f4e000)

Polling page: 0x0000000109d7f000

CodeCache: size=245760Kb used=8881Kb max_used=8881Kb free=236879Kb
 bounds [0x0000000111f4e000, 0x000000011280e000, 0x0000000120f4e000]
 total_blobs=3514 nmethods=2769 adapters=658
 compilation: enabled

Compilation events (10 events):
Event: 103.679 Thread 0x00007fda9e00b800 nmethod 3086 0x00000001124c5b90 code [0x00000001124c5ce0, 0x00000001124c5d58]
Event: 103.680 Thread 0x00007fda9e83a000 nmethod 3087 0x00000001127fb690 code [0x00000001127fb800, 0x00000001127fb938]
Event: 103.681 Thread 0x00007fda9e025800 nmethod 3085 0x00000001127fe890 code [0x00000001127feec0, 0x0000000112803208]
Event: 103.712 Thread 0x00007fda9e025800 3088       3       com.sun.javafx.geom.PickRay::<init> (39 bytes)
Event: 103.712 Thread 0x00007fda9e025800 nmethod 3088 0x00000001127faf10 code [0x00000001127fb0a0, 0x00000001127fb4d0]
Event: 103.730 Thread 0x00007fda9e025800 3089       3       org.netbeans.html.boot.fx.AbstractFXPresenter$JavaValues::hashAndId (55 bytes)
Event: 103.730 Thread 0x00007fda9e025800 nmethod 3089 0x00000001127fab90 code [0x00000001127fad00, 0x00000001127fae70]
Event: 103.730 Thread 0x00007fda9e025800 3090       3       java.util.TreeSet::iterator (15 bytes)
Event: 103.730 Thread 0x00007fda9e025800 nmethod 3090 0x00000001127fa650 code [0x00000001127fa7e0, 0x00000001127faab8]
Event: 103.746 Thread 0x00007fda9e025800 3091       3       com.dukescript.demos.match3.LevelVM::checkLeft (251 bytes)

GC Heap History (10 events):
Event: 1.948 GC heap before
{Heap before GC invocations=1 (full 0):
 PSYoungGen      total 76288K, used 65536K [0x000000076ab00000, 0x0000000770000000, 0x00000007c0000000)
  eden space 65536K, 100% used [0x000000076ab00000,0x000000076eb00000,0x000000076eb00000)
  from space 10752K, 0% used [0x000000076f580000,0x000000076f580000,0x0000000770000000)
  to   space 10752K, 0% used [0x000000076eb00000,0x000000076eb00000,0x000000076f580000)
 ParOldGen       total 175104K, used 0K [0x00000006c0000000, 0x00000006cab00000, 0x000000076ab00000)
  object space 175104K, 0% used [0x00000006c0000000,0x00000006c0000000,0x00000006cab00000)
 Metaspace       used 17259K, capacity 18276K, committed 18432K, reserved 1064960K
  class space    used 2341K, capacity 2542K, committed 2560K, reserved 1048576K
Event: 1.960 GC heap after
Heap after GC invocations=1 (full 0):
 PSYoungGen      total 76288K, used 6381K [0x000000076ab00000, 0x0000000770000000, 0x00000007c0000000)
  eden space 65536K, 0% used [0x000000076ab00000,0x000000076ab00000,0x000000076eb00000)
  from space 10752K, 59% used [0x000000076eb00000,0x000000076f13b728,0x000000076f580000)
  to   space 10752K, 0% used [0x000000076f580000,0x000000076f580000,0x0000000770000000)
 ParOldGen       total 175104K, used 24K [0x00000006c0000000, 0x00000006cab00000, 0x000000076ab00000)
  object space 175104K, 0% used [0x00000006c0000000,0x00000006c0006000,0x00000006cab00000)
 Metaspace       used 17259K, capacity 18276K, committed 18432K, reserved 1064960K
  class space    used 2341K, capacity 2542K, committed 2560K, reserved 1048576K
}
Event: 2.713 GC heap before
{Heap before GC invocations=2 (full 0):
 PSYoungGen      total 76288K, used 71917K [0x000000076ab00000, 0x0000000770000000, 0x00000007c0000000)
  eden space 65536K, 100% used [0x000000076ab00000,0x000000076eb00000,0x000000076eb00000)
  from space 10752K, 59% used [0x000000076eb00000,0x000000076f13b728,0x000000076f580000)
  to   space 10752K, 0% used [0x000000076f580000,0x000000076f580000,0x0000000770000000)
 ParOldGen       total 175104K, used 24K [0x00000006c0000000, 0x00000006cab00000, 0x000000076ab00000)
  object space 175104K, 0% used [0x00000006c0000000,0x00000006c0006000,0x00000006cab00000)
 Metaspace       used 17890K, capacity 18980K, committed 19072K, reserved 1064960K
  class space    used 2431K, capacity 2662K, committed 2688K, reserved 1048576K
Event: 2.731 GC heap after
Heap after GC invocations=2 (full 0):
 PSYoungGen      total 76288K, used 9314K [0x000000076ab00000, 0x0000000774000000, 0x00000007c0000000)
  eden space 65536K, 0% used [0x000000076ab00000,0x000000076ab00000,0x000000076eb00000)
  from space 10752K, 86% used [0x000000076f580000,0x000000076fe98900,0x0000000770000000)
  to   space 10752K, 0% used [0x000000076eb00000,0x000000076eb00000,0x000000076f580000)
 ParOldGen       total 175104K, used 19711K [0x00000006c0000000, 0x00000006cab00000, 0x000000076ab00000)
  object space 175104K, 11% used [0x00000006c0000000,0x00000006c133fe68,0x00000006cab00000)
 Metaspace       used 17890K, capacity 18980K, committed 19072K, reserved 1064960K
  class space    used 2431K, capacity 2662K, committed 2688K, reserved 1048576K
}
Event: 50.827 GC heap before
{Heap before GC invocations=3 (full 0):
 PSYoungGen      total 76288K, used 74812K [0x000000076ab00000, 0x0000000774000000, 0x00000007c0000000)
  eden space 65536K, 99% used [0x000000076ab00000,0x000000076eaf6978,0x000000076eb00000)
  from space 10752K, 86% used [0x000000076f580000,0x000000076fe98900,0x0000000770000000)
  to   space 10752K, 0% used [0x000000076eb00000,0x000000076eb00000,0x000000076f580000)
 ParOldGen       total 175104K, used 19711K [0x00000006c0000000, 0x00000006cab00000, 0x000000076ab00000)
  object space 175104K, 11% used [0x00000006c0000000,0x00000006c133fe68,0x00000006cab00000)
 Metaspace       used 19914K, capacity 21050K, committed 21248K, reserved 1067008K
  class space    used 2588K, capacity 2802K, committed 2816K, reserved 1048576K
Event: 50.837 GC heap after
Heap after GC invocations=3 (full 0):
 PSYoungGen      total 76288K, used 10748K [0x000000076ab00000, 0x0000000770000000, 0x00000007c0000000)
  eden space 65536K, 0% used [0x000000076ab00000,0x000000076ab00000,0x000000076eb00000)
  from space 10752K, 99% used [0x000000076eb00000,0x000000076f57f3e0,0x000000076f580000)
  to   space 10752K, 0% used [0x000000076f580000,0x000000076f580000,0x0000000770000000)
 ParOldGen       total 175104K, used 27874K [0x00000006c0000000, 0x00000006cab00000, 0x000000076ab00000)
  object space 175104K, 15% used [0x00000006c0000000,0x00000006c1b38a30,0x00000006cab00000)
 Metaspace       used 19914K, capacity 21050K, committed 21248K, reserved 1067008K
  class space    used 2588K, capacity 2802K, committed 2816K, reserved 1048576K
}
Event: 101.318 GC heap before
{Heap before GC invocations=4 (full 0):
 PSYoungGen      total 76288K, used 22720K [0x000000076ab00000, 0x0000000770000000, 0x00000007c0000000)
  eden space 65536K, 18% used [0x000000076ab00000,0x000000076b6b1010,0x000000076eb00000)
  from space 10752K, 99% used [0x000000076eb00000,0x000000076f57f3e0,0x000000076f580000)
  to   space 10752K, 0% used [0x000000076f580000,0x000000076f580000,0x0000000770000000)
 ParOldGen       total 175104K, used 27874K [0x00000006c0000000, 0x00000006cab00000, 0x000000076ab00000)
  object space 175104K, 15% used [0x00000006c0000000,0x00000006c1b38a30,0x00000006cab00000)
 Metaspace       used 20094K, capacity 21238K, committed 21296K, reserved 1067008K
  class space    used 2604K, capacity 2818K, committed 2864K, reserved 1048576K
Event: 101.326 GC heap after
Heap after GC invocations=4 (full 0):
 PSYoungGen      total 76288K, used 10693K [0x000000076ab00000, 0x0000000770000000, 0x00000007c0000000)
  eden space 65536K, 0% used [0x000000076ab00000,0x000000076ab00000,0x000000076eb00000)
  from space 10752K, 99% used [0x000000076f580000,0x000000076fff14a8,0x0000000770000000)
  to   space 10752K, 0% used [0x000000076eb00000,0x000000076eb00000,0x000000076f580000)
 ParOldGen       total 175104K, used 27882K [0x00000006c0000000, 0x00000006cab00000, 0x000000076ab00000)
  object space 175104K, 15% used [0x00000006c0000000,0x00000006c1b3aa30,0x00000006cab00000)
 Metaspace       used 20094K, capacity 21238K, committed 21296K, reserved 1067008K
  class space    used 2604K, capacity 2818K, committed 2864K, reserved 1048576K
}
Event: 101.326 GC heap before
{Heap before GC invocations=5 (full 1):
 PSYoungGen      total 76288K, used 10693K [0x000000076ab00000, 0x0000000770000000, 0x00000007c0000000)
  eden space 65536K, 0% used [0x000000076ab00000,0x000000076ab00000,0x000000076eb00000)
  from space 10752K, 99% used [0x000000076f580000,0x000000076fff14a8,0x0000000770000000)
  to   space 10752K, 0% used [0x000000076eb00000,0x000000076eb00000,0x000000076f580000)
 ParOldGen       total 175104K, used 27882K [0x00000006c0000000, 0x00000006cab00000, 0x000000076ab00000)
  object space 175104K, 15% used [0x00000006c0000000,0x00000006c1b3aa30,0x00000006cab00000)
 Metaspace       used 20094K, capacity 21238K, committed 21296K, reserved 1067008K
  class space    used 2604K, capacity 2818K, committed 2864K, reserved 1048576K
Event: 101.356 GC heap after
Heap after GC invocations=5 (full 1):
 PSYoungGen      total 76288K, used 0K [0x000000076ab00000, 0x0000000770000000, 0x00000007c0000000)
  eden space 65536K, 0% used [0x000000076ab00000,0x000000076ab00000,0x000000076eb00000)
  from space 10752K, 0% used [0x000000076f580000,0x000000076f580000,0x0000000770000000)
  to   space 10752K, 0% used [0x000000076eb00000,0x000000076eb00000,0x000000076f580000)
 ParOldGen       total 119296K, used 33087K [0x00000006c0000000, 0x00000006c7480000, 0x000000076ab00000)
  object space 119296K, 27% used [0x00000006c0000000,0x00000006c204fce0,0x00000006c7480000)
 Metaspace       used 20094K, capacity 21238K, committed 21296K, reserved 1067008K
  class space    used 2604K, capacity 2818K, committed 2864K, reserved 1048576K
}

Deoptimization events (10 events):
Event: 2.747 Thread 0x00007fda9e9cd000 Uncommon trap: reason=class_check action=maybe_recompile pc=0x0000000112393450 method=java.util.HashMap.putVal(ILjava/lang/Object;Ljava/lang/Object;ZZ)Ljava/lang/Object; @ 253
Event: 2.854 Thread 0x00007fda9e9cd000 Uncommon trap: reason=unstable_if action=reinterpret pc=0x00000001124e4f0c method=sl.org.objectweb.asm.Type.getArgumentsAndReturnSizes(Ljava/lang/String;)I @ 47
Event: 2.856 Thread 0x00007fda9e9cd000 Uncommon trap: reason=unstable_if action=reinterpret pc=0x00000001124e881c method=sl.org.objectweb.asm.Item.a(Lsl/org/objectweb/asm/Item;)Z @ 345
Event: 2.861 Thread 0x00007fda9e9cd000 Uncommon trap: reason=unstable_if action=reinterpret pc=0x00000001124ad7ac method=java.io.BufferedInputStream.fill()V @ 219
Event: 3.676 Thread 0x00007fda9e9cd000 Uncommon trap: reason=unstable_if action=reinterpret pc=0x00000001125a0ebc method=java.security.AccessControlContext.combine([Ljava/security/ProtectionDomain;[Ljava/security/ProtectionDomain;)[Ljava/security/ProtectionDomain; @ 39
Event: 101.119 Thread 0x00007fda9e9cd000 Uncommon trap: reason=unstable_if action=reinterpret pc=0x00000001123fc7a4 method=jdk.internal.org.objectweb.asm.Item.isEqualTo(Ljdk/internal/org/objectweb/asm/Item;)Z @ 331
Event: 101.121 Thread 0x00007fda9e9cd000 Uncommon trap: reason=unstable_if action=reinterpret pc=0x0000000112767d08 method=java.util.concurrent.locks.ReentrantLock$Sync.isHeldExclusively()Z @ 7
Event: 101.233 Thread 0x00007fda9e9cd000 Uncommon trap: reason=unstable_if action=reinterpret pc=0x00000001124cbbcc method=javafx.scene.Scene$MouseHandler.updateCursorFrame()V @ 4
Event: 101.244 Thread 0x00007fda9e9cd000 Uncommon trap: reason=unstable_if action=reinterpret pc=0x0000000112252e00 method=javafx.scene.Scene.isDirtyEmpty()Z @ 4
Event: 102.344 Thread 0x00007fda9e9cd000 Uncommon trap: reason=unstable_if action=reinterpret pc=0x00000001127a6b30 method=com.sun.scenario.animation.AbstractMasterTimer.timePulseImpl(J)V @ 50

Internal exceptions (10 events):
Event: 3.029 Thread 0x00007fda9e9cd000 Exception <a 'java/lang/IllegalArgumentException': Argument is not an array> (0x000000076d5bab70) thrown at [/Users/java_re/workspace/8-2-build-macosx-x86_64/jdk8u112/7935/hotspot/src/share/vm/prims/jvm.cpp, line 3737]
Event: 3.029 Thread 0x00007fda9e9cd000 Exception <a 'java/lang/IllegalArgumentException': Argument is not an array> (0x000000076d5bb908) thrown at [/Users/java_re/workspace/8-2-build-macosx-x86_64/jdk8u112/7935/hotspot/src/share/vm/prims/jvm.cpp, line 3737]
Event: 102.728 Thread 0x00007fda9e9cd000 Exception <a 'java/lang/IllegalArgumentException': Argument is not an array> (0x000000076af47450) thrown at [/Users/java_re/workspace/8-2-build-macosx-x86_64/jdk8u112/7935/hotspot/src/share/vm/prims/jvm.cpp, line 3737]
Event: 102.728 Thread 0x00007fda9e9cd000 Exception <a 'java/lang/IllegalArgumentException': Argument is not an array> (0x000000076af48110) thrown at [/Users/java_re/workspace/8-2-build-macosx-x86_64/jdk8u112/7935/hotspot/src/share/vm/prims/jvm.cpp, line 3737]
Event: 102.779 Thread 0x00007fda9e9cd000 Exception <a 'java/lang/IllegalArgumentException': Argument is not an array> (0x000000076af65fe0) thrown at [/Users/java_re/workspace/8-2-build-macosx-x86_64/jdk8u112/7935/hotspot/src/share/vm/prims/jvm.cpp, line 3737]
Event: 102.779 Thread 0x00007fda9e9cd000 Exception <a 'java/lang/IllegalArgumentException': Argument is not an array> (0x000000076af66ca0) thrown at [/Users/java_re/workspace/8-2-build-macosx-x86_64/jdk8u112/7935/hotspot/src/share/vm/prims/jvm.cpp, line 3737]
Event: 102.856 Thread 0x00007fda9e9cd000 Exception <a 'java/lang/IllegalArgumentException': Argument is not an array> (0x000000076af8d188) thrown at [/Users/java_re/workspace/8-2-build-macosx-x86_64/jdk8u112/7935/hotspot/src/share/vm/prims/jvm.cpp, line 3737]
Event: 102.856 Thread 0x00007fda9e9cd000 Exception <a 'java/lang/IllegalArgumentException': Argument is not an array> (0x000000076af8de48) thrown at [/Users/java_re/workspace/8-2-build-macosx-x86_64/jdk8u112/7935/hotspot/src/share/vm/prims/jvm.cpp, line 3737]
Event: 102.933 Thread 0x00007fda9e9cd000 Exception <a 'java/lang/IllegalArgumentException': Argument is not an array> (0x000000076afb4888) thrown at [/Users/java_re/workspace/8-2-build-macosx-x86_64/jdk8u112/7935/hotspot/src/share/vm/prims/jvm.cpp, line 3737]
Event: 102.933 Thread 0x00007fda9e9cd000 Exception <a 'java/lang/IllegalArgumentException': Argument is not an array> (0x000000076afb5548) thrown at [/Users/java_re/workspace/8-2-build-macosx-x86_64/jdk8u112/7935/hotspot/src/share/vm/prims/jvm.cpp, line 3737]

Events (10 events):
Event: 103.463 Thread 0x00007fda9e025800 flushing nmethod 0x00000001125c9310
Event: 103.463 Thread 0x00007fda9e025800 flushing nmethod 0x0000000112631090
Event: 103.513 Thread 0x00007fda9e025800 flushing nmethod 0x00000001126d3a50
Event: 103.513 Thread 0x00007fda9e025800 flushing nmethod 0x00000001126d52d0
Event: 103.513 Thread 0x00007fda9e025800 flushing nmethod 0x00000001126e0650
Event: 103.513 Thread 0x00007fda9e025800 flushing nmethod 0x00000001126e62d0
Event: 103.513 Thread 0x00007fda9e025800 flushing nmethod 0x00000001126e6890
Event: 103.513 Thread 0x00007fda9e025800 flushing nmethod 0x00000001126e7090
Event: 103.513 Thread 0x00007fda9e025800 flushing nmethod 0x00000001126ed510
Event: 103.513 Thread 0x00007fda9e025800 flushing nmethod 0x000000011271dbd0


Dynamic libraries:
0x000000000756d000 	/System/Library/Frameworks/Cocoa.framework/Versions/A/Cocoa
0x000000000756d000 	/System/Library/Frameworks/Security.framework/Versions/A/Security
0x000000000756d000 	/System/Library/Frameworks/ApplicationServices.framework/Versions/A/ApplicationServices
0x000000000756d000 	/usr/lib/libz.1.dylib
0x000000000756d000 	/usr/lib/libSystem.B.dylib
0x000000000756d000 	/usr/lib/libobjc.A.dylib
0x000000000756d000 	/System/Library/Frameworks/CoreFoundation.framework/Versions/A/CoreFoundation
0x000000000756d000 	/System/Library/Frameworks/Foundation.framework/Versions/C/Foundation
0x000000000756d000 	/System/Library/Frameworks/AppKit.framework/Versions/C/AppKit
0x000000000756d000 	/System/Library/Frameworks/CoreData.framework/Versions/A/CoreData
0x000000000756d000 	/System/Library/PrivateFrameworks/RemoteViewServices.framework/Versions/A/RemoteViewServices
0x000000000756d000 	/System/Library/PrivateFrameworks/UIFoundation.framework/Versions/A/UIFoundation
0x000000000756d000 	/System/Library/PrivateFrameworks/XCTTargetBootstrap.framework/Versions/A/XCTTargetBootstrap
0x000000000756d000 	/System/Library/PrivateFrameworks/IconServices.framework/Versions/A/IconServices
0x000000000756d000 	/System/Library/Frameworks/Metal.framework/Versions/A/Metal
0x000000000756d000 	/System/Library/PrivateFrameworks/DesktopServicesPriv.framework/Versions/A/DesktopServicesPriv
0x000000000756d000 	/usr/lib/libenergytrace.dylib
0x000000000756d000 	/System/Library/PrivateFrameworks/SkyLight.framework/Versions/A/SkyLight
0x000000000756d000 	/System/Library/Frameworks/CoreGraphics.framework/Versions/A/CoreGraphics
0x000000000756d000 	/System/Library/Frameworks/Accelerate.framework/Versions/A/Accelerate
0x000000000756d000 	/System/Library/Frameworks/IOSurface.framework/Versions/A/IOSurface
0x000000000756d000 	/System/Library/PrivateFrameworks/DFRFoundation.framework/Versions/A/DFRFoundation
0x000000000756d000 	/System/Library/Frameworks/AudioToolbox.framework/Versions/A/AudioToolbox
0x000000000756d000 	/System/Library/Frameworks/AudioUnit.framework/Versions/A/AudioUnit
0x000000000756d000 	/System/Library/PrivateFrameworks/DataDetectorsCore.framework/Versions/A/DataDetectorsCore
0x000000000756d000 	/System/Library/Frameworks/Carbon.framework/Versions/A/Frameworks/HIToolbox.framework/Versions/A/HIToolbox
0x000000000756d000 	/usr/lib/libicucore.A.dylib
0x000000000756d000 	/System/Library/Frameworks/QuartzCore.framework/Versions/A/QuartzCore
0x000000000756d000 	/System/Library/Frameworks/Carbon.framework/Versions/A/Frameworks/SpeechRecognition.framework/Versions/A/SpeechRecognition
0x000000000756d000 	/usr/lib/libauto.dylib
0x000000000756d000 	/usr/lib/libxml2.2.dylib
0x000000000756d000 	/System/Library/PrivateFrameworks/CoreUI.framework/Versions/A/CoreUI
0x000000000756d000 	/System/Library/Frameworks/CoreAudio.framework/Versions/A/CoreAudio
0x000000000756d000 	/System/Library/Frameworks/DiskArbitration.framework/Versions/A/DiskArbitration
0x000000000756d000 	/usr/lib/liblangid.dylib
0x000000000756d000 	/System/Library/PrivateFrameworks/MultitouchSupport.framework/Versions/A/MultitouchSupport
0x000000000756d000 	/System/Library/Frameworks/IOKit.framework/Versions/A/IOKit
0x000000000756d000 	/usr/lib/libDiagnosticMessagesClient.dylib
0x000000000756d000 	/System/Library/Frameworks/CoreServices.framework/Versions/A/CoreServices
0x000000000756d000 	/System/Library/PrivateFrameworks/PerformanceAnalysis.framework/Versions/A/PerformanceAnalysis
0x000000000756d000 	/System/Library/Frameworks/OpenGL.framework/Versions/A/OpenGL
0x000000000756d000 	/System/Library/Frameworks/ColorSync.framework/Versions/A/ColorSync
0x000000000756d000 	/System/Library/Frameworks/CoreImage.framework/Versions/A/CoreImage
0x000000000756d000 	/System/Library/Frameworks/CoreText.framework/Versions/A/CoreText
0x000000000756d000 	/System/Library/Frameworks/ImageIO.framework/Versions/A/ImageIO
0x000000000756d000 	/System/Library/PrivateFrameworks/Backup.framework/Versions/A/Backup
0x000000000756d000 	/usr/lib/libarchive.2.dylib
0x000000000756d000 	/System/Library/Frameworks/CFNetwork.framework/Versions/A/CFNetwork
0x000000000756d000 	/System/Library/Frameworks/SystemConfiguration.framework/Versions/A/SystemConfiguration
0x000000000756d000 	/usr/lib/libCRFSuite.dylib
0x000000000756d000 	/usr/lib/libc++.1.dylib
0x000000000756d000 	/usr/lib/libc++abi.dylib
0x000000000756d000 	/usr/lib/system/libcache.dylib
0x000000000756d000 	/usr/lib/system/libcommonCrypto.dylib
0x000000000756d000 	/usr/lib/system/libcompiler_rt.dylib
0x000000000756d000 	/usr/lib/system/libcopyfile.dylib
0x000000000756d000 	/usr/lib/system/libcorecrypto.dylib
0x000000000756d000 	/usr/lib/system/libdispatch.dylib
0x000000000756d000 	/usr/lib/system/libdyld.dylib
0x000000000756d000 	/usr/lib/system/libkeymgr.dylib
0x000000000756d000 	/usr/lib/system/liblaunch.dylib
0x000000000756d000 	/usr/lib/system/libmacho.dylib
0x000000000756d000 	/usr/lib/system/libquarantine.dylib
0x000000000756d000 	/usr/lib/system/libremovefile.dylib
0x000000000756d000 	/usr/lib/system/libsystem_asl.dylib
0x000000000756d000 	/usr/lib/system/libsystem_blocks.dylib
0x000000000756d000 	/usr/lib/system/libsystem_c.dylib
0x000000000756d000 	/usr/lib/system/libsystem_configuration.dylib
0x000000000756d000 	/usr/lib/system/libsystem_coreservices.dylib
0x000000000756d000 	/usr/lib/system/libsystem_darwin.dylib
0x000000000756d000 	/usr/lib/system/libsystem_dnssd.dylib
0x000000000756d000 	/usr/lib/system/libsystem_info.dylib
0x000000000756d000 	/usr/lib/system/libsystem_m.dylib
0x000000000756d000 	/usr/lib/system/libsystem_malloc.dylib
0x000000000756d000 	/usr/lib/system/libsystem_networkextension.dylib
0x000000000756d000 	/usr/lib/system/libsystem_notify.dylib
0x000000000756d000 	/usr/lib/system/libsystem_sandbox.dylib
0x000000000756d000 	/usr/lib/system/libsystem_secinit.dylib
0x000000000756d000 	/usr/lib/system/libsystem_kernel.dylib
0x000000000756d000 	/usr/lib/system/libsystem_platform.dylib
0x000000000756d000 	/usr/lib/system/libsystem_pthread.dylib
0x000000000756d000 	/usr/lib/system/libsystem_symptoms.dylib
0x000000000756d000 	/usr/lib/system/libsystem_trace.dylib
0x000000000756d000 	/usr/lib/system/libunwind.dylib
0x000000000756d000 	/usr/lib/system/libxpc.dylib
0x000000000756d000 	/usr/lib/libbsm.0.dylib
0x000000000756d000 	/usr/lib/system/libkxld.dylib
0x000000000756d000 	/System/Library/PrivateFrameworks/AppleFSCompression.framework/Versions/A/AppleFSCompression
0x000000000756d000 	/usr/lib/libOpenScriptingUtil.dylib
0x000000000756d000 	/usr/lib/libcoretls.dylib
0x000000000756d000 	/usr/lib/libcoretls_cfhelpers.dylib
0x000000000756d000 	/usr/lib/libpam.2.dylib
0x000000000756d000 	/usr/lib/libsqlite3.dylib
0x000000000756d000 	/usr/lib/libxar.1.dylib
0x000000000756d000 	/usr/lib/libbz2.1.0.dylib
0x000000000756d000 	/usr/lib/liblzma.5.dylib
0x000000000756d000 	/usr/lib/libnetwork.dylib
0x000000000756d000 	/usr/lib/libapple_nghttp2.dylib
0x000000000756d000 	/usr/lib/libpcap.A.dylib
0x000000000756d000 	/System/Library/Frameworks/CoreServices.framework/Versions/A/Frameworks/FSEvents.framework/Versions/A/FSEvents
0x000000000756d000 	/System/Library/Frameworks/CoreServices.framework/Versions/A/Frameworks/CarbonCore.framework/Versions/A/CarbonCore
0x000000000756d000 	/System/Library/Frameworks/CoreServices.framework/Versions/A/Frameworks/Metadata.framework/Versions/A/Metadata
0x000000000756d000 	/System/Library/Frameworks/CoreServices.framework/Versions/A/Frameworks/OSServices.framework/Versions/A/OSServices
0x000000000756d000 	/System/Library/Frameworks/CoreServices.framework/Versions/A/Frameworks/SearchKit.framework/Versions/A/SearchKit
0x000000000756d000 	/System/Library/Frameworks/CoreServices.framework/Versions/A/Frameworks/AE.framework/Versions/A/AE
0x000000000756d000 	/System/Library/Frameworks/CoreServices.framework/Versions/A/Frameworks/LaunchServices.framework/Versions/A/LaunchServices
0x000000000756d000 	/System/Library/Frameworks/CoreServices.framework/Versions/A/Frameworks/DictionaryServices.framework/Versions/A/DictionaryServices
0x000000000756d000 	/System/Library/Frameworks/CoreServices.framework/Versions/A/Frameworks/SharedFileList.framework/Versions/A/SharedFileList
0x000000000756d000 	/System/Library/Frameworks/NetFS.framework/Versions/A/NetFS
0x000000000756d000 	/System/Library/PrivateFrameworks/NetAuth.framework/Versions/A/NetAuth
0x000000000756d000 	/System/Library/PrivateFrameworks/login.framework/Versions/A/Frameworks/loginsupport.framework/Versions/A/loginsupport
0x000000000756d000 	/System/Library/PrivateFrameworks/TCC.framework/Versions/A/TCC
0x000000000756d000 	/System/Library/PrivateFrameworks/CoreNLP.framework/Versions/A/CoreNLP
0x000000000756d000 	/System/Library/PrivateFrameworks/MetadataUtilities.framework/Versions/A/MetadataUtilities
0x000000000756d000 	/usr/lib/libmecabra.dylib
0x000000000756d000 	/System/Library/Frameworks/ApplicationServices.framework/Versions/A/Frameworks/ATS.framework/Versions/A/ATS
0x000000000756d000 	/System/Library/Frameworks/ApplicationServices.framework/Versions/A/Frameworks/ColorSyncLegacy.framework/Versions/A/ColorSyncLegacy
0x000000000756d000 	/System/Library/Frameworks/ApplicationServices.framework/Versions/A/Frameworks/HIServices.framework/Versions/A/HIServices
0x000000000756d000 	/System/Library/Frameworks/ApplicationServices.framework/Versions/A/Frameworks/LangAnalysis.framework/Versions/A/LangAnalysis
0x000000000756d000 	/System/Library/Frameworks/ApplicationServices.framework/Versions/A/Frameworks/PrintCore.framework/Versions/A/PrintCore
0x000000000756d000 	/System/Library/Frameworks/ApplicationServices.framework/Versions/A/Frameworks/QD.framework/Versions/A/QD
0x000000000756d000 	/System/Library/Frameworks/ApplicationServices.framework/Versions/A/Frameworks/SpeechSynthesis.framework/Versions/A/SpeechSynthesis
0x000000000756d000 	/usr/lib/libcompression.dylib
0x000000000756d000 	/System/Library/Frameworks/CoreDisplay.framework/Versions/A/CoreDisplay
0x000000000756d000 	/System/Library/Frameworks/MetalPerformanceShaders.framework/Versions/A/MetalPerformanceShaders
0x000000000756d000 	/System/Library/Frameworks/Accelerate.framework/Versions/A/Frameworks/vImage.framework/Versions/A/vImage
0x000000000756d000 	/System/Library/Frameworks/Accelerate.framework/Versions/A/Frameworks/vecLib.framework/Versions/A/vecLib
0x000000000756d000 	/System/Library/Frameworks/Accelerate.framework/Versions/A/Frameworks/vecLib.framework/Versions/A/libvMisc.dylib
0x000000000756d000 	/System/Library/Frameworks/Accelerate.framework/Versions/A/Frameworks/vecLib.framework/Versions/A/libvDSP.dylib
0x000000000756d000 	/System/Library/Frameworks/Accelerate.framework/Versions/A/Frameworks/vecLib.framework/Versions/A/libBLAS.dylib
0x000000000756d000 	/System/Library/Frameworks/Accelerate.framework/Versions/A/Frameworks/vecLib.framework/Versions/A/libLAPACK.dylib
0x000000000756d000 	/System/Library/Frameworks/Accelerate.framework/Versions/A/Frameworks/vecLib.framework/Versions/A/libLinearAlgebra.dylib
0x000000000756d000 	/System/Library/Frameworks/Accelerate.framework/Versions/A/Frameworks/vecLib.framework/Versions/A/libSparseBLAS.dylib
0x000000000756d000 	/System/Library/Frameworks/Accelerate.framework/Versions/A/Frameworks/vecLib.framework/Versions/A/libQuadrature.dylib
0x000000000756d000 	/System/Library/Frameworks/Accelerate.framework/Versions/A/Frameworks/vecLib.framework/Versions/A/libBNNS.dylib
0x000000000756d000 	/System/Library/Frameworks/Accelerate.framework/Versions/A/Frameworks/vecLib.framework/Versions/A/libSparse.dylib
0x000000000756d000 	/System/Library/PrivateFrameworks/GPUWrangler.framework/Versions/A/GPUWrangler
0x000000000756d000 	/System/Library/PrivateFrameworks/IOAccelerator.framework/Versions/A/IOAccelerator
0x000000000756d000 	/System/Library/PrivateFrameworks/IOPresentment.framework/Versions/A/IOPresentment
0x000000000756d000 	/System/Library/PrivateFrameworks/DSExternalDisplay.framework/Versions/A/DSExternalDisplay
0x000000000756d000 	/System/Library/Frameworks/OpenGL.framework/Versions/A/Libraries/libCoreFSCache.dylib
0x000000000756d000 	/System/Library/Frameworks/MetalPerformanceShaders.framework/Frameworks/MPSCore.framework/Versions/A/MPSCore
0x000000000756d000 	/System/Library/Frameworks/MetalPerformanceShaders.framework/Frameworks/MPSImage.framework/Versions/A/MPSImage
0x000000000756d000 	/System/Library/Frameworks/MetalPerformanceShaders.framework/Frameworks/MPSNeuralNetwork.framework/Versions/A/MPSNeuralNetwork
0x000000000756d000 	/System/Library/Frameworks/MetalPerformanceShaders.framework/Frameworks/MPSMatrix.framework/Versions/A/MPSMatrix
0x000000000756d000 	/System/Library/Frameworks/MetalPerformanceShaders.framework/Frameworks/MPSRayIntersector.framework/Versions/A/MPSRayIntersector
0x000000000756d000 	/System/Library/PrivateFrameworks/MetalTools.framework/Versions/A/MetalTools
0x000000000756d000 	/System/Library/PrivateFrameworks/AggregateDictionary.framework/Versions/A/AggregateDictionary
0x000000000756d000 	/usr/lib/libMobileGestalt.dylib
0x000000000756d000 	/System/Library/Frameworks/CoreVideo.framework/Versions/A/CoreVideo
0x000000000756d000 	/System/Library/PrivateFrameworks/GraphVisualizer.framework/Versions/A/GraphVisualizer
0x000000000756d000 	/System/Library/PrivateFrameworks/FaceCore.framework/Versions/A/FaceCore
0x000000000756d000 	/System/Library/Frameworks/OpenCL.framework/Versions/A/OpenCL
0x000000000756d000 	/usr/lib/libFosl_dynamic.dylib
0x000000000756d000 	/System/Library/PrivateFrameworks/OTSVG.framework/Versions/A/OTSVG
0x000000000756d000 	/System/Library/Frameworks/ApplicationServices.framework/Versions/A/Frameworks/ATS.framework/Versions/A/Resources/libFontParser.dylib
0x000000000756d000 	/System/Library/Frameworks/ApplicationServices.framework/Versions/A/Frameworks/ATS.framework/Versions/A/Resources/libFontRegistry.dylib
0x000000000756d000 	/System/Library/Frameworks/ImageIO.framework/Versions/A/Resources/libJPEG.dylib
0x000000000756d000 	/System/Library/Frameworks/ImageIO.framework/Versions/A/Resources/libTIFF.dylib
0x000000000756d000 	/System/Library/Frameworks/ImageIO.framework/Versions/A/Resources/libPng.dylib
0x000000000756d000 	/System/Library/Frameworks/ImageIO.framework/Versions/A/Resources/libGIF.dylib
0x000000000756d000 	/System/Library/Frameworks/ImageIO.framework/Versions/A/Resources/libJP2.dylib
0x000000000756d000 	/System/Library/Frameworks/ImageIO.framework/Versions/A/Resources/libRadiance.dylib
0x000000000756d000 	/System/Library/PrivateFrameworks/AppleJPEG.framework/Versions/A/AppleJPEG
0x000000000756d000 	/System/Library/Frameworks/OpenGL.framework/Versions/A/Libraries/libGFXShared.dylib
0x000000000756d000 	/System/Library/Frameworks/OpenGL.framework/Versions/A/Libraries/libGLU.dylib
0x000000000756d000 	/System/Library/Frameworks/OpenGL.framework/Versions/A/Libraries/libGL.dylib
0x000000000756d000 	/System/Library/Frameworks/OpenGL.framework/Versions/A/Libraries/libGLImage.dylib
0x000000000756d000 	/System/Library/Frameworks/OpenGL.framework/Versions/A/Libraries/libCVMSPluginSupport.dylib
0x000000000756d000 	/System/Library/Frameworks/OpenGL.framework/Versions/A/Libraries/libCoreVMClient.dylib
0x000000000756d000 	/usr/lib/libcups.2.dylib
0x000000000756d000 	/System/Library/Frameworks/Kerberos.framework/Versions/A/Kerberos
0x000000000756d000 	/System/Library/Frameworks/GSS.framework/Versions/A/GSS
0x000000000756d000 	/usr/lib/libresolv.9.dylib
0x000000000756d000 	/usr/lib/libiconv.2.dylib
0x000000000756d000 	/System/Library/PrivateFrameworks/Heimdal.framework/Versions/A/Heimdal
0x000000000756d000 	/usr/lib/libheimdal-asn1.dylib
0x000000000756d000 	/System/Library/Frameworks/OpenDirectory.framework/Versions/A/OpenDirectory
0x000000000756d000 	/System/Library/PrivateFrameworks/CommonAuth.framework/Versions/A/CommonAuth
0x000000000756d000 	/System/Library/Frameworks/OpenDirectory.framework/Versions/A/Frameworks/CFOpenDirectory.framework/Versions/A/CFOpenDirectory
0x000000000756d000 	/System/Library/Frameworks/SecurityFoundation.framework/Versions/A/SecurityFoundation
0x000000000756d000 	/System/Library/PrivateFrameworks/APFS.framework/Versions/A/APFS
0x000000000756d000 	/usr/lib/libutil.dylib
0x000000000756d000 	/usr/lib/libcharset.1.dylib
0x000000000756d000 	/System/Library/PrivateFrameworks/AppleSauce.framework/Versions/A/AppleSauce
0x000000000756d000 	/System/Library/PrivateFrameworks/AssertionServices.framework/Versions/A/AssertionServices
0x000000000756d000 	/System/Library/PrivateFrameworks/BaseBoard.framework/Versions/A/BaseBoard
0x000000000756d000 	/usr/lib/libmecab.1.0.0.dylib
0x000000000756d000 	/usr/lib/libgermantok.dylib
0x000000000756d000 	/usr/lib/libThaiTokenizer.dylib
0x000000000756d000 	/usr/lib/libChineseTokenizer.dylib
0x000000000756d000 	/System/Library/PrivateFrameworks/LanguageModeling.framework/Versions/A/LanguageModeling
0x000000000756d000 	/System/Library/PrivateFrameworks/CoreEmoji.framework/Versions/A/CoreEmoji
0x000000000756d000 	/System/Library/PrivateFrameworks/Lexicon.framework/Versions/A/Lexicon
0x000000000756d000 	/System/Library/PrivateFrameworks/LinguisticData.framework/Versions/A/LinguisticData
0x000000000756d000 	/usr/lib/libcmph.dylib
0x000000000756d000 	/System/Library/Frameworks/ServiceManagement.framework/Versions/A/ServiceManagement
0x000000000756d000 	/System/Library/PrivateFrameworks/BackgroundTaskManagement.framework/Versions/A/BackgroundTaskManagement
0x000000000756d000 	/usr/lib/libxslt.1.dylib
0x000000000756d000 	/System/Library/Frameworks/Carbon.framework/Versions/A/Frameworks/Ink.framework/Versions/A/Ink
0x000000000756d000 	/System/Library/PrivateFrameworks/TextureIO.framework/Versions/A/TextureIO
0x000000000756d000 	/usr/lib/libate.dylib
0x000000000756d000 	/System/Library/PrivateFrameworks/CrashReporterSupport.framework/Versions/A/CrashReporterSupport
0x000000000756d000 	/System/Library/PrivateFrameworks/Sharing.framework/Versions/A/Sharing
0x000000000756d000 	/System/Library/PrivateFrameworks/AuthKit.framework/Versions/A/AuthKit
0x000000000756d000 	/System/Library/PrivateFrameworks/Apple80211.framework/Versions/A/Apple80211
0x000000000756d000 	/System/Library/PrivateFrameworks/CoreUtils.framework/Versions/A/CoreUtils
0x000000000756d000 	/System/Library/Frameworks/CoreWLAN.framework/Versions/A/CoreWLAN
0x000000000756d000 	/System/Library/Frameworks/IOBluetooth.framework/Versions/A/IOBluetooth
0x000000000756d000 	/System/Library/PrivateFrameworks/ProtocolBuffer.framework/Versions/A/ProtocolBuffer
0x000000000756d000 	/System/Library/PrivateFrameworks/MobileKeyBag.framework/Versions/A/MobileKeyBag
0x000000000756d000 	/System/Library/PrivateFrameworks/CorePhoneNumbers.framework/Versions/A/CorePhoneNumbers
0x000000000756d000 	/System/Library/PrivateFrameworks/AppleIDAuthSupport.framework/Versions/A/AppleIDAuthSupport
0x000000000756d000 	/System/Library/PrivateFrameworks/KeychainCircle.framework/Versions/A/KeychainCircle
0x000000000756d000 	/System/Library/PrivateFrameworks/ROCKit.framework/Versions/A/ROCKit
0x000000000756d000 	/System/Library/PrivateFrameworks/CoreWiFi.framework/Versions/A/CoreWiFi
0x000000000756d000 	/System/Library/Frameworks/CoreBluetooth.framework/Versions/A/CoreBluetooth
0x000000000756d000 	/System/Library/PrivateFrameworks/DebugSymbols.framework/Versions/A/DebugSymbols
0x000000000756d000 	/System/Library/PrivateFrameworks/CoreSymbolication.framework/Versions/A/CoreSymbolication
0x000000000756d000 	/System/Library/PrivateFrameworks/Symbolication.framework/Versions/A/Symbolication
0x000000000756d000 	/System/Library/PrivateFrameworks/SpeechRecognitionCore.framework/Versions/A/SpeechRecognitionCore
0x000000010ae00000 	/Library/Java/JavaVirtualMachines/jdk1.8.0_112.jdk/Contents/Home/jre/lib/server/libjvm.dylib
0x000000000756d000 	/usr/lib/libstdc++.6.dylib
0x0000000109d3c000 	/Library/Java/JavaVirtualMachines/jdk1.8.0_112.jdk/Contents/Home/jre/lib/libverify.dylib
0x0000000109d4a000 	/Library/Java/JavaVirtualMachines/jdk1.8.0_112.jdk/Contents/Home/jre/lib/libjava.dylib
0x0000000109d80000 	/Library/Java/JavaVirtualMachines/jdk1.8.0_112.jdk/Contents/Home/jre/lib/libinstrument.dylib
0x0000000109dde000 	/Library/Java/JavaVirtualMachines/jdk1.8.0_112.jdk/Contents/Home/jre/lib/libzip.dylib
0x000000000756d000 	/System/Library/Frameworks/JavaVM.framework/Versions/A/Frameworks/JavaRuntimeSupport.framework/Versions/A/JavaRuntimeSupport
0x000000000756d000 	/System/Library/Frameworks/JavaVM.framework/Versions/A/Frameworks/JavaNativeFoundation.framework/Versions/A/JavaNativeFoundation
0x000000000756d000 	/System/Library/Frameworks/JavaVM.framework/Versions/A/JavaVM
0x000000000756d000 	/System/Library/Frameworks/Carbon.framework/Versions/A/Carbon
0x000000000756d000 	/System/Library/PrivateFrameworks/JavaLaunching.framework/Versions/A/JavaLaunching
0x000000000756d000 	/System/Library/Frameworks/Carbon.framework/Versions/A/Frameworks/CommonPanels.framework/Versions/A/CommonPanels
0x000000000756d000 	/System/Library/Frameworks/Carbon.framework/Versions/A/Frameworks/Help.framework/Versions/A/Help
0x000000000756d000 	/System/Library/Frameworks/Carbon.framework/Versions/A/Frameworks/ImageCapture.framework/Versions/A/ImageCapture
0x000000000756d000 	/System/Library/Frameworks/Carbon.framework/Versions/A/Frameworks/OpenScripting.framework/Versions/A/OpenScripting
0x000000000756d000 	/System/Library/Frameworks/Carbon.framework/Versions/A/Frameworks/Print.framework/Versions/A/Print
0x000000000756d000 	/System/Library/Frameworks/Carbon.framework/Versions/A/Frameworks/SecurityHI.framework/Versions/A/SecurityHI
0x0000000111909000 	/Library/Java/JavaVirtualMachines/jdk1.8.0_112.jdk/Contents/Home/jre/lib/libprism_es2.dylib
0x000000000756d000 	/System/Library/PrivateFrameworks/CoreServicesInternal.framework/Versions/A/CoreServicesInternal
0x000000000756d000 	/System/Library/Frameworks/OpenGL.framework/Versions/A/Resources/GLEngine.bundle/GLEngine
0x000000000756d000 	/System/Library/Frameworks/OpenGL.framework/Versions/A/Libraries/libGLProgrammability.dylib
0x000000000756d000 	/System/Library/Extensions/AppleIntelHD4000GraphicsGLDriver.bundle/Contents/MacOS/AppleIntelHD4000GraphicsGLDriver
0x000000000756d000 	/System/Library/PrivateFrameworks/GPUSupport.framework/Versions/A/Libraries/libGPUSupportMercury.dylib
0x000000000756d000 	/System/Library/Extensions/GeForceGLDriver.bundle/Contents/MacOS/GeForceGLDriver
0x000000000756d000 	/System/Library/Extensions/GeForceGLDriver.bundle/Contents/MacOS/libclh.dylib
0x000000000756d000 	/System/Library/Frameworks/OpenGL.framework/Versions/A/Resources/GLRendererFloat.bundle/GLRendererFloat
0x000000000756d000 	/System/Library/Frameworks/OpenCL.framework/Versions/A/Libraries/libcldcpuengine.dylib
0x000000000756d000 	/usr/lib/libcrypto.35.dylib
0x000000000756d000 	/System/Library/PrivateFrameworks/TrustEvaluationAgent.framework/Versions/A/TrustEvaluationAgent
0x00000001295ae000 	/Library/Java/JavaVirtualMachines/jdk1.8.0_112.jdk/Contents/Home/jre/lib/libglass.dylib
0x000000000756d000 	/System/Library/CoreServices/RawCamera.bundle/Contents/MacOS/RawCamera
0x000000000756d000 	/System/Library/PrivateFrameworks/MobileAsset.framework/Versions/A/MobileAsset
0x000000000756d000 	/System/Library/PrivateFrameworks/StreamingZip.framework/Versions/A/StreamingZip
0x000000000756d000 	/System/Library/Frameworks/MediaToolbox.framework/Versions/A/MediaToolbox
0x000000000756d000 	/System/Library/PrivateFrameworks/CoreAVCHD.framework/Versions/A/CoreAVCHD
0x000000000756d000 	/System/Library/Frameworks/MediaAccessibility.framework/Versions/A/MediaAccessibility
0x000000000756d000 	/System/Library/PrivateFrameworks/Mangrove.framework/Versions/A/Mangrove
0x000000000756d000 	/System/Library/Frameworks/CoreMedia.framework/Versions/A/CoreMedia
0x000000000756d000 	/System/Library/Frameworks/VideoToolbox.framework/Versions/A/VideoToolbox
0x000000000756d000 	/System/Library/PrivateFrameworks/CoreAUC.framework/Versions/A/CoreAUC
0x000000000756d000 	/usr/lib/libspindump.dylib
0x000000000756d000 	/System/Library/PrivateFrameworks/AppleVA.framework/Versions/A/AppleVA
0x000000000756d000 	/System/Library/Frameworks/Accelerate.framework/Versions/A/Frameworks/vImage.framework/Versions/A/Libraries/libCGInterfaces.dylib
0x000000000756d000 	/System/Library/PrivateFrameworks/FamilyControls.framework/Versions/A/FamilyControls
0x000000000756d000 	/System/Library/PrivateFrameworks/CommerceKit.framework/Versions/A/Frameworks/CommerceCore.framework/Versions/A/CommerceCore
0x000000000756d000 	/System/Library/PrivateFrameworks/SystemAdministration.framework/Versions/A/SystemAdministration
0x000000000756d000 	/System/Library/PrivateFrameworks/AppContainer.framework/Versions/A/AppContainer
0x000000000756d000 	/System/Library/PrivateFrameworks/AppSandbox.framework/Versions/A/AppSandbox
0x000000000756d000 	/System/Library/PrivateFrameworks/SecCodeWrapper.framework/Versions/A/SecCodeWrapper
0x000000000756d000 	/usr/lib/libsandbox.1.dylib
0x000000000756d000 	/usr/lib/libMatch.1.dylib
0x000000000756d000 	/System/Library/PrivateFrameworks/DiskManagement.framework/Versions/A/DiskManagement
0x000000000756d000 	/System/Library/Frameworks/DirectoryService.framework/Versions/A/DirectoryService
0x000000000756d000 	/System/Library/PrivateFrameworks/DiskImages.framework/Versions/A/DiskImages
0x000000000756d000 	/System/Library/PrivateFrameworks/LoginUIKit.framework/Versions/A/Frameworks/LoginUICore.framework/Versions/A/LoginUICore
0x000000000756d000 	/usr/lib/libCoreStorage.dylib
0x000000000756d000 	/usr/lib/libcsfde.dylib
0x000000000756d000 	/usr/lib/libodfde.dylib
0x000000000756d000 	/System/Library/PrivateFrameworks/MediaKit.framework/Versions/A/MediaKit
0x000000000756d000 	/System/Library/Frameworks/DiscRecording.framework/Versions/A/DiscRecording
0x000000000756d000 	/System/Library/PrivateFrameworks/EFILogin.framework/Versions/A/EFILogin
0x000000000756d000 	/System/Library/PrivateFrameworks/ProtectedCloudStorage.framework/Versions/A/ProtectedCloudStorage
0x000000000756d000 	/usr/lib/libcurl.4.dylib
0x000000000756d000 	/usr/lib/libcrypto.42.dylib
0x000000000756d000 	/usr/lib/libssl.44.dylib
0x000000000756d000 	/System/Library/Frameworks/LDAP.framework/Versions/A/LDAP
0x000000000756d000 	/usr/lib/libsasl2.2.dylib
0x000000000756d000 	/System/Library/PrivateFrameworks/CoreDaemon.framework/Versions/B/CoreDaemon
0x000000000756d000 	/System/Library/PrivateFrameworks/AppleSRP.framework/Versions/A/AppleSRP
0x000000000756d000 	/System/Library/PrivateFrameworks/ViewBridge.framework/Versions/A/ViewBridge
0x000000012bf6c000 	/Library/Java/JavaVirtualMachines/jdk1.8.0_112.jdk/Contents/Home/jre/lib/libosx.dylib
0x000000012bf7a000 	/Library/Java/JavaVirtualMachines/jdk1.8.0_112.jdk/Contents/Home/jre/lib/./libosxapp.dylib
0x000000000756d000 	/System/Library/Frameworks/ExceptionHandling.framework/Versions/A/ExceptionHandling
0x000000012bfbc000 	/Library/Java/JavaVirtualMachines/jdk1.8.0_112.jdk/Contents/Home/jre/lib/libjavafx_font.dylib
0x000000000756d000 	/System/Library/Frameworks/ApplicationServices.framework/Versions/A/Frameworks/ATS.framework/Versions/A/Resources/libTrueTypeScaler.dylib
0x000000012c17d000 	/usr/lib/libobjc-trampolines.dylib
0x0000000130f98000 	/Library/Java/JavaVirtualMachines/jdk1.8.0_112.jdk/Contents/Home/jre/lib/libjfxwebkit.dylib
0x0000000133d47000 	/Library/Java/JavaVirtualMachines/jdk1.8.0_112.jdk/Contents/Home/jre/lib/libnet.dylib
0x000000012a6a7000 	/Library/Java/JavaVirtualMachines/jdk1.8.0_112.jdk/Contents/Home/jre/lib/libnio.dylib
0x000000013bd52000 	/Library/Java/JavaVirtualMachines/jdk1.8.0_112.jdk/Contents/Home/jre/lib/libprism_common.dylib
0x000000000756d000 	/System/Library/Extensions/AppleIntelHD4000GraphicsMTLDriver.bundle/Contents/MacOS/AppleIntelHD4000GraphicsMTLDriver
0x000000000756d000 	/System/Library/Extensions/GeForceMTLDriver.bundle/Contents/MacOS/GeForceMTLDriver
0x000000000756d000 	/System/Library/PrivateFrameworks/GPUCompiler.framework/Versions/3902/Libraries/libmetal_timestamp.dylib

VM Arguments:
jvm_args: -javaagent:/Users/antonepple/Entwicklung/DukeScript/dukescript-demos/match3/client/target/springloaded.jar -Xverify:none -Dbrowser.rootdir=/Users/antonepple/Entwicklung/DukeScript/dukescript-demos/match3/client/src/main/webapp/ -Dnetbeans.inspect.port=55357 -Ddebug=false 
java_command: com.dukescript.demos.match3.Main
java_class_path (initial): /Users/antonepple/Entwicklung/DukeScript/dukescript-demos/match3/client/target/classes:/Users/antonepple/.m2/repository/org/netbeans/html/net.java.html/1.5.1/net.java.html-1.5.1.jar:/Users/antonepple/.m2/repository/org/netbeans/html/net.java.html.json/1.5.1/net.java.html.json-1.5.1.jar:/Users/antonepple/.m2/repository/org/netbeans/html/net.java.html.boot/1.5.1/net.java.html.boot-1.5.1.jar:/Users/antonepple/.m2/repository/org/netbeans/html/net.java.html.sound/1.5.1/net.java.html.sound-1.5.1.jar:/Users/antonepple/.m2/repository/org/netbeans/html/ko4j/1.5.1/ko4j-1.5.1.jar:/Users/antonepple/.m2/repository/com/dukescript/demos/match3-js/1.0-SNAPSHOT/match3-js-1.0-SNAPSHOT.jar:/Users/antonepple/.m2/repository/org/netbeans/html/net.java.html.boot.fx/1.5.1/net.java.html.boot.fx-1.5.1.jar:/Users/antonepple/Entwicklung/DukeScript/dukescript-demos/match3/client/target/springloaded.jar
Launcher Type: SUN_STANDARD

Environment Variables:
JAVA_HOME=/Library/Java/JavaVirtualMachines/jdk1.8.0_112.jdk/Contents/Home
PATH=/usr/bin:/bin:/usr/sbin:/sbin
SHELL=/bin/bash

Signal Handlers:
SIGSEGV: [libjvm.dylib+0x5b11a5], sa_mask[0]=11111111011111110111111111111111, sa_flags=SA_ONSTACK|SA_RESTART|SA_SIGINFO
SIGBUS: [libjvm.dylib+0x5b11a5], sa_mask[0]=11111111011111110111111111111111, sa_flags=SA_RESTART|SA_SIGINFO
SIGFPE: [libjvm.dylib+0x487dc0], sa_mask[0]=11111111011111110111111111111111, sa_flags=SA_RESTART|SA_SIGINFO
SIGPIPE: [libjvm.dylib+0x487dc0], sa_mask[0]=11111111011111110111111111111111, sa_flags=SA_RESTART|SA_SIGINFO
SIGXFSZ: [libjvm.dylib+0x487dc0], sa_mask[0]=11111111011111110111111111111111, sa_flags=SA_RESTART|SA_SIGINFO
SIGILL: [libjvm.dylib+0x487dc0], sa_mask[0]=11111111011111110111111111111111, sa_flags=SA_RESTART|SA_SIGINFO
SIGUSR1: SIG_DFL, sa_mask[0]=00000000000000000000000000000000, sa_flags=none
SIGUSR2: [libjvm.dylib+0x4878de], sa_mask[0]=00100000000000000000000000000000, sa_flags=SA_RESTART|SA_SIGINFO
SIGHUP: [libjvm.dylib+0x485eb5], sa_mask[0]=11111111011111110111111111111111, sa_flags=SA_RESTART|SA_SIGINFO
SIGINT: SIG_IGN, sa_mask[0]=00000000000000000000000000000000, sa_flags=none
SIGTERM: [libjvm.dylib+0x485eb5], sa_mask[0]=11111111011111110111111111111111, sa_flags=SA_RESTART|SA_SIGINFO
SIGQUIT: [libjvm.dylib+0x485eb5], sa_mask[0]=11111111011111110111111111111111, sa_flags=SA_RESTART|SA_SIGINFO


---------------  S Y S T E M  ---------------

OS:Bsduname:Darwin 18.0.0 Darwin Kernel Version 18.0.0: Wed Aug 22 20:13:40 PDT 2018; root:xnu-4903.201.2~1/RELEASE_X86_64 x86_64
rlimit: STACK 8192k, CORE 0k, NPROC 1418, NOFILE 10240, AS infinity
load average:1.60 2.44 2.48

CPU:total 8 (4 cores per cpu, 2 threads per core) family 6 model 58 stepping 9, cmov, cx8, fxsr, mmx, sse, sse2, sse3, ssse3, sse4.1, sse4.2, popcnt, avx, aes, clmul, erms, ht, tsc, tscinvbit, tscinv

Memory: 4k page, physical 16777216k(808080k free)

/proc/meminfo:


vm_info: Java HotSpot(TM) 64-Bit Server VM (25.112-b16) for bsd-amd64 JRE (1.8.0_112-b16), built on Sep 30 2016 22:41:41 by "java_re" with gcc 4.2.1 (Based on Apple Inc. build 5658) (LLVM build 2336.11.00)

time: Wed Nov  7 12:48:44 2018
elapsed time: 103 seconds (0d 0h 1m 43s)

