#
# A fatal error has been detected by the Java Runtime Environment:
#
#  SIGSEGV (0xb) at pc=0x000000010294f837, pid=67991, tid=0x0000000000003e03
#
# JRE version: Java(TM) SE Runtime Environment (8.0_112-b16) (build 1.8.0_112-b16)
# Java VM: Java HotSpot(TM) 64-Bit Server VM (25.112-b16 mixed mode bsd-amd64 compressed oops)
# Problematic frame:
# V  [libjvm.dylib+0x14f837]  ValueStack::is_same(ValueStack*)+0x41
#
# Failed to write core dump. Core dumps have been disabled. To enable core dumping, try "ulimit -c unlimited" before starting Java again
#
# If you would like to submit a bug report, please visit:
#   http://bugreport.java.com/bugreport/crash.jsp
#

---------------  T H R E A D  ---------------

Current thread (0x00007ffd83087800):  JavaThread "C1 CompilerThread3" daemon [_thread_in_native, id=15875, stack(0x000070001008c000,0x000070001018c000)]

siginfo: si_signo: 11 (SIGSEGV), si_code: 1 (SEGV_MAPERR), si_addr: 0x0000000000000018

Registers:
RAX=0x0000000000000002, RBX=0x00007ffd83b34a20, RCX=0x0000000000000000, RDX=0x0000000000000000
RSP=0x000070001018afe0, RBP=0x000070001018afe0, RSI=0x00007ffd83b35090, RDI=0x00007ffd83b34a20
R8 =0x0000000000000000, R9 =0x0000000000000000, R10=0xffffffff00000000, R11=0x00007ffc4dbcaf10
R12=0x0000000000000000, R13=0x00007ffd83acefc0, R14=0x00007ffd841d0270, R15=0x0000000000000000
RIP=0x000000010294f837, EFLAGS=0x0000000000010293, ERR=0x0000000000000004
  TRAPNO=0x000000000000000e

Top of Stack: (sp=0x000070001018afe0)
0x000070001018afe0:   000070001018b090 00000001028fefab
0x000070001018aff0:   0000000000000003 00007ffd83b35090
0x000070001018b000:   000070001018b030 00000001028fb42b
0x000070001018b010:   000070001018b2f0 0000000000000000
0x000070001018b020:   00007ffd83b34fe0 00007ffd83b34fe0
0x000070001018b030:   000070001018b090 00007ffd83b34fe0
0x000070001018b040:   00007ffd841cffb0 00007ffd841d0070
0x000070001018b050:   000070001018b090 00000001028ff2db
0x000070001018b060:   00007ffd83b34fe0 00007ffd83b34fe0
0x000070001018b070:   0000000000000000 00007ffd83acefc0
0x000070001018b080:   000070001018b2f0 0000000000000000
0x000070001018b090:   000070001018b120 00000001028f7d25
0x000070001018b0a0:   00007ffd83b34b40 0000000000000000
0x000070001018b0b0:   00007ffd839672c0 00007ffd83967210
0x000070001018b0c0:   00007ffd83969bce 0000000000000000
0x000070001018b0d0:   00007ffd83b34ac0 00007ffd83969b50
0x000070001018b0e0:   00007ffd83969c4b 00007ffd83969bcf
0x000070001018b0f0:   0000001b0000001b 000070001018b2f0
0x000070001018b100:   00007ffd841ce650 00007ffd83acefc0
0x000070001018b110:   ffffffffffffff00 00007ffd841cffb0
0x000070001018b120:   000070001018b150 00000001028f4185
0x000070001018b130:   000070001018b150 00007ffd841cdc40
0x000070001018b140:   ffffffffffffffff 000070001018b2f0
0x000070001018b150:   000070001018b2d0 00000001028f8679
0x000070001018b160:   0000000135e7d478 0000000135e7d478
0x000070001018b170:   00000000000000f1 000070001018b1d0
0x000070001018b180:   000070001018b1c0 0000000102943433
0x000070001018b190:   0000000135e7d478 00007ffd83087800
0x000070001018b1a0:   0000000135e7d478 00000000000000f1
0x000070001018b1b0:   000070001018b238 0000000135e7d478
0x000070001018b1c0:   000070001018b220 0000000000000000
0x000070001018b1d0:   0000000000000000 00000000000000fb 

Instructions: (pc=0x000000010294f837)
0x000000010294f817:   ea 8b 47 30 3b 46 30 75 e2 8b 4f 48 3b 4e 48 75
0x000000010294f827:   da 31 d2 eb 29 4c 63 c2 4c 8b 4f 38 4f 8b 0c c1
0x000000010294f837:   4d 8b 49 18 4c 8b 56 38 4f 8b 04 c2 4d 8b 40 18
0x000000010294f847:   45 8b 40 0c 45 39 41 0c 75 b1 41 03 51 08 39 c2 

Register to memory mapping:

RAX=0x0000000000000002 is an unknown value
RBX=0x00007ffd83b34a20 is an unknown value
RCX=0x0000000000000000 is an unknown value
RDX=0x0000000000000000 is an unknown value
RSP=0x000070001018afe0 is pointing into the stack for thread: 0x00007ffd83087800
RBP=0x000070001018afe0 is pointing into the stack for thread: 0x00007ffd83087800
RSI=0x00007ffd83b35090 is an unknown value
RDI=0x00007ffd83b34a20 is an unknown value
R8 =0x0000000000000000 is an unknown value
R9 =0x0000000000000000 is an unknown value
R10=0xffffffff00000000 is an unknown value
R11=0x00007ffc4dbcaf10 is an unknown value
R12=0x0000000000000000 is an unknown value
R13=0x00007ffd83acefc0 is an unknown value
R14=0x00007ffd841d0270 is an unknown value
R15=0x0000000000000000 is an unknown value


Stack: [0x000070001008c000,0x000070001018c000],  sp=0x000070001018afe0,  free space=1019k
Native frames: (J=compiled Java code, j=interpreted, Vv=VM code, C=native code)
V  [libjvm.dylib+0x14f837]  ValueStack::is_same(ValueStack*)+0x41
V  [libjvm.dylib+0xfefab]  BlockBegin::try_merge(ValueStack*)+0x219
V  [libjvm.dylib+0xf7d25]  GraphBuilder::iterate_bytecodes_for_block(int)+0x28b5
V  [libjvm.dylib+0xf4185]  GraphBuilder::iterate_all_blocks(bool)+0x6f
V  [libjvm.dylib+0xf8679]  GraphBuilder::GraphBuilder(Compilation*, IRScope*)+0x2cd
V  [libjvm.dylib+0xfdb4e]  IRScope::IRScope(Compilation*, IRScope*, int, ciMethod*, int, bool)+0x154
V  [libjvm.dylib+0xfdbff]  IR::IR(Compilation*, ciMethod*, int)+0x85
V  [libjvm.dylib+0xe845b]  Compilation::build_hir()+0xa7
V  [libjvm.dylib+0xe85ea]  Compilation::compile_java_method()+0x58
V  [libjvm.dylib+0xe8813]  Compilation::compile_method()+0x6d
V  [libjvm.dylib+0xe8a28]  Compilation::Compilation(AbstractCompiler*, ciEnv*, ciMethod*, int, BufferBlob*)+0x1a2
V  [libjvm.dylib+0xe91aa]  Compiler::compile_method(ciEnv*, ciMethod*, int)+0x90
V  [libjvm.dylib+0x1b6a2c]  CompileBroker::invoke_compiler_on_method(CompileTask*)+0x5b2
V  [libjvm.dylib+0x1b8f73]  CompileBroker::compiler_thread_loop()+0x291
V  [libjvm.dylib+0x56b033]  JavaThread::thread_main_inner()+0x9b
V  [libjvm.dylib+0x56c720]  JavaThread::run()+0x1c2
V  [libjvm.dylib+0x48a7ae]  java_start(Thread*)+0xf6
C  [libsystem_pthread.dylib+0x333d]  _pthread_body+0x7e
C  [libsystem_pthread.dylib+0x62a7]  _pthread_start+0x46
C  [libsystem_pthread.dylib+0x2425]  thread_start+0xd
C  0x0000000000000000


Current CompileTask:
C1:  17444 2975       3       com.dukescript.demos.match3.LevelVM::checkLeft (251 bytes)


---------------  P R O C E S S  ---------------

Java Threads: ( => current thread )
  0x00007ffd8307e000 JavaThread "URL-Loader-19" daemon [_thread_blocked, id=87827, stack(0x0000700012587000,0x0000700012687000)]
  0x00007ffd81a72800 JavaThread "Prism Font Disposer" daemon [_thread_blocked, id=56331, stack(0x0000700011351000,0x0000700011451000)]
  0x00007ffd83295000 JavaThread "Watching files in /Users/antonepple/Entwicklung/DukeScript/dukescript-demos/match3/client/src/main/webapp/pages" daemon [_thread_blocked, id=75779, stack(0x000070001114b000,0x000070001124b000)]
  0x00007ffd81a2f800 JavaThread "Thread-9" daemon [_thread_blocked, id=76047, stack(0x0000700011048000,0x0000700011148000)]
  0x00007ffd83266800 JavaThread "FX<->NetBeans Inspector" [_thread_in_native, id=76319, stack(0x0000700010f45000,0x0000700011045000)]
  0x00007ffd8409f000 JavaThread "Disposer" daemon [_thread_blocked, id=76803, stack(0x0000700010e42000,0x0000700010f42000)]
  0x00007ffd8185b000 JavaThread "Timer-0" daemon [_thread_blocked, id=52739, stack(0x0000700010c39000,0x0000700010d39000)]
  0x00007ffd831a6000 JavaThread "Thread-6" daemon [_thread_in_native, id=44803, stack(0x0000700010b33000,0x0000700010bb3000)]
  0x00007ffd818bd000 JavaThread "JavaFX Application Thread" [_thread_in_native, id=775, stack(0x00007ffeedc5d000,0x00007ffeee45d000)]
  0x00007ffd818b6000 JavaThread "Thread-4" daemon [_thread_blocked, id=40195, stack(0x00007000107a1000,0x00007000108a1000)]
  0x00007ffd8392d000 JavaThread "JavaFX-Launcher" [_thread_blocked, id=40707, stack(0x000070001069e000,0x000070001079e000)]
  0x00007ffd83922800 JavaThread "QuantumRenderer-0" daemon [_thread_blocked, id=22787, stack(0x000070001059b000,0x000070001069b000)]
  0x00007ffd81837000 JavaThread "pool-1-thread-1" [_thread_blocked, id=22275, stack(0x0000700010498000,0x0000700010598000)]
  0x00007ffd830c6000 JavaThread "FileSystemWatcher: files=#10 cl=sun.misc.Launcher$AppClassLoader@18b4aac2" daemon [_thread_blocked, id=21763, stack(0x0000700010395000,0x0000700010495000)]
  0x00007ffd81082800 JavaThread "Service Thread" daemon [_thread_blocked, id=16899, stack(0x000070001018f000,0x000070001028f000)]
=>0x00007ffd83087800 JavaThread "C1 CompilerThread3" daemon [_thread_in_native, id=15875, stack(0x000070001008c000,0x000070001018c000)]
  0x00007ffd83086800 JavaThread "C2 CompilerThread2" daemon [_thread_blocked, id=15619, stack(0x000070000ff89000,0x0000700010089000)]
  0x00007ffd83086000 JavaThread "C2 CompilerThread1" daemon [_thread_blocked, id=17667, stack(0x000070000fe86000,0x000070000ff86000)]
  0x00007ffd83085000 JavaThread "C2 CompilerThread0" daemon [_thread_blocked, id=15107, stack(0x000070000fd83000,0x000070000fe83000)]
  0x00007ffd81816000 JavaThread "Signal Dispatcher" daemon [_thread_blocked, id=14851, stack(0x000070000fc80000,0x000070000fd80000)]
  0x00007ffd81006000 JavaThread "Finalizer" daemon [_thread_blocked, id=19203, stack(0x000070000fb7d000,0x000070000fc7d000)]
  0x00007ffd84000000 JavaThread "Reference Handler" daemon [_thread_blocked, id=12547, stack(0x000070000fa7a000,0x000070000fb7a000)]
  0x00007ffd81005000 JavaThread "main" [_thread_blocked, id=9731, stack(0x000070000f05c000,0x000070000f15c000)]

Other Threads:
  0x00007ffd81810000 VMThread [stack: 0x000070000f977000,0x000070000fa77000] [id=19715]
  0x00007ffd8401b000 WatcherThread [stack: 0x0000700010292000,0x0000700010392000] [id=16387]

VM state:not at safepoint (normal execution)

VM Mutex/Monitor currently owned by a thread: None

Heap:
 PSYoungGen      total 76288K, used 6207K [0x000000076ab00000, 0x0000000774000000, 0x00000007c0000000)
  eden space 65536K, 9% used [0x000000076ab00000,0x000000076b10fda8,0x000000076eb00000)
  from space 10752K, 0% used [0x0000000773580000,0x0000000773580000,0x0000000774000000)
  to   space 10752K, 0% used [0x000000076eb00000,0x000000076eb00000,0x000000076f580000)
 ParOldGen       total 143360K, used 33862K [0x00000006c0000000, 0x00000006c8c00000, 0x000000076ab00000)
  object space 143360K, 23% used [0x00000006c0000000,0x00000006c2111ba0,0x00000006c8c00000)
 Metaspace       used 20361K, capacity 21482K, committed 21632K, reserved 1069056K
  class space    used 2622K, capacity 2830K, committed 2944K, reserved 1048576K

Card table byte_map: [0x0000000103c2b000,0x000000010442c000] byte_map_base: 0x000000010062b000

Marking Bits: (ParMarkBitMap*) 0x00000001030f0d30
 Begin Bits: [0x0000000115ad7000, 0x0000000119ad7000)
 End Bits:   [0x0000000119ad7000, 0x000000011dad7000)

Polling page: 0x00000001017e0000

CodeCache: size=245760Kb used=8950Kb max_used=8961Kb free=236809Kb
 bounds [0x0000000106ad7000, 0x00000001073a7000, 0x0000000115ad7000]
 total_blobs=3533 nmethods=2789 adapters=657
 compilation: enabled

Compilation events (10 events):
Event: 17.402 Thread 0x00007ffd83087800 2969       1       com.sun.javafx.tk.quantum.GlassScene::isEntireSceneDirty (5 bytes)
Event: 17.402 Thread 0x00007ffd83087800 nmethod 2969 0x0000000107398490 code [0x00000001073985e0, 0x00000001073986f0]
Event: 17.402 Thread 0x00007ffd83087800 2970       1       com.sun.javafx.sg.prism.NGGroup::getChildren (5 bytes)
Event: 17.402 Thread 0x00007ffd83087800 nmethod 2970 0x0000000107398750 code [0x00000001073988a0, 0x00000001073989b0]
Event: 17.402 Thread 0x00007ffd83087800 2971       3       java.util.logging.Logger::finest (9 bytes)
Event: 17.402 Thread 0x00007ffd83087800 nmethod 2971 0x0000000107398a10 code [0x0000000107398bc0, 0x00000001073990f8]
Event: 17.403 Thread 0x00007ffd83087800 2972       3       com.sun.javafx.webkit.prism.WCGraphicsPrismContext::dispose (108 bytes)
Event: 17.403 Thread 0x00007ffd83087800 nmethod 2972 0x0000000107399310 code [0x0000000107399580, 0x000000010739a488]
Event: 17.426 Thread 0x00007ffd83086000 2974       4       com.dukescript.demos.match3.Level::getColumns (109 bytes)
Event: 17.426 Thread 0x00007ffd83087800 2975       3       com.dukescript.demos.match3.LevelVM::checkLeft (251 bytes)

GC Heap History (10 events):
Event: 3.274 GC heap before
{Heap before GC invocations=1 (full 0):
 PSYoungGen      total 76288K, used 65536K [0x000000076ab00000, 0x0000000770000000, 0x00000007c0000000)
  eden space 65536K, 100% used [0x000000076ab00000,0x000000076eb00000,0x000000076eb00000)
  from space 10752K, 0% used [0x000000076f580000,0x000000076f580000,0x0000000770000000)
  to   space 10752K, 0% used [0x000000076eb00000,0x000000076eb00000,0x000000076f580000)
 ParOldGen       total 175104K, used 0K [0x00000006c0000000, 0x00000006cab00000, 0x000000076ab00000)
  object space 175104K, 0% used [0x00000006c0000000,0x00000006c0000000,0x00000006cab00000)
 Metaspace       used 17290K, capacity 18344K, committed 18432K, reserved 1064960K
  class space    used 2342K, capacity 2542K, committed 2560K, reserved 1048576K
Event: 3.292 GC heap after
Heap after GC invocations=1 (full 0):
 PSYoungGen      total 76288K, used 6411K [0x000000076ab00000, 0x0000000770000000, 0x00000007c0000000)
  eden space 65536K, 0% used [0x000000076ab00000,0x000000076ab00000,0x000000076eb00000)
  from space 10752K, 59% used [0x000000076eb00000,0x000000076f142cb8,0x000000076f580000)
  to   space 10752K, 0% used [0x000000076f580000,0x000000076f580000,0x0000000770000000)
 ParOldGen       total 175104K, used 24K [0x00000006c0000000, 0x00000006cab00000, 0x000000076ab00000)
  object space 175104K, 0% used [0x00000006c0000000,0x00000006c0006000,0x00000006cab00000)
 Metaspace       used 17290K, capacity 18344K, committed 18432K, reserved 1064960K
  class space    used 2342K, capacity 2542K, committed 2560K, reserved 1048576K
}
Event: 5.329 GC heap before
{Heap before GC invocations=2 (full 0):
 PSYoungGen      total 76288K, used 67188K [0x000000076ab00000, 0x0000000770000000, 0x00000007c0000000)
  eden space 65536K, 92% used [0x000000076ab00000,0x000000076e65a6a8,0x000000076eb00000)
  from space 10752K, 59% used [0x000000076eb00000,0x000000076f142cb8,0x000000076f580000)
  to   space 10752K, 0% used [0x000000076f580000,0x000000076f580000,0x0000000770000000)
 ParOldGen       total 175104K, used 24K [0x00000006c0000000, 0x00000006cab00000, 0x000000076ab00000)
  object space 175104K, 0% used [0x00000006c0000000,0x00000006c0006000,0x00000006cab00000)
 Metaspace       used 18192K, capacity 19362K, committed 19712K, reserved 1067008K
  class space    used 2472K, capacity 2699K, committed 2816K, reserved 1048576K
Event: 5.383 GC heap after
Heap after GC invocations=2 (full 0):
 PSYoungGen      total 76288K, used 10732K [0x000000076ab00000, 0x0000000774000000, 0x00000007c0000000)
  eden space 65536K, 0% used [0x000000076ab00000,0x000000076ab00000,0x000000076eb00000)
  from space 10752K, 99% used [0x000000076f580000,0x000000076fffb270,0x0000000770000000)
  to   space 10752K, 0% used [0x000000076eb00000,0x000000076eb00000,0x000000076f580000)
 ParOldGen       total 175104K, used 17401K [0x00000006c0000000, 0x00000006cab00000, 0x000000076ab00000)
  object space 175104K, 9% used [0x00000006c0000000,0x00000006c10fe568,0x00000006cab00000)
 Metaspace       used 18192K, capacity 19362K, committed 19712K, reserved 1067008K
  class space    used 2472K, capacity 2699K, committed 2816K, reserved 1048576K
}
Event: 11.662 GC heap before
{Heap before GC invocations=3 (full 0):
 PSYoungGen      total 76288K, used 76268K [0x000000076ab00000, 0x0000000774000000, 0x00000007c0000000)
  eden space 65536K, 100% used [0x000000076ab00000,0x000000076eb00000,0x000000076eb00000)
  from space 10752K, 99% used [0x000000076f580000,0x000000076fffb270,0x0000000770000000)
  to   space 10752K, 0% used [0x000000076eb00000,0x000000076eb00000,0x000000076f580000)
 ParOldGen       total 175104K, used 17401K [0x00000006c0000000, 0x00000006cab00000, 0x000000076ab00000)
  object space 175104K, 9% used [0x00000006c0000000,0x00000006c10fe568,0x00000006cab00000)
 Metaspace       used 19738K, capacity 20906K, committed 21120K, reserved 1067008K
  class space    used 2602K, capacity 2818K, committed 2944K, reserved 1048576K
Event: 11.684 GC heap after
Heap after GC invocations=3 (full 0):
 PSYoungGen      total 76288K, used 10739K [0x000000076ab00000, 0x0000000774000000, 0x00000007c0000000)
  eden space 65536K, 0% used [0x000000076ab00000,0x000000076ab00000,0x000000076eb00000)
  from space 10752K, 99% used [0x000000076eb00000,0x000000076f57cf28,0x000000076f580000)
  to   space 10752K, 0% used [0x0000000773580000,0x0000000773580000,0x0000000774000000)
 ParOldGen       total 175104K, used 42165K [0x00000006c0000000, 0x00000006cab00000, 0x000000076ab00000)
  object space 175104K, 24% used [0x00000006c0000000,0x00000006c292d750,0x00000006cab00000)
 Metaspace       used 19738K, capacity 20906K, committed 21120K, reserved 1067008K
  class space    used 2602K, capacity 2818K, committed 2944K, reserved 1048576K
}
Event: 13.537 GC heap before
{Heap before GC invocations=4 (full 0):
 PSYoungGen      total 76288K, used 16129K [0x000000076ab00000, 0x0000000774000000, 0x00000007c0000000)
  eden space 65536K, 8% used [0x000000076ab00000,0x000000076b043570,0x000000076eb00000)
  from space 10752K, 99% used [0x000000076eb00000,0x000000076f57cf28,0x000000076f580000)
  to   space 10752K, 0% used [0x0000000773580000,0x0000000773580000,0x0000000774000000)
 ParOldGen       total 175104K, used 42165K [0x00000006c0000000, 0x00000006cab00000, 0x000000076ab00000)
  object space 175104K, 24% used [0x00000006c0000000,0x00000006c292d750,0x00000006cab00000)
 Metaspace       used 20010K, capacity 21154K, committed 21296K, reserved 1067008K
  class space    used 2622K, capacity 2830K, committed 2944K, reserved 1048576K
Event: 13.546 GC heap after
Heap after GC invocations=4 (full 0):
 PSYoungGen      total 76288K, used 10748K [0x000000076ab00000, 0x0000000774000000, 0x00000007c0000000)
  eden space 65536K, 0% used [0x000000076ab00000,0x000000076ab00000,0x000000076eb00000)
  from space 10752K, 99% used [0x0000000773580000,0x0000000773fff2d8,0x0000000774000000)
  to   space 10752K, 0% used [0x000000076eb00000,0x000000076eb00000,0x000000076f580000)
 ParOldGen       total 175104K, used 47149K [0x00000006c0000000, 0x00000006cab00000, 0x000000076ab00000)
  object space 175104K, 26% used [0x00000006c0000000,0x00000006c2e0b6c8,0x00000006cab00000)
 Metaspace       used 20010K, capacity 21154K, committed 21296K, reserved 1067008K
  class space    used 2622K, capacity 2830K, committed 2944K, reserved 1048576K
}
Event: 13.546 GC heap before
{Heap before GC invocations=5 (full 1):
 PSYoungGen      total 76288K, used 10748K [0x000000076ab00000, 0x0000000774000000, 0x00000007c0000000)
  eden space 65536K, 0% used [0x000000076ab00000,0x000000076ab00000,0x000000076eb00000)
  from space 10752K, 99% used [0x0000000773580000,0x0000000773fff2d8,0x0000000774000000)
  to   space 10752K, 0% used [0x000000076eb00000,0x000000076eb00000,0x000000076f580000)
 ParOldGen       total 175104K, used 47149K [0x00000006c0000000, 0x00000006cab00000, 0x000000076ab00000)
  object space 175104K, 26% used [0x00000006c0000000,0x00000006c2e0b6c8,0x00000006cab00000)
 Metaspace       used 20010K, capacity 21154K, committed 21296K, reserved 1067008K
  class space    used 2622K, capacity 2830K, committed 2944K, reserved 1048576K
Event: 13.574 GC heap after
Heap after GC invocations=5 (full 1):
 PSYoungGen      total 76288K, used 0K [0x000000076ab00000, 0x0000000774000000, 0x00000007c0000000)
  eden space 65536K, 0% used [0x000000076ab00000,0x000000076ab00000,0x000000076eb00000)
  from space 10752K, 0% used [0x0000000773580000,0x0000000773580000,0x0000000774000000)
  to   space 10752K, 0% used [0x000000076eb00000,0x000000076eb00000,0x000000076f580000)
 ParOldGen       total 143360K, used 33862K [0x00000006c0000000, 0x00000006c8c00000, 0x000000076ab00000)
  object space 143360K, 23% used [0x00000006c0000000,0x00000006c2111ba0,0x00000006c8c00000)
 Metaspace       used 20010K, capacity 21154K, committed 21296K, reserved 1067008K
  class space    used 2622K, capacity 2830K, committed 2944K, reserved 1048576K
}

Deoptimization events (10 events):
Event: 3.724 Thread 0x00007ffd83922800 Uncommon trap: reason=unstable_if action=reinterpret pc=0x0000000106f461b4 method=java.lang.ref.ReferenceQueue.poll()Ljava/lang/ref/Reference; @ 4
Event: 4.268 Thread 0x00007ffd818bd000 Uncommon trap: reason=unstable_if action=reinterpret pc=0x0000000107019198 method=com.sun.javafx.image.impl.ByteBgra$ToByteBgraPreConv.doConvert([BII[BIIII)V @ 31
Event: 4.349 Thread 0x00007ffd818bd000 Uncommon trap: reason=unstable_if action=reinterpret pc=0x00000001070205a0 method=com.sun.javafx.image.impl.BaseByteToByteConverter$FourByteReorderer.doConvert([BII[BIIII)V @ 31
Event: 5.275 Thread 0x00007ffd818bd000 Uncommon trap: reason=class_check action=maybe_recompile pc=0x0000000106f15f90 method=java.util.HashMap.putVal(ILjava/lang/Object;Ljava/lang/Object;ZZ)Ljava/lang/Object; @ 253
Event: 5.275 Thread 0x00007ffd818bd000 Uncommon trap: reason=class_check action=maybe_recompile pc=0x0000000106f15f90 method=java.util.HashMap.putVal(ILjava/lang/Object;Ljava/lang/Object;ZZ)Ljava/lang/Object; @ 253
Event: 5.681 Thread 0x00007ffd818bd000 Uncommon trap: reason=unstable_if action=reinterpret pc=0x000000010705c648 method=sl.org.objectweb.asm.Type.getArgumentsAndReturnSizes(Ljava/lang/String;)I @ 47
Event: 5.689 Thread 0x00007ffd818bd000 Uncommon trap: reason=unstable_if action=reinterpret pc=0x000000010705a11c method=sl.org.objectweb.asm.Item.a(Lsl/org/objectweb/asm/Item;)Z @ 345
Event: 5.709 Thread 0x00007ffd818bd000 Uncommon trap: reason=unstable_if action=reinterpret pc=0x0000000107025b0c method=java.io.BufferedInputStream.fill()V @ 219
Event: 8.289 Thread 0x00007ffd818bd000 Uncommon trap: reason=unstable_if action=reinterpret pc=0x000000010712c37c method=java.security.AccessControlContext.combine([Ljava/security/ProtectionDomain;[Ljava/security/ProtectionDomain;)[Ljava/security/ProtectionDomain; @ 39
Event: 11.656 Thread 0x00007ffd818bd000 Uncommon trap: reason=unstable_if action=reinterpret pc=0x0000000106f78ae4 method=jdk.internal.org.objectweb.asm.Item.isEqualTo(Ljdk/internal/org/objectweb/asm/Item;)Z @ 331

Internal exceptions (10 events):
Event: 13.598 Thread 0x00007ffd818bd000 Exception <a 'java/lang/IllegalArgumentException': Argument is not an array> (0x000000076ab09980) thrown at [/Users/java_re/workspace/8-2-build-macosx-x86_64/jdk8u112/7935/hotspot/src/share/vm/prims/jvm.cpp, line 3737]
Event: 13.598 Thread 0x00007ffd818bd000 Exception <a 'java/lang/IllegalArgumentException': Argument is not an array> (0x000000076ab0a640) thrown at [/Users/java_re/workspace/8-2-build-macosx-x86_64/jdk8u112/7935/hotspot/src/share/vm/prims/jvm.cpp, line 3737]
Event: 16.416 Thread 0x00007ffd818bd000 Exception <a 'java/lang/IllegalArgumentException': Argument is not an array> (0x000000076afbf268) thrown at [/Users/java_re/workspace/8-2-build-macosx-x86_64/jdk8u112/7935/hotspot/src/share/vm/prims/jvm.cpp, line 3737]
Event: 16.416 Thread 0x00007ffd818bd000 Exception <a 'java/lang/IllegalArgumentException': Argument is not an array> (0x000000076afbff28) thrown at [/Users/java_re/workspace/8-2-build-macosx-x86_64/jdk8u112/7935/hotspot/src/share/vm/prims/jvm.cpp, line 3737]
Event: 16.418 Thread 0x00007ffd818bd000 Exception <a 'java/lang/IllegalArgumentException': Argument is not an array> (0x000000076afc3310) thrown at [/Users/java_re/workspace/8-2-build-macosx-x86_64/jdk8u112/7935/hotspot/src/share/vm/prims/jvm.cpp, line 3737]
Event: 16.418 Thread 0x00007ffd818bd000 Exception <a 'java/lang/IllegalArgumentException': Argument is not an array> (0x000000076afc3fd0) thrown at [/Users/java_re/workspace/8-2-build-macosx-x86_64/jdk8u112/7935/hotspot/src/share/vm/prims/jvm.cpp, line 3737]
Event: 16.441 Thread 0x00007ffd818bd000 Exception <a 'java/lang/IllegalArgumentException': Argument is not an array> (0x000000076afcf570) thrown at [/Users/java_re/workspace/8-2-build-macosx-x86_64/jdk8u112/7935/hotspot/src/share/vm/prims/jvm.cpp, line 3737]
Event: 16.442 Thread 0x00007ffd818bd000 Exception <a 'java/lang/IllegalArgumentException': Argument is not an array> (0x000000076afd0230) thrown at [/Users/java_re/workspace/8-2-build-macosx-x86_64/jdk8u112/7935/hotspot/src/share/vm/prims/jvm.cpp, line 3737]
Event: 16.465 Thread 0x00007ffd818bd000 Exception <a 'java/lang/IllegalArgumentException': Argument is not an array> (0x000000076afdb7e0) thrown at [/Users/java_re/workspace/8-2-build-macosx-x86_64/jdk8u112/7935/hotspot/src/share/vm/prims/jvm.cpp, line 3737]
Event: 16.465 Thread 0x00007ffd818bd000 Exception <a 'java/lang/IllegalArgumentException': Argument is not an array> (0x000000076afdc4a0) thrown at [/Users/java_re/workspace/8-2-build-macosx-x86_64/jdk8u112/7935/hotspot/src/share/vm/prims/jvm.cpp, line 3737]

Events (10 events):
Event: 13.992 Thread 0x00007ffd84932800 Thread exited: 0x00007ffd84932800
Event: 13.992 Thread 0x00007ffd81ad0000 Thread exited: 0x00007ffd81ad0000
Event: 13.992 Thread 0x00007ffd813d4000 Thread exited: 0x00007ffd813d4000
Event: 13.992 Thread 0x00007ffd832c9800 Thread exited: 0x00007ffd832c9800
Event: 13.996 Thread 0x00007ffd8327c000 Thread exited: 0x00007ffd8327c000
Event: 13.997 Thread 0x00007ffd8327d000 Thread exited: 0x00007ffd8327d000
Event: 13.997 Thread 0x00007ffd85065800 Thread exited: 0x00007ffd85065800
Event: 13.997 Thread 0x00007ffd8327d800 Thread exited: 0x00007ffd8327d800
Event: 14.115 Thread 0x00007ffd81b01800 Thread exited: 0x00007ffd81b01800
Event: 15.423 Thread 0x00007ffd83a7a000 Thread exited: 0x00007ffd83a7a000


Dynamic libraries:
0x000000000756d000 	/System/Library/Frameworks/Cocoa.framework/Versions/A/Cocoa
0x000000000756d000 	/System/Library/Frameworks/Security.framework/Versions/A/Security
0x000000000756d000 	/System/Library/Frameworks/ApplicationServices.framework/Versions/A/ApplicationServices
0x000000000756d000 	/usr/lib/libz.1.dylib
0x000000000756d000 	/usr/lib/libSystem.B.dylib
0x000000000756d000 	/usr/lib/libobjc.A.dylib
0x000000000756d000 	/System/Library/Frameworks/CoreFoundation.framework/Versions/A/CoreFoundation
0x000000000756d000 	/System/Library/Frameworks/Foundation.framework/Versions/C/Foundation
0x000000000756d000 	/System/Library/Frameworks/AppKit.framework/Versions/C/AppKit
0x000000000756d000 	/System/Library/Frameworks/CoreData.framework/Versions/A/CoreData
0x000000000756d000 	/System/Library/PrivateFrameworks/RemoteViewServices.framework/Versions/A/RemoteViewServices
0x000000000756d000 	/System/Library/PrivateFrameworks/UIFoundation.framework/Versions/A/UIFoundation
0x000000000756d000 	/System/Library/PrivateFrameworks/XCTTargetBootstrap.framework/Versions/A/XCTTargetBootstrap
0x000000000756d000 	/System/Library/PrivateFrameworks/IconServices.framework/Versions/A/IconServices
0x000000000756d000 	/System/Library/Frameworks/Metal.framework/Versions/A/Metal
0x000000000756d000 	/System/Library/PrivateFrameworks/DesktopServicesPriv.framework/Versions/A/DesktopServicesPriv
0x000000000756d000 	/usr/lib/libenergytrace.dylib
0x000000000756d000 	/System/Library/PrivateFrameworks/SkyLight.framework/Versions/A/SkyLight
0x000000000756d000 	/System/Library/Frameworks/CoreGraphics.framework/Versions/A/CoreGraphics
0x000000000756d000 	/System/Library/Frameworks/Accelerate.framework/Versions/A/Accelerate
0x000000000756d000 	/System/Library/Frameworks/IOSurface.framework/Versions/A/IOSurface
0x000000000756d000 	/System/Library/PrivateFrameworks/DFRFoundation.framework/Versions/A/DFRFoundation
0x000000000756d000 	/System/Library/Frameworks/AudioToolbox.framework/Versions/A/AudioToolbox
0x000000000756d000 	/System/Library/Frameworks/AudioUnit.framework/Versions/A/AudioUnit
0x000000000756d000 	/System/Library/PrivateFrameworks/DataDetectorsCore.framework/Versions/A/DataDetectorsCore
0x000000000756d000 	/System/Library/Frameworks/Carbon.framework/Versions/A/Frameworks/HIToolbox.framework/Versions/A/HIToolbox
0x000000000756d000 	/usr/lib/libicucore.A.dylib
0x000000000756d000 	/System/Library/Frameworks/QuartzCore.framework/Versions/A/QuartzCore
0x000000000756d000 	/System/Library/Frameworks/Carbon.framework/Versions/A/Frameworks/SpeechRecognition.framework/Versions/A/SpeechRecognition
0x000000000756d000 	/usr/lib/libauto.dylib
0x000000000756d000 	/usr/lib/libxml2.2.dylib
0x000000000756d000 	/System/Library/PrivateFrameworks/CoreUI.framework/Versions/A/CoreUI
0x000000000756d000 	/System/Library/Frameworks/CoreAudio.framework/Versions/A/CoreAudio
0x000000000756d000 	/System/Library/Frameworks/DiskArbitration.framework/Versions/A/DiskArbitration
0x000000000756d000 	/usr/lib/liblangid.dylib
0x000000000756d000 	/System/Library/PrivateFrameworks/MultitouchSupport.framework/Versions/A/MultitouchSupport
0x000000000756d000 	/System/Library/Frameworks/IOKit.framework/Versions/A/IOKit
0x000000000756d000 	/usr/lib/libDiagnosticMessagesClient.dylib
0x000000000756d000 	/System/Library/Frameworks/CoreServices.framework/Versions/A/CoreServices
0x000000000756d000 	/System/Library/PrivateFrameworks/PerformanceAnalysis.framework/Versions/A/PerformanceAnalysis
0x000000000756d000 	/System/Library/Frameworks/OpenGL.framework/Versions/A/OpenGL
0x000000000756d000 	/System/Library/Frameworks/ColorSync.framework/Versions/A/ColorSync
0x000000000756d000 	/System/Library/Frameworks/CoreImage.framework/Versions/A/CoreImage
0x000000000756d000 	/System/Library/Frameworks/CoreText.framework/Versions/A/CoreText
0x000000000756d000 	/System/Library/Frameworks/ImageIO.framework/Versions/A/ImageIO
0x000000000756d000 	/System/Library/PrivateFrameworks/Backup.framework/Versions/A/Backup
0x000000000756d000 	/usr/lib/libarchive.2.dylib
0x000000000756d000 	/System/Library/Frameworks/CFNetwork.framework/Versions/A/CFNetwork
0x000000000756d000 	/System/Library/Frameworks/SystemConfiguration.framework/Versions/A/SystemConfiguration
0x000000000756d000 	/usr/lib/libCRFSuite.dylib
0x000000000756d000 	/usr/lib/libc++.1.dylib
0x000000000756d000 	/usr/lib/libc++abi.dylib
0x000000000756d000 	/usr/lib/system/libcache.dylib
0x000000000756d000 	/usr/lib/system/libcommonCrypto.dylib
0x000000000756d000 	/usr/lib/system/libcompiler_rt.dylib
0x000000000756d000 	/usr/lib/system/libcopyfile.dylib
0x000000000756d000 	/usr/lib/system/libcorecrypto.dylib
0x000000000756d000 	/usr/lib/system/libdispatch.dylib
0x000000000756d000 	/usr/lib/system/libdyld.dylib
0x000000000756d000 	/usr/lib/system/libkeymgr.dylib
0x000000000756d000 	/usr/lib/system/liblaunch.dylib
0x000000000756d000 	/usr/lib/system/libmacho.dylib
0x000000000756d000 	/usr/lib/system/libquarantine.dylib
0x000000000756d000 	/usr/lib/system/libremovefile.dylib
0x000000000756d000 	/usr/lib/system/libsystem_asl.dylib
0x000000000756d000 	/usr/lib/system/libsystem_blocks.dylib
0x000000000756d000 	/usr/lib/system/libsystem_c.dylib
0x000000000756d000 	/usr/lib/system/libsystem_configuration.dylib
0x000000000756d000 	/usr/lib/system/libsystem_coreservices.dylib
0x000000000756d000 	/usr/lib/system/libsystem_darwin.dylib
0x000000000756d000 	/usr/lib/system/libsystem_dnssd.dylib
0x000000000756d000 	/usr/lib/system/libsystem_info.dylib
0x000000000756d000 	/usr/lib/system/libsystem_m.dylib
0x000000000756d000 	/usr/lib/system/libsystem_malloc.dylib
0x000000000756d000 	/usr/lib/system/libsystem_networkextension.dylib
0x000000000756d000 	/usr/lib/system/libsystem_notify.dylib
0x000000000756d000 	/usr/lib/system/libsystem_sandbox.dylib
0x000000000756d000 	/usr/lib/system/libsystem_secinit.dylib
0x000000000756d000 	/usr/lib/system/libsystem_kernel.dylib
0x000000000756d000 	/usr/lib/system/libsystem_platform.dylib
0x000000000756d000 	/usr/lib/system/libsystem_pthread.dylib
0x000000000756d000 	/usr/lib/system/libsystem_symptoms.dylib
0x000000000756d000 	/usr/lib/system/libsystem_trace.dylib
0x000000000756d000 	/usr/lib/system/libunwind.dylib
0x000000000756d000 	/usr/lib/system/libxpc.dylib
0x000000000756d000 	/usr/lib/libbsm.0.dylib
0x000000000756d000 	/usr/lib/system/libkxld.dylib
0x000000000756d000 	/System/Library/PrivateFrameworks/AppleFSCompression.framework/Versions/A/AppleFSCompression
0x000000000756d000 	/usr/lib/libOpenScriptingUtil.dylib
0x000000000756d000 	/usr/lib/libcoretls.dylib
0x000000000756d000 	/usr/lib/libcoretls_cfhelpers.dylib
0x000000000756d000 	/usr/lib/libpam.2.dylib
0x000000000756d000 	/usr/lib/libsqlite3.dylib
0x000000000756d000 	/usr/lib/libxar.1.dylib
0x000000000756d000 	/usr/lib/libbz2.1.0.dylib
0x000000000756d000 	/usr/lib/liblzma.5.dylib
0x000000000756d000 	/usr/lib/libnetwork.dylib
0x000000000756d000 	/usr/lib/libapple_nghttp2.dylib
0x000000000756d000 	/usr/lib/libpcap.A.dylib
0x000000000756d000 	/System/Library/Frameworks/CoreServices.framework/Versions/A/Frameworks/FSEvents.framework/Versions/A/FSEvents
0x000000000756d000 	/System/Library/Frameworks/CoreServices.framework/Versions/A/Frameworks/CarbonCore.framework/Versions/A/CarbonCore
0x000000000756d000 	/System/Library/Frameworks/CoreServices.framework/Versions/A/Frameworks/Metadata.framework/Versions/A/Metadata
0x000000000756d000 	/System/Library/Frameworks/CoreServices.framework/Versions/A/Frameworks/OSServices.framework/Versions/A/OSServices
0x000000000756d000 	/System/Library/Frameworks/CoreServices.framework/Versions/A/Frameworks/SearchKit.framework/Versions/A/SearchKit
0x000000000756d000 	/System/Library/Frameworks/CoreServices.framework/Versions/A/Frameworks/AE.framework/Versions/A/AE
0x000000000756d000 	/System/Library/Frameworks/CoreServices.framework/Versions/A/Frameworks/LaunchServices.framework/Versions/A/LaunchServices
0x000000000756d000 	/System/Library/Frameworks/CoreServices.framework/Versions/A/Frameworks/DictionaryServices.framework/Versions/A/DictionaryServices
0x000000000756d000 	/System/Library/Frameworks/CoreServices.framework/Versions/A/Frameworks/SharedFileList.framework/Versions/A/SharedFileList
0x000000000756d000 	/System/Library/Frameworks/NetFS.framework/Versions/A/NetFS
0x000000000756d000 	/System/Library/PrivateFrameworks/NetAuth.framework/Versions/A/NetAuth
0x000000000756d000 	/System/Library/PrivateFrameworks/login.framework/Versions/A/Frameworks/loginsupport.framework/Versions/A/loginsupport
0x000000000756d000 	/System/Library/PrivateFrameworks/TCC.framework/Versions/A/TCC
0x000000000756d000 	/System/Library/PrivateFrameworks/CoreNLP.framework/Versions/A/CoreNLP
0x000000000756d000 	/System/Library/PrivateFrameworks/MetadataUtilities.framework/Versions/A/MetadataUtilities
0x000000000756d000 	/usr/lib/libmecabra.dylib
0x000000000756d000 	/System/Library/Frameworks/ApplicationServices.framework/Versions/A/Frameworks/ATS.framework/Versions/A/ATS
0x000000000756d000 	/System/Library/Frameworks/ApplicationServices.framework/Versions/A/Frameworks/ColorSyncLegacy.framework/Versions/A/ColorSyncLegacy
0x000000000756d000 	/System/Library/Frameworks/ApplicationServices.framework/Versions/A/Frameworks/HIServices.framework/Versions/A/HIServices
0x000000000756d000 	/System/Library/Frameworks/ApplicationServices.framework/Versions/A/Frameworks/LangAnalysis.framework/Versions/A/LangAnalysis
0x000000000756d000 	/System/Library/Frameworks/ApplicationServices.framework/Versions/A/Frameworks/PrintCore.framework/Versions/A/PrintCore
0x000000000756d000 	/System/Library/Frameworks/ApplicationServices.framework/Versions/A/Frameworks/QD.framework/Versions/A/QD
0x000000000756d000 	/System/Library/Frameworks/ApplicationServices.framework/Versions/A/Frameworks/SpeechSynthesis.framework/Versions/A/SpeechSynthesis
0x000000000756d000 	/usr/lib/libcompression.dylib
0x000000000756d000 	/System/Library/Frameworks/CoreDisplay.framework/Versions/A/CoreDisplay
0x000000000756d000 	/System/Library/Frameworks/MetalPerformanceShaders.framework/Versions/A/MetalPerformanceShaders
0x000000000756d000 	/System/Library/Frameworks/Accelerate.framework/Versions/A/Frameworks/vImage.framework/Versions/A/vImage
0x000000000756d000 	/System/Library/Frameworks/Accelerate.framework/Versions/A/Frameworks/vecLib.framework/Versions/A/vecLib
0x000000000756d000 	/System/Library/Frameworks/Accelerate.framework/Versions/A/Frameworks/vecLib.framework/Versions/A/libvMisc.dylib
0x000000000756d000 	/System/Library/Frameworks/Accelerate.framework/Versions/A/Frameworks/vecLib.framework/Versions/A/libvDSP.dylib
0x000000000756d000 	/System/Library/Frameworks/Accelerate.framework/Versions/A/Frameworks/vecLib.framework/Versions/A/libBLAS.dylib
0x000000000756d000 	/System/Library/Frameworks/Accelerate.framework/Versions/A/Frameworks/vecLib.framework/Versions/A/libLAPACK.dylib
0x000000000756d000 	/System/Library/Frameworks/Accelerate.framework/Versions/A/Frameworks/vecLib.framework/Versions/A/libLinearAlgebra.dylib
0x000000000756d000 	/System/Library/Frameworks/Accelerate.framework/Versions/A/Frameworks/vecLib.framework/Versions/A/libSparseBLAS.dylib
0x000000000756d000 	/System/Library/Frameworks/Accelerate.framework/Versions/A/Frameworks/vecLib.framework/Versions/A/libQuadrature.dylib
0x000000000756d000 	/System/Library/Frameworks/Accelerate.framework/Versions/A/Frameworks/vecLib.framework/Versions/A/libBNNS.dylib
0x000000000756d000 	/System/Library/Frameworks/Accelerate.framework/Versions/A/Frameworks/vecLib.framework/Versions/A/libSparse.dylib
0x000000000756d000 	/System/Library/PrivateFrameworks/GPUWrangler.framework/Versions/A/GPUWrangler
0x000000000756d000 	/System/Library/PrivateFrameworks/IOAccelerator.framework/Versions/A/IOAccelerator
0x000000000756d000 	/System/Library/PrivateFrameworks/IOPresentment.framework/Versions/A/IOPresentment
0x000000000756d000 	/System/Library/PrivateFrameworks/DSExternalDisplay.framework/Versions/A/DSExternalDisplay
0x000000000756d000 	/System/Library/Frameworks/OpenGL.framework/Versions/A/Libraries/libCoreFSCache.dylib
0x000000000756d000 	/System/Library/Frameworks/MetalPerformanceShaders.framework/Frameworks/MPSCore.framework/Versions/A/MPSCore
0x000000000756d000 	/System/Library/Frameworks/MetalPerformanceShaders.framework/Frameworks/MPSImage.framework/Versions/A/MPSImage
0x000000000756d000 	/System/Library/Frameworks/MetalPerformanceShaders.framework/Frameworks/MPSNeuralNetwork.framework/Versions/A/MPSNeuralNetwork
0x000000000756d000 	/System/Library/Frameworks/MetalPerformanceShaders.framework/Frameworks/MPSMatrix.framework/Versions/A/MPSMatrix
0x000000000756d000 	/System/Library/Frameworks/MetalPerformanceShaders.framework/Frameworks/MPSRayIntersector.framework/Versions/A/MPSRayIntersector
0x000000000756d000 	/System/Library/PrivateFrameworks/MetalTools.framework/Versions/A/MetalTools
0x000000000756d000 	/System/Library/PrivateFrameworks/AggregateDictionary.framework/Versions/A/AggregateDictionary
0x000000000756d000 	/usr/lib/libMobileGestalt.dylib
0x000000000756d000 	/System/Library/Frameworks/CoreVideo.framework/Versions/A/CoreVideo
0x000000000756d000 	/System/Library/PrivateFrameworks/GraphVisualizer.framework/Versions/A/GraphVisualizer
0x000000000756d000 	/System/Library/PrivateFrameworks/FaceCore.framework/Versions/A/FaceCore
0x000000000756d000 	/System/Library/Frameworks/OpenCL.framework/Versions/A/OpenCL
0x000000000756d000 	/usr/lib/libFosl_dynamic.dylib
0x000000000756d000 	/System/Library/PrivateFrameworks/OTSVG.framework/Versions/A/OTSVG
0x000000000756d000 	/System/Library/Frameworks/ApplicationServices.framework/Versions/A/Frameworks/ATS.framework/Versions/A/Resources/libFontParser.dylib
0x000000000756d000 	/System/Library/Frameworks/ApplicationServices.framework/Versions/A/Frameworks/ATS.framework/Versions/A/Resources/libFontRegistry.dylib
0x000000000756d000 	/System/Library/Frameworks/ImageIO.framework/Versions/A/Resources/libJPEG.dylib
0x000000000756d000 	/System/Library/Frameworks/ImageIO.framework/Versions/A/Resources/libTIFF.dylib
0x000000000756d000 	/System/Library/Frameworks/ImageIO.framework/Versions/A/Resources/libPng.dylib
0x000000000756d000 	/System/Library/Frameworks/ImageIO.framework/Versions/A/Resources/libGIF.dylib
0x000000000756d000 	/System/Library/Frameworks/ImageIO.framework/Versions/A/Resources/libJP2.dylib
0x000000000756d000 	/System/Library/Frameworks/ImageIO.framework/Versions/A/Resources/libRadiance.dylib
0x000000000756d000 	/System/Library/PrivateFrameworks/AppleJPEG.framework/Versions/A/AppleJPEG
0x000000000756d000 	/System/Library/Frameworks/OpenGL.framework/Versions/A/Libraries/libGFXShared.dylib
0x000000000756d000 	/System/Library/Frameworks/OpenGL.framework/Versions/A/Libraries/libGLU.dylib
0x000000000756d000 	/System/Library/Frameworks/OpenGL.framework/Versions/A/Libraries/libGL.dylib
0x000000000756d000 	/System/Library/Frameworks/OpenGL.framework/Versions/A/Libraries/libGLImage.dylib
0x000000000756d000 	/System/Library/Frameworks/OpenGL.framework/Versions/A/Libraries/libCVMSPluginSupport.dylib
0x000000000756d000 	/System/Library/Frameworks/OpenGL.framework/Versions/A/Libraries/libCoreVMClient.dylib
0x000000000756d000 	/usr/lib/libcups.2.dylib
0x000000000756d000 	/System/Library/Frameworks/Kerberos.framework/Versions/A/Kerberos
0x000000000756d000 	/System/Library/Frameworks/GSS.framework/Versions/A/GSS
0x000000000756d000 	/usr/lib/libresolv.9.dylib
0x000000000756d000 	/usr/lib/libiconv.2.dylib
0x000000000756d000 	/System/Library/PrivateFrameworks/Heimdal.framework/Versions/A/Heimdal
0x000000000756d000 	/usr/lib/libheimdal-asn1.dylib
0x000000000756d000 	/System/Library/Frameworks/OpenDirectory.framework/Versions/A/OpenDirectory
0x000000000756d000 	/System/Library/PrivateFrameworks/CommonAuth.framework/Versions/A/CommonAuth
0x000000000756d000 	/System/Library/Frameworks/OpenDirectory.framework/Versions/A/Frameworks/CFOpenDirectory.framework/Versions/A/CFOpenDirectory
0x000000000756d000 	/System/Library/Frameworks/SecurityFoundation.framework/Versions/A/SecurityFoundation
0x000000000756d000 	/System/Library/PrivateFrameworks/APFS.framework/Versions/A/APFS
0x000000000756d000 	/usr/lib/libutil.dylib
0x000000000756d000 	/usr/lib/libcharset.1.dylib
0x000000000756d000 	/System/Library/PrivateFrameworks/AppleSauce.framework/Versions/A/AppleSauce
0x000000000756d000 	/System/Library/PrivateFrameworks/AssertionServices.framework/Versions/A/AssertionServices
0x000000000756d000 	/System/Library/PrivateFrameworks/BaseBoard.framework/Versions/A/BaseBoard
0x000000000756d000 	/usr/lib/libmecab.1.0.0.dylib
0x000000000756d000 	/usr/lib/libgermantok.dylib
0x000000000756d000 	/usr/lib/libThaiTokenizer.dylib
0x000000000756d000 	/usr/lib/libChineseTokenizer.dylib
0x000000000756d000 	/System/Library/PrivateFrameworks/LanguageModeling.framework/Versions/A/LanguageModeling
0x000000000756d000 	/System/Library/PrivateFrameworks/CoreEmoji.framework/Versions/A/CoreEmoji
0x000000000756d000 	/System/Library/PrivateFrameworks/Lexicon.framework/Versions/A/Lexicon
0x000000000756d000 	/System/Library/PrivateFrameworks/LinguisticData.framework/Versions/A/LinguisticData
0x000000000756d000 	/usr/lib/libcmph.dylib
0x000000000756d000 	/System/Library/Frameworks/ServiceManagement.framework/Versions/A/ServiceManagement
0x000000000756d000 	/System/Library/PrivateFrameworks/BackgroundTaskManagement.framework/Versions/A/BackgroundTaskManagement
0x000000000756d000 	/usr/lib/libxslt.1.dylib
0x000000000756d000 	/System/Library/Frameworks/Carbon.framework/Versions/A/Frameworks/Ink.framework/Versions/A/Ink
0x000000000756d000 	/System/Library/PrivateFrameworks/TextureIO.framework/Versions/A/TextureIO
0x000000000756d000 	/usr/lib/libate.dylib
0x000000000756d000 	/System/Library/PrivateFrameworks/CrashReporterSupport.framework/Versions/A/CrashReporterSupport
0x000000000756d000 	/System/Library/PrivateFrameworks/Sharing.framework/Versions/A/Sharing
0x000000000756d000 	/System/Library/PrivateFrameworks/AuthKit.framework/Versions/A/AuthKit
0x000000000756d000 	/System/Library/PrivateFrameworks/Apple80211.framework/Versions/A/Apple80211
0x000000000756d000 	/System/Library/PrivateFrameworks/CoreUtils.framework/Versions/A/CoreUtils
0x000000000756d000 	/System/Library/Frameworks/CoreWLAN.framework/Versions/A/CoreWLAN
0x000000000756d000 	/System/Library/Frameworks/IOBluetooth.framework/Versions/A/IOBluetooth
0x000000000756d000 	/System/Library/PrivateFrameworks/ProtocolBuffer.framework/Versions/A/ProtocolBuffer
0x000000000756d000 	/System/Library/PrivateFrameworks/MobileKeyBag.framework/Versions/A/MobileKeyBag
0x000000000756d000 	/System/Library/PrivateFrameworks/CorePhoneNumbers.framework/Versions/A/CorePhoneNumbers
0x000000000756d000 	/System/Library/PrivateFrameworks/AppleIDAuthSupport.framework/Versions/A/AppleIDAuthSupport
0x000000000756d000 	/System/Library/PrivateFrameworks/KeychainCircle.framework/Versions/A/KeychainCircle
0x000000000756d000 	/System/Library/PrivateFrameworks/ROCKit.framework/Versions/A/ROCKit
0x000000000756d000 	/System/Library/PrivateFrameworks/CoreWiFi.framework/Versions/A/CoreWiFi
0x000000000756d000 	/System/Library/Frameworks/CoreBluetooth.framework/Versions/A/CoreBluetooth
0x000000000756d000 	/System/Library/PrivateFrameworks/DebugSymbols.framework/Versions/A/DebugSymbols
0x000000000756d000 	/System/Library/PrivateFrameworks/CoreSymbolication.framework/Versions/A/CoreSymbolication
0x000000000756d000 	/System/Library/PrivateFrameworks/Symbolication.framework/Versions/A/Symbolication
0x000000000756d000 	/System/Library/PrivateFrameworks/SpeechRecognitionCore.framework/Versions/A/SpeechRecognitionCore
0x0000000102800000 	/Library/Java/JavaVirtualMachines/jdk1.8.0_112.jdk/Contents/Home/jre/lib/server/libjvm.dylib
0x000000000756d000 	/usr/lib/libstdc++.6.dylib
0x00000001017d2000 	/Library/Java/JavaVirtualMachines/jdk1.8.0_112.jdk/Contents/Home/jre/lib/libverify.dylib
0x00000001037a2000 	/Library/Java/JavaVirtualMachines/jdk1.8.0_112.jdk/Contents/Home/jre/lib/libjava.dylib
0x00000001037d7000 	/Library/Java/JavaVirtualMachines/jdk1.8.0_112.jdk/Contents/Home/jre/lib/libinstrument.dylib
0x00000001017eb000 	/Library/Java/JavaVirtualMachines/jdk1.8.0_112.jdk/Contents/Home/jre/lib/libzip.dylib
0x000000000756d000 	/System/Library/Frameworks/JavaVM.framework/Versions/A/Frameworks/JavaRuntimeSupport.framework/Versions/A/JavaRuntimeSupport
0x000000000756d000 	/System/Library/Frameworks/JavaVM.framework/Versions/A/Frameworks/JavaNativeFoundation.framework/Versions/A/JavaNativeFoundation
0x000000000756d000 	/System/Library/Frameworks/JavaVM.framework/Versions/A/JavaVM
0x000000000756d000 	/System/Library/Frameworks/Carbon.framework/Versions/A/Carbon
0x000000000756d000 	/System/Library/PrivateFrameworks/JavaLaunching.framework/Versions/A/JavaLaunching
0x000000000756d000 	/System/Library/Frameworks/Carbon.framework/Versions/A/Frameworks/CommonPanels.framework/Versions/A/CommonPanels
0x000000000756d000 	/System/Library/Frameworks/Carbon.framework/Versions/A/Frameworks/Help.framework/Versions/A/Help
0x000000000756d000 	/System/Library/Frameworks/Carbon.framework/Versions/A/Frameworks/ImageCapture.framework/Versions/A/ImageCapture
0x000000000756d000 	/System/Library/Frameworks/Carbon.framework/Versions/A/Frameworks/OpenScripting.framework/Versions/A/OpenScripting
0x000000000756d000 	/System/Library/Frameworks/Carbon.framework/Versions/A/Frameworks/Print.framework/Versions/A/Print
0x000000000756d000 	/System/Library/Frameworks/Carbon.framework/Versions/A/Frameworks/SecurityHI.framework/Versions/A/SecurityHI
0x0000000120484000 	/Library/Java/JavaVirtualMachines/jdk1.8.0_112.jdk/Contents/Home/jre/lib/libprism_es2.dylib
0x000000000756d000 	/System/Library/PrivateFrameworks/CoreServicesInternal.framework/Versions/A/CoreServicesInternal
0x000000000756d000 	/System/Library/Frameworks/OpenGL.framework/Versions/A/Resources/GLEngine.bundle/GLEngine
0x000000000756d000 	/System/Library/Frameworks/OpenGL.framework/Versions/A/Libraries/libGLProgrammability.dylib
0x000000000756d000 	/System/Library/Extensions/AppleIntelHD4000GraphicsGLDriver.bundle/Contents/MacOS/AppleIntelHD4000GraphicsGLDriver
0x000000000756d000 	/System/Library/PrivateFrameworks/GPUSupport.framework/Versions/A/Libraries/libGPUSupportMercury.dylib
0x000000000756d000 	/System/Library/Extensions/GeForceGLDriver.bundle/Contents/MacOS/GeForceGLDriver
0x000000000756d000 	/System/Library/Extensions/GeForceGLDriver.bundle/Contents/MacOS/libclh.dylib
0x000000000756d000 	/System/Library/Frameworks/OpenGL.framework/Versions/A/Resources/GLRendererFloat.bundle/GLRendererFloat
0x000000000756d000 	/System/Library/Frameworks/OpenCL.framework/Versions/A/Libraries/libcldcpuengine.dylib
0x000000000756d000 	/usr/lib/libcrypto.35.dylib
0x000000000756d000 	/System/Library/PrivateFrameworks/TrustEvaluationAgent.framework/Versions/A/TrustEvaluationAgent
0x0000000121038000 	/Library/Java/JavaVirtualMachines/jdk1.8.0_112.jdk/Contents/Home/jre/lib/libglass.dylib
0x000000000756d000 	/System/Library/CoreServices/RawCamera.bundle/Contents/MacOS/RawCamera
0x000000000756d000 	/System/Library/PrivateFrameworks/MobileAsset.framework/Versions/A/MobileAsset
0x000000000756d000 	/System/Library/PrivateFrameworks/StreamingZip.framework/Versions/A/StreamingZip
0x000000000756d000 	/System/Library/Frameworks/MediaToolbox.framework/Versions/A/MediaToolbox
0x000000000756d000 	/System/Library/PrivateFrameworks/CoreAVCHD.framework/Versions/A/CoreAVCHD
0x000000000756d000 	/System/Library/Frameworks/MediaAccessibility.framework/Versions/A/MediaAccessibility
0x000000000756d000 	/System/Library/PrivateFrameworks/Mangrove.framework/Versions/A/Mangrove
0x000000000756d000 	/System/Library/Frameworks/CoreMedia.framework/Versions/A/CoreMedia
0x000000000756d000 	/System/Library/Frameworks/VideoToolbox.framework/Versions/A/VideoToolbox
0x000000000756d000 	/System/Library/PrivateFrameworks/CoreAUC.framework/Versions/A/CoreAUC
0x000000000756d000 	/usr/lib/libspindump.dylib
0x000000000756d000 	/System/Library/PrivateFrameworks/AppleVA.framework/Versions/A/AppleVA
0x000000000756d000 	/System/Library/Frameworks/Accelerate.framework/Versions/A/Frameworks/vImage.framework/Versions/A/Libraries/libCGInterfaces.dylib
0x000000000756d000 	/System/Library/PrivateFrameworks/FamilyControls.framework/Versions/A/FamilyControls
0x000000000756d000 	/System/Library/PrivateFrameworks/CommerceKit.framework/Versions/A/Frameworks/CommerceCore.framework/Versions/A/CommerceCore
0x000000000756d000 	/System/Library/PrivateFrameworks/SystemAdministration.framework/Versions/A/SystemAdministration
0x000000000756d000 	/System/Library/PrivateFrameworks/AppContainer.framework/Versions/A/AppContainer
0x000000000756d000 	/System/Library/PrivateFrameworks/AppSandbox.framework/Versions/A/AppSandbox
0x000000000756d000 	/System/Library/PrivateFrameworks/SecCodeWrapper.framework/Versions/A/SecCodeWrapper
0x000000000756d000 	/usr/lib/libsandbox.1.dylib
0x000000000756d000 	/usr/lib/libMatch.1.dylib
0x000000000756d000 	/System/Library/PrivateFrameworks/DiskManagement.framework/Versions/A/DiskManagement
0x000000000756d000 	/System/Library/Frameworks/DirectoryService.framework/Versions/A/DirectoryService
0x000000000756d000 	/System/Library/PrivateFrameworks/DiskImages.framework/Versions/A/DiskImages
0x000000000756d000 	/System/Library/PrivateFrameworks/LoginUIKit.framework/Versions/A/Frameworks/LoginUICore.framework/Versions/A/LoginUICore
0x000000000756d000 	/usr/lib/libCoreStorage.dylib
0x000000000756d000 	/usr/lib/libcsfde.dylib
0x000000000756d000 	/usr/lib/libodfde.dylib
0x000000000756d000 	/System/Library/PrivateFrameworks/MediaKit.framework/Versions/A/MediaKit
0x000000000756d000 	/System/Library/Frameworks/DiscRecording.framework/Versions/A/DiscRecording
0x000000000756d000 	/System/Library/PrivateFrameworks/EFILogin.framework/Versions/A/EFILogin
0x000000000756d000 	/System/Library/PrivateFrameworks/ProtectedCloudStorage.framework/Versions/A/ProtectedCloudStorage
0x000000000756d000 	/usr/lib/libcurl.4.dylib
0x000000000756d000 	/usr/lib/libcrypto.42.dylib
0x000000000756d000 	/usr/lib/libssl.44.dylib
0x000000000756d000 	/System/Library/Frameworks/LDAP.framework/Versions/A/LDAP
0x000000000756d000 	/usr/lib/libsasl2.2.dylib
0x000000000756d000 	/System/Library/PrivateFrameworks/CoreDaemon.framework/Versions/B/CoreDaemon
0x000000000756d000 	/System/Library/PrivateFrameworks/AppleSRP.framework/Versions/A/AppleSRP
0x000000000756d000 	/System/Library/PrivateFrameworks/ViewBridge.framework/Versions/A/ViewBridge
0x000000012390f000 	/Library/Java/JavaVirtualMachines/jdk1.8.0_112.jdk/Contents/Home/jre/lib/libosx.dylib
0x000000012391d000 	/Library/Java/JavaVirtualMachines/jdk1.8.0_112.jdk/Contents/Home/jre/lib/./libosxapp.dylib
0x000000000756d000 	/System/Library/Frameworks/ExceptionHandling.framework/Versions/A/ExceptionHandling
0x0000000123955000 	/Library/Java/JavaVirtualMachines/jdk1.8.0_112.jdk/Contents/Home/jre/lib/libjavafx_font.dylib
0x000000000756d000 	/System/Library/Frameworks/ApplicationServices.framework/Versions/A/Frameworks/ATS.framework/Versions/A/Resources/libTrueTypeScaler.dylib
0x0000000123b16000 	/usr/lib/libobjc-trampolines.dylib
0x000000012862d000 	/Library/Java/JavaVirtualMachines/jdk1.8.0_112.jdk/Contents/Home/jre/lib/libjfxwebkit.dylib
0x000000012cf55000 	/Library/Java/JavaVirtualMachines/jdk1.8.0_112.jdk/Contents/Home/jre/lib/libnet.dylib
0x000000012217f000 	/Library/Java/JavaVirtualMachines/jdk1.8.0_112.jdk/Contents/Home/jre/lib/libnio.dylib
0x0000000132861000 	/Library/Java/JavaVirtualMachines/jdk1.8.0_112.jdk/Contents/Home/jre/lib/libprism_common.dylib
0x000000000756d000 	/System/Library/Extensions/AppleIntelHD4000GraphicsMTLDriver.bundle/Contents/MacOS/AppleIntelHD4000GraphicsMTLDriver
0x000000000756d000 	/System/Library/Extensions/GeForceMTLDriver.bundle/Contents/MacOS/GeForceMTLDriver
0x000000000756d000 	/System/Library/PrivateFrameworks/GPUCompiler.framework/Versions/3902/Libraries/libmetal_timestamp.dylib

VM Arguments:
jvm_args: -javaagent:/Users/antonepple/Entwicklung/DukeScript/dukescript-demos/match3/client/target/springloaded.jar -Xverify:none -Dbrowser.rootdir=/Users/antonepple/Entwicklung/DukeScript/dukescript-demos/match3/client/src/main/webapp/ -Dnetbeans.inspect.port=52063 -Ddebug=false 
java_command: com.dukescript.demos.match3.Main
java_class_path (initial): /Users/antonepple/Entwicklung/DukeScript/dukescript-demos/match3/client/target/classes:/Users/antonepple/.m2/repository/org/netbeans/html/net.java.html/1.5.1/net.java.html-1.5.1.jar:/Users/antonepple/.m2/repository/org/netbeans/html/net.java.html.json/1.5.1/net.java.html.json-1.5.1.jar:/Users/antonepple/.m2/repository/org/netbeans/html/net.java.html.boot/1.5.1/net.java.html.boot-1.5.1.jar:/Users/antonepple/.m2/repository/org/netbeans/html/net.java.html.sound/1.5.1/net.java.html.sound-1.5.1.jar:/Users/antonepple/.m2/repository/org/netbeans/html/ko4j/1.5.1/ko4j-1.5.1.jar:/Users/antonepple/.m2/repository/com/dukescript/demos/match3-js/1.0-SNAPSHOT/match3-js-1.0-SNAPSHOT.jar:/Users/antonepple/.m2/repository/org/netbeans/html/net.java.html.boot.fx/1.5.1/net.java.html.boot.fx-1.5.1.jar:/Users/antonepple/Entwicklung/DukeScript/dukescript-demos/match3/client/target/springloaded.jar
Launcher Type: SUN_STANDARD

Environment Variables:
JAVA_HOME=/Library/Java/JavaVirtualMachines/jdk1.8.0_112.jdk/Contents/Home
PATH=/usr/bin:/bin:/usr/sbin:/sbin
SHELL=/bin/bash

Signal Handlers:
SIGSEGV: [libjvm.dylib+0x5b11a5], sa_mask[0]=11111111011111110111111111111111, sa_flags=SA_ONSTACK|SA_RESTART|SA_SIGINFO
SIGBUS: [libjvm.dylib+0x5b11a5], sa_mask[0]=11111111011111110111111111111111, sa_flags=SA_RESTART|SA_SIGINFO
SIGFPE: [libjvm.dylib+0x487dc0], sa_mask[0]=11111111011111110111111111111111, sa_flags=SA_RESTART|SA_SIGINFO
SIGPIPE: [libjvm.dylib+0x487dc0], sa_mask[0]=11111111011111110111111111111111, sa_flags=SA_RESTART|SA_SIGINFO
SIGXFSZ: [libjvm.dylib+0x487dc0], sa_mask[0]=11111111011111110111111111111111, sa_flags=SA_RESTART|SA_SIGINFO
SIGILL: [libjvm.dylib+0x487dc0], sa_mask[0]=11111111011111110111111111111111, sa_flags=SA_RESTART|SA_SIGINFO
SIGUSR1: SIG_DFL, sa_mask[0]=00000000000000000000000000000000, sa_flags=none
SIGUSR2: [libjvm.dylib+0x4878de], sa_mask[0]=00100000000000000000000000000000, sa_flags=SA_RESTART|SA_SIGINFO
SIGHUP: [libjvm.dylib+0x485eb5], sa_mask[0]=11111111011111110111111111111111, sa_flags=SA_RESTART|SA_SIGINFO
SIGINT: SIG_IGN, sa_mask[0]=00000000000000000000000000000000, sa_flags=none
SIGTERM: [libjvm.dylib+0x485eb5], sa_mask[0]=11111111011111110111111111111111, sa_flags=SA_RESTART|SA_SIGINFO
SIGQUIT: [libjvm.dylib+0x485eb5], sa_mask[0]=11111111011111110111111111111111, sa_flags=SA_RESTART|SA_SIGINFO


---------------  S Y S T E M  ---------------

OS:Bsduname:Darwin 18.0.0 Darwin Kernel Version 18.0.0: Wed Aug 22 20:13:40 PDT 2018; root:xnu-4903.201.2~1/RELEASE_X86_64 x86_64
rlimit: STACK 8192k, CORE 0k, NPROC 1418, NOFILE 10240, AS infinity
load average:3.98 2.62 2.39

CPU:total 8 (4 cores per cpu, 2 threads per core) family 6 model 58 stepping 9, cmov, cx8, fxsr, mmx, sse, sse2, sse3, ssse3, sse4.1, sse4.2, popcnt, avx, aes, clmul, erms, ht, tsc, tscinvbit, tscinv

Memory: 4k page, physical 16777216k(923508k free)

/proc/meminfo:


vm_info: Java HotSpot(TM) 64-Bit Server VM (25.112-b16) for bsd-amd64 JRE (1.8.0_112-b16), built on Sep 30 2016 22:41:41 by "java_re" with gcc 4.2.1 (Based on Apple Inc. build 5658) (LLVM build 2336.11.00)

time: Wed Nov  7 12:31:14 2018
elapsed time: 17 seconds (0d 0h 0m 17s)

