#
# A fatal error has been detected by the Java Runtime Environment:
#
#  SIGSEGV (0xb) at pc=0x000000013142fafb, pid=74455, tid=0x0000000000000a0b
#
# JRE version: Java(TM) SE Runtime Environment (8.0_112-b04) (build 1.8.0_112-ea-b04)
# Java VM: Java HotSpot(TM) 64-Bit Server VM (25.112-b04 mixed mode bsd-amd64 compressed oops)
# Problematic frame:
# C  [libjfxwebkit.dylib+0xf56afb]  JSC::DirectArguments::createByCopying(JSC::ExecState*)+0x18b
#
# Failed to write core dump. Core dumps have been disabled. To enable core dumping, try "ulimit -c unlimited" before starting Java again
#
# If you would like to submit a bug report, please visit:
#   http://bugreport.java.com/bugreport/crash.jsp
# The crash happened outside the Java Virtual Machine in native code.
# See problematic frame for where to report the bug.
#

---------------  T H R E A D  ---------------

Current thread (0x00007fb8ca94a000):  JavaThread "JavaFX Application Thread" [_thread_in_native, id=2571, stack(0x00007fff555ba000,0x00007fff55dba000)]

siginfo: si_signo: 11 (SIGSEGV), si_code: 1 (SEGV_MAPERR), si_addr: 0x00000002f0e29000

Registers:
RAX=0x000000013ec68f40, RBX=0x00000002f0e29000, RCX=0x0000000132419100, RDX=0xffff000000000002
RSP=0x00007fff55db3d50, RBP=0x00007fff55db3d90, RSI=0xffffffff00000000, RDI=0x0000000132419110
R8 =0x00000002f0c00000, R9 =0x000000000007ffff, R10=0x00007fff87413bd2, R11=0x0000000000000206
R12=0x000451e100000000, R13=0x00000002f0c00100, R14=0x00000000fffbae24, R15=0x00000001329d70c0
RIP=0x000000013142fafb, EFLAGS=0x0000000000010206, ERR=0x0000000000000006
  TRAPNO=0x000000000000000e

Top of Stack: (sp=0x00007fff55db3d50)
0x00007fff55db3d50:   00007fff55db3d60 00000000000451dc
0x00007fff55db3d60:   0000000132419110 00000001329d70c0
0x00007fff55db3d70:   000000013242f100 0000000132419100
0x00007fff55db3d80:   00000004392cb020 00000004392cb028
0x00007fff55db3d90:   00007fff55db3dd0 000000013141cd31
0x00007fff55db3da0:   0000000000000001 00000004392cb008
0x00007fff55db3db0:   000000013242f100 0000000000000003
0x00007fff55db3dc0:   00000001329d7030 00000001329d70c0
0x00007fff55db3dd0:   00007fff55db3e30 0000000131544af6
0x00007fff55db3de0:   0000000000000001 0000000109e67200
0x00007fff55db3df0:   000000013153fdd1 0000000000000000
0x00007fff55db3e00:   0000000132419100 00007fff55db3e88
0x00007fff55db3e10:   000000013d007040 0000000132419100
0x00007fff55db3e20:   0000000132419100 00000004393a31e0
0x00007fff55db3e30:   00007fff55db3e50 000000013131de49
0x00007fff55db3e40:   000000013242f140 00000000000451dd
0x00007fff55db3e50:   00007fff55db3f10 000000013131a6a2
0x00007fff55db3e60:   000000013242f140 000000013e935340
0x00007fff55db3e70:   000000013d007040 00007fff55db3f78
0x00007fff55db3e80:   00007fb8c8d98740 000000015bab2988
0x00007fff55db3e90:   000000013d007040 00000000000451dd
0x00007fff55db3ea0:   000000013e935340 00000000000451dd
0x00007fff55db3eb0:   000000016e000000 0000000132419100
0x00007fff55db3ec0:   000000013242f100 0000000000000000
0x00007fff55db3ed0:   0000000000000000 0000000000000000
0x00007fff55db3ee0:   00007fff55db3ee0 0000000143000000
0x00007fff55db3ef0:   00000000000451dc 000000013242f140
0x00007fff55db3f00:   00000000000451dc 0000000000000000
0x00007fff55db3f10:   00007fff55db3f30 000000013140baae
0x00007fff55db3f20:   00007fff55db3f68 00007fff55db3f88
0x00007fff55db3f30:   00007fff55db4010 0000000131263723
0x00007fff55db3f40:   000000013d004000 000000013d007040 

Instructions: (pc=0x000000013142fafb)
0x000000013142fadb:   02 00 00 00 00 00 ff ff 48 be 00 00 00 00 ff ff
0x000000013142faeb:   ff ff 0f 1f 00 4c 89 e0 48 c1 f8 20 49 8b 04 c7
0x000000013142fafb:   48 89 03 48 85 c2 75 6d 41 0f b6 4d 07 85 c9 74
0x000000013142fb0b:   0e 83 f9 01 74 5f 83 f9 02 0f 85 23 01 00 00 48 

Register to memory mapping:

RAX=0x000000013ec68f40 is an unknown value
RBX=0x00000002f0e29000 is an unknown value
RCX=0x0000000132419100 is an unknown value
RDX=0xffff000000000002 is an unknown value
RSP=0x00007fff55db3d50 is pointing into the stack for thread: 0x00007fb8ca94a000
RBP=0x00007fff55db3d90 is pointing into the stack for thread: 0x00007fb8ca94a000
RSI=0xffffffff00000000 is an unknown value
RDI=0x0000000132419110 is an unknown value
R8 =0x00000002f0c00000 is an unknown value
R9 =0x000000000007ffff is an unknown value
R10=0x00007fff87413bd2: __munmap+0xa in /usr/lib/system/libsystem_kernel.dylib at 0x00007fff873fd000
R11=0x0000000000000206 is an unknown value
R12=0x000451e100000000 is an unknown value
R13=0x00000002f0c00100 is an unknown value
R14=0x00000000fffbae24 is an unknown value
R15=0x00000001329d70c0 is an unknown value


Stack: [0x00007fff555ba000,0x00007fff55dba000],  sp=0x00007fff55db3d50,  free space=8167k
Native frames: (J=compiled Java code, j=interpreted, Vv=VM code, C=native code)
C  [libjfxwebkit.dylib+0xf56afb]  JSC::DirectArguments::createByCopying(JSC::ExecState*)+0x18b
C  [libjfxwebkit.dylib+0xf43d31]  slow_path_create_direct_arguments+0x41
C  [libjfxwebkit.dylib+0x106baf6]  JSC::LLInt::CLoop::execute(JSC::OpcodeID, void*, JSC::VM*, JSC::ProtoCallFrame*, bool)+0x5806
C  [libjfxwebkit.dylib+0xe44e49]  JSC::JITCode::execute(JSC::VM*, JSC::ProtoCallFrame*)+0xa9
C  [libjfxwebkit.dylib+0xe416a2]  JSC::Interpreter::executeCall(JSC::ExecState*, JSC::JSObject*, JSC::CallType, JSC::CallData const&, JSC::JSValue, JSC::ArgList const&)+0x202
C  [libjfxwebkit.dylib+0xf32aae]  JSC::call(JSC::ExecState*, JSC::JSValue, JSC::CallType, JSC::CallData const&, JSC::JSValue, JSC::ArgList const&)+0x3e
C  [libjfxwebkit.dylib+0xd8a723]  JSObjectCallAsFunction+0x2a3
C  [libjfxwebkit.dylib+0x9744bc]  Java_com_sun_webkit_dom_JSObject_callImpl+0x22c
J 1794  com.sun.webkit.dom.JSObject.callImpl(JILjava/lang/String;[Ljava/lang/Object;Ljava/security/AccessControlContext;)Ljava/lang/Object; (0 bytes) @ 0x000000010c6f88fe [0x000000010c6f8800+0xfe]
J 4201 C2 org.netbeans.html.boot.fx.AbstractFXPresenter.convertArrays([Ljava/lang/Object;)Lnetscape/javascript/JSObject; (56 bytes) @ 0x000000010cd0ba98 [0x000000010cd0b260+0x838]
J 4241 C2 org.netbeans.html.boot.fx.AbstractFXPresenter$JSFn.invokeImpl(Ljava/lang/Object;Z[Ljava/lang/Object;)Ljava/lang/Object; (328 bytes) @ 0x000000010cd19758 [0x000000010cd18940+0xe18]
J 4452 C2 org.netbeans.html.boot.spi.Fn$1.invokeLater(Ljava/lang/Object;[Ljava/lang/Object;)V (14 bytes) @ 0x000000010c225ea8 [0x000000010c225e40+0x68]
J 4398 C1 org.netbeans.html.ko4j.Knockout.valueHasMutated(Ljava/lang/Object;Ljava/lang/String;Ljava/lang/Object;Ljava/lang/Object;)V (109 bytes) @ 0x000000010c46df44 [0x000000010c46cd80+0x11c4]
J 4396 C1 org.netbeans.html.json.impl.Bindings.valueHasMutated(Ljava/lang/String;Ljava/lang/Object;Ljava/lang/Object;)V (67 bytes) @ 0x000000010cafdf54 [0x000000010cafd980+0x5d4]
J 4395 C1 org.netbeans.html.json.impl.JSONList$1.run()V (101 bytes) @ 0x000000010c88da24 [0x000000010c88d780+0x2a4]
J 4394 C1 net.java.html.BrwsrCtx$1Wrap.run()V (50 bytes) @ 0x000000010c46f2f4 [0x000000010c46ebe0+0x714]
J 4309 C1 org.netbeans.html.boot.fx.AbstractFXPresenter$1Wrap.run()V (45 bytes) @ 0x000000010cd43c2c [0x000000010cd43680+0x5ac]
J 3894 C2 com.sun.javafx.application.PlatformImpl$$Lambda$51.run()Ljava/lang/Object; (8 bytes) @ 0x000000010cc98a68 [0x000000010cc98a20+0x48]
v  ~StubRoutines::call_stub
V  [libjvm.dylib+0x2df6ea]  JavaCalls::call_helper(JavaValue*, methodHandle*, JavaCallArguments*, Thread*)+0x6ae
V  [libjvm.dylib+0x322f18]  JVM_DoPrivileged+0x4b8
J 1633  java.security.AccessController.doPrivileged(Ljava/security/PrivilegedAction;Ljava/security/AccessControlContext;)Ljava/lang/Object; (0 bytes) @ 0x000000010c6a1915 [0x000000010c6a1840+0xd5]
J 3891 C2 com.sun.javafx.application.PlatformImpl$$Lambda$50.run()V (12 bytes) @ 0x000000010cc99c78 [0x000000010cc99be0+0x98]
J 3782 C2 com.sun.glass.ui.InvokeLaterDispatcher$Future.run()V (91 bytes) @ 0x000000010cc358ec [0x000000010cc358a0+0x4c]
v  ~StubRoutines::call_stub
V  [libjvm.dylib+0x2df6ea]  JavaCalls::call_helper(JavaValue*, methodHandle*, JavaCallArguments*, Thread*)+0x6ae
V  [libjvm.dylib+0x2f9eca]  jni_invoke_nonstatic(JNIEnv_*, JavaValue*, _jobject*, JNICallType, _jmethodID*, JNI_ArgumentPusher*, Thread*)+0x2ec
V  [libjvm.dylib+0x2ec743]  jni_CallVoidMethod+0x16b
C  [libglass.dylib+0x456b]  -[GlassRunnable run]+0x6b
C  [Foundation+0x76fde]  __NSThreadPerformPerform+0x117
C  [CoreFoundation+0xaa881]  __CFRUNLOOP_IS_CALLING_OUT_TO_A_SOURCE0_PERFORM_FUNCTION__+0x11
C  [CoreFoundation+0x89fbc]  __CFRunLoopDoSources0+0x22c
C  [CoreFoundation+0x894df]  __CFRunLoopRun+0x39f
C  [CoreFoundation+0x88ed8]  CFRunLoopRunSpecific+0x128
C  [HIToolbox+0x30935]  RunCurrentEventLoopInMode+0xeb
C  [HIToolbox+0x3076f]  ReceiveNextEventCommon+0x1b0
C  [HIToolbox+0x305af]  _BlockUntilNextEventMatchingListInModeWithFilter+0x47
C  [AppKit+0x48df6]  _DPSNextEvent+0x42b
C  [AppKit+0x48226]  -[NSApplication _nextEventMatchingEventMask:untilDate:inMode:dequeue:]+0x1c6
C  [AppKit+0x3cd80]  -[NSApplication run]+0x2aa
C  [libglass.dylib+0x651c]  -[GlassApplication runLoop:]+0x72c
C  [Foundation+0x76fde]  __NSThreadPerformPerform+0x117
C  [CoreFoundation+0xaa881]  __CFRUNLOOP_IS_CALLING_OUT_TO_A_SOURCE0_PERFORM_FUNCTION__+0x11
C  [CoreFoundation+0x89fbc]  __CFRunLoopDoSources0+0x22c
C  [CoreFoundation+0x894df]  __CFRunLoopRun+0x39f
C  [CoreFoundation+0x88ed8]  CFRunLoopRunSpecific+0x128
C  [java+0x6465]  CreateExecutionEnvironment+0x367
C  [java+0x218c]  JLI_Launch+0x7a0
C  [java+0x84c2]  main+0x65
C  [java+0x19e4]  start+0x34
C  0x0000000000000009

Java frames: (J=compiled Java code, j=interpreted, Vv=VM code)
J 1794  com.sun.webkit.dom.JSObject.callImpl(JILjava/lang/String;[Ljava/lang/Object;Ljava/security/AccessControlContext;)Ljava/lang/Object; (0 bytes) @ 0x000000010c6f8884 [0x000000010c6f8800+0x84]
J 4201 C2 org.netbeans.html.boot.fx.AbstractFXPresenter.convertArrays([Ljava/lang/Object;)Lnetscape/javascript/JSObject; (56 bytes) @ 0x000000010cd0ba98 [0x000000010cd0b260+0x838]
J 4241 C2 org.netbeans.html.boot.fx.AbstractFXPresenter$JSFn.invokeImpl(Ljava/lang/Object;Z[Ljava/lang/Object;)Ljava/lang/Object; (328 bytes) @ 0x000000010cd19758 [0x000000010cd18940+0xe18]
J 4452 C2 org.netbeans.html.boot.spi.Fn$1.invokeLater(Ljava/lang/Object;[Ljava/lang/Object;)V (14 bytes) @ 0x000000010c225ea8 [0x000000010c225e40+0x68]
J 4398 C1 org.netbeans.html.ko4j.Knockout.valueHasMutated(Ljava/lang/Object;Ljava/lang/String;Ljava/lang/Object;Ljava/lang/Object;)V (109 bytes) @ 0x000000010c46df44 [0x000000010c46cd80+0x11c4]
J 4396 C1 org.netbeans.html.json.impl.Bindings.valueHasMutated(Ljava/lang/String;Ljava/lang/Object;Ljava/lang/Object;)V (67 bytes) @ 0x000000010cafdf54 [0x000000010cafd980+0x5d4]
J 4395 C1 org.netbeans.html.json.impl.JSONList$1.run()V (101 bytes) @ 0x000000010c88da24 [0x000000010c88d780+0x2a4]
J 4394 C1 net.java.html.BrwsrCtx$1Wrap.run()V (50 bytes) @ 0x000000010c46f2f4 [0x000000010c46ebe0+0x714]
J 4309 C1 org.netbeans.html.boot.fx.AbstractFXPresenter$1Wrap.run()V (45 bytes) @ 0x000000010cd43c2c [0x000000010cd43680+0x5ac]
J 3894 C2 com.sun.javafx.application.PlatformImpl$$Lambda$51.run()Ljava/lang/Object; (8 bytes) @ 0x000000010cc98a68 [0x000000010cc98a20+0x48]
v  ~StubRoutines::call_stub
J 1633  java.security.AccessController.doPrivileged(Ljava/security/PrivilegedAction;Ljava/security/AccessControlContext;)Ljava/lang/Object; (0 bytes) @ 0x000000010c6a18a3 [0x000000010c6a1840+0x63]
J 3891 C2 com.sun.javafx.application.PlatformImpl$$Lambda$50.run()V (12 bytes) @ 0x000000010cc99c78 [0x000000010cc99be0+0x98]
J 3782 C2 com.sun.glass.ui.InvokeLaterDispatcher$Future.run()V (91 bytes) @ 0x000000010cc358ec [0x000000010cc358a0+0x4c]
v  ~StubRoutines::call_stub

---------------  P R O C E S S  ---------------

Java Threads: ( => current thread )
  0x00007fb8cba42000 JavaThread "Timer-1" [_thread_blocked, id=69379, stack(0x000070000279e000,0x000070000289e000)]
  0x00007fb8caa37800 JavaThread "Prism Font Disposer" daemon [_thread_blocked, id=57907, stack(0x0000700002598000,0x0000700002698000)]
  0x00007fb8ca9ec000 JavaThread "Watching files in /Users/antonepple/Entwicklung/DukeScript/bigtable/client/src/main/webapp/pages" daemon [_thread_blocked, id=65575, stack(0x0000700002392000,0x0000700002492000)]
  0x00007fb8cc307000 JavaThread "Thread-9" daemon [_thread_blocked, id=65835, stack(0x000070000228f000,0x000070000238f000)]
  0x00007fb8ca09d800 JavaThread "FX<->NetBeans Inspector" [_thread_in_native, id=65303, stack(0x000070000218c000,0x000070000228c000)]
  0x00007fb8cb948000 JavaThread "Disposer" daemon [_thread_blocked, id=59919, stack(0x0000700001f83000,0x0000700002083000)]
  0x00007fb8cb90c800 JavaThread "Timer-0" daemon [_thread_blocked, id=55043, stack(0x0000700001c74000,0x0000700001d74000)]
  0x00007fb8cd01c800 JavaThread "Thread-6" daemon [_thread_in_native, id=43011, stack(0x0000700001b6e000,0x0000700001bee000)]
=>0x00007fb8ca94a000 JavaThread "JavaFX Application Thread" [_thread_in_native, id=2571, stack(0x00007fff555ba000,0x00007fff55dba000)]
  0x00007fb8ca945000 JavaThread "Thread-4" daemon [_thread_blocked, id=29443, stack(0x0000700001965000,0x0000700001a65000)]
  0x00007fb8ca8d0800 JavaThread "JavaFX-Launcher" [_thread_blocked, id=28931, stack(0x0000700001862000,0x0000700001962000)]
  0x00007fb8cb8b0000 JavaThread "QuantumRenderer-0" daemon [_thread_blocked, id=23043, stack(0x00007000016dc000,0x00007000017dc000)]
  0x00007fb8c9033800 JavaThread "pool-1-thread-1" [_thread_blocked, id=22531, stack(0x00007000015d9000,0x00007000016d9000)]
  0x00007fb8cc08c000 JavaThread "FileSystemWatcher: files=#8 cl=sun.misc.Launcher$AppClassLoader@18b4aac2" daemon [_thread_blocked, id=22019, stack(0x00007000014d6000,0x00007000015d6000)]
  0x00007fb8ca80b800 JavaThread "Service Thread" daemon [_thread_blocked, id=20995, stack(0x00007000012d0000,0x00007000013d0000)]
  0x00007fb8ca001000 JavaThread "C1 CompilerThread3" daemon [_thread_blocked, id=20483, stack(0x00007000011cd000,0x00007000012cd000)]
  0x00007fb8cc080800 JavaThread "C2 CompilerThread2" daemon [_thread_blocked, id=19971, stack(0x00007000010ca000,0x00007000011ca000)]
  0x00007fb8cc08a000 JavaThread "C2 CompilerThread1" daemon [_thread_blocked, id=19459, stack(0x0000700000fc7000,0x00007000010c7000)]
  0x00007fb8cc089000 JavaThread "C2 CompilerThread0" daemon [_thread_blocked, id=18947, stack(0x0000700000ec4000,0x0000700000fc4000)]
  0x00007fb8c9032800 JavaThread "Signal Dispatcher" daemon [_thread_blocked, id=15887, stack(0x0000700000dc1000,0x0000700000ec1000)]
  0x00007fb8cc002000 JavaThread "Finalizer" daemon [_thread_blocked, id=14339, stack(0x0000700000c3b000,0x0000700000d3b000)]
  0x00007fb8cb84e000 JavaThread "Reference Handler" daemon [_thread_blocked, id=13827, stack(0x0000700000b38000,0x0000700000c38000)]
  0x00007fb8c9012000 JavaThread "main" [_thread_blocked, id=5891, stack(0x000070000011a000,0x000070000021a000)]

Other Threads:
  0x00007fb8c9025000 VMThread [stack: 0x0000700000a35000,0x0000700000b35000] [id=13315]
  0x00007fb8ca80c800 WatcherThread [stack: 0x00007000013d3000,0x00007000014d3000] [id=21507]

VM state:not at safepoint (normal execution)

VM Mutex/Monitor currently owned by a thread: None

Heap:
 PSYoungGen      total 947712K, used 407269K [0x000000076ab00000, 0x00000007c0000000, 0x00000007c0000000)
  eden space 627200K, 13% used [0x000000076ab00000,0x000000076ffdd9e0,0x0000000790f80000)
  from space 320512K, 99% used [0x0000000790f80000,0x00000007a485bc90,0x00000007a4880000)
  to   space 400896K, 0% used [0x00000007a7880000,0x00000007a7880000,0x00000007c0000000)
 ParOldGen       total 1613312K, used 1260247K [0x00000006c0000000, 0x0000000722780000, 0x000000076ab00000)
  object space 1613312K, 78% used [0x00000006c0000000,0x000000070ceb5fa8,0x0000000722780000)
 Metaspace       used 20252K, capacity 21422K, committed 21628K, reserved 1069056K
  class space    used 2457K, capacity 2711K, committed 2816K, reserved 1048576K

Card table byte_map: [0x000000011b4b4000,0x000000011bcb5000] byte_map_base: 0x0000000117eb4000

Marking Bits: (ParMarkBitMap*) 0x000000010ba94640
 Begin Bits: [0x000000011c20b000, 0x000000012020b000)
 End Bits:   [0x000000012020b000, 0x000000012420b000)

Polling page: 0x000000010a109000

CodeCache: size=245760Kb used=11965Kb max_used=12739Kb free=233794Kb
 bounds [0x000000010c0f4000, 0x000000010cd94000, 0x000000011b0f4000]
 total_blobs=4395 nmethods=3652 adapters=655
 compilation: enabled

Compilation events (10 events):
Event: 772.642 Thread 0x00007fb8ca001000 4496       3       java.util.concurrent.locks.ReentrantReadWriteLock$Sync::tryAcquireShared (177 bytes)
Event: 772.644 Thread 0x00007fb8ca001000 nmethod 4496 0x000000010ca72410 code [0x000000010ca72660, 0x000000010ca73728]
Event: 772.644 Thread 0x00007fb8ca001000 4497       3       java.util.concurrent.locks.ReentrantReadWriteLock$Sync::tryReleaseShared (147 bytes)
Event: 772.645 Thread 0x00007fb8ca001000 nmethod 4497 0x000000010c996350 code [0x000000010c996560, 0x000000010c997208]
Event: 830.993 Thread 0x00007fb8ca001000 4498       3       sun.nio.fs.UnixPath::getFileSystem (5 bytes)
Event: 830.995 Thread 0x00007fb8ca001000 nmethod 4498 0x000000010c9fd0d0 code [0x000000010c9fd240, 0x000000010c9fd3b0]
Event: 830.995 Thread 0x00007fb8ca001000 4500       3       java.nio.file.Files::provider (10 bytes)
Event: 830.997 Thread 0x00007fb8ca001000 nmethod 4500 0x000000010c9bf1d0 code [0x000000010c9bf360, 0x000000010c9bf618]
Event: 830.997 Thread 0x00007fb8ca001000 4501       3       sun.nio.fs.UnixNativeDispatcher::copyToNativeBuffer (49 bytes)
Event: 830.998 Thread 0x00007fb8ca001000 nmethod 4501 0x000000010c993f90 code [0x000000010c994160, 0x000000010c994618]

GC Heap History (10 events):
Event: 769.008 GC heap before
{Heap before GC invocations=226 (full 7):
 PSYoungGen      total 907264K, used 266124K [0x000000076ab00000, 0x00000007c0000000, 0x00000007c0000000)
  eden space 641024K, 0% used [0x000000076ab00000,0x000000076ab00000,0x0000000791d00000)
  from space 266240K, 99% used [0x0000000791d00000,0x00000007a20e32d0,0x00000007a2100000)
  to   space 386048K, 0% used [0x00000007a8700000,0x00000007a8700000,0x00000007c0000000)
 ParOldGen       total 1250304K, used 1180609K [0x00000006c0000000, 0x000000070c500000, 0x000000076ab00000)
  object space 1250304K, 94% used [0x00000006c0000000,0x00000007080f06a0,0x000000070c500000)
 Metaspace       used 20244K, capacity 21422K, committed 21628K, reserved 1069056K
  class space    used 2457K, capacity 2711K, committed 2816K, reserved 1048576K
Event: 772.642 GC heap after
Heap after GC invocations=226 (full 7):
 PSYoungGen      total 907264K, used 193381K [0x000000076ab00000, 0x00000007c0000000, 0x00000007c0000000)
  eden space 641024K, 0% used [0x000000076ab00000,0x000000076ab00000,0x0000000791d00000)
  from space 266240K, 72% used [0x0000000791d00000,0x000000079d9d94f8,0x00000007a2100000)
  to   space 386048K, 0% used [0x00000007a8700000,0x00000007a8700000,0x00000007c0000000)
 ParOldGen       total 1613312K, used 1249975K [0x00000006c0000000, 0x0000000722780000, 0x000000076ab00000)
  object space 1613312K, 77% used [0x00000006c0000000,0x000000070c4adfa8,0x0000000722780000)
 Metaspace       used 20244K, capacity 21422K, committed 21628K, reserved 1069056K
  class space    used 2457K, capacity 2711K, committed 2816K, reserved 1048576K
}
Event: 789.268 GC heap before
{Heap before GC invocations=227 (full 7):
 PSYoungGen      total 907264K, used 834405K [0x000000076ab00000, 0x00000007c0000000, 0x00000007c0000000)
  eden space 641024K, 100% used [0x000000076ab00000,0x0000000791d00000,0x0000000791d00000)
  from space 266240K, 72% used [0x0000000791d00000,0x000000079d9d94f8,0x00000007a2100000)
  to   space 386048K, 0% used [0x00000007a8700000,0x00000007a8700000,0x00000007c0000000)
 ParOldGen       total 1613312K, used 1249975K [0x00000006c0000000, 0x0000000722780000, 0x000000076ab00000)
  object space 1613312K, 77% used [0x00000006c0000000,0x000000070c4adfa8,0x0000000722780000)
 Metaspace       used 20247K, capacity 21422K, committed 21628K, reserved 1069056K
  class space    used 2457K, capacity 2711K, committed 2816K, reserved 1048576K
Event: 789.553 GC heap after
Heap after GC invocations=227 (full 7):
 PSYoungGen      total 1029120K, used 199771K [0x000000076ab00000, 0x00000007c0000000, 0x00000007c0000000)
  eden space 643072K, 0% used [0x000000076ab00000,0x000000076ab00000,0x0000000791f00000)
  from space 386048K, 51% used [0x00000007a8700000,0x00000007b4a16fc0,0x00000007c0000000)
  to   space 368640K, 0% used [0x0000000791f00000,0x0000000791f00000,0x00000007a8700000)
 ParOldGen       total 1613312K, used 1260247K [0x00000006c0000000, 0x0000000722780000, 0x000000076ab00000)
  object space 1613312K, 78% used [0x00000006c0000000,0x000000070ceb5fa8,0x0000000722780000)
 Metaspace       used 20247K, capacity 21422K, committed 21628K, reserved 1069056K
  class space    used 2457K, capacity 2711K, committed 2816K, reserved 1048576K
}
Event: 805.350 GC heap before
{Heap before GC invocations=228 (full 7):
 PSYoungGen      total 1029120K, used 842843K [0x000000076ab00000, 0x00000007c0000000, 0x00000007c0000000)
  eden space 643072K, 100% used [0x000000076ab00000,0x0000000791f00000,0x0000000791f00000)
  from space 386048K, 51% used [0x00000007a8700000,0x00000007b4a16fc0,0x00000007c0000000)
  to   space 368640K, 0% used [0x0000000791f00000,0x0000000791f00000,0x00000007a8700000)
 ParOldGen       total 1613312K, used 1260247K [0x00000006c0000000, 0x0000000722780000, 0x000000076ab00000)
  object space 1613312K, 78% used [0x00000006c0000000,0x000000070ceb5fa8,0x0000000722780000)
 Metaspace       used 20247K, capacity 21422K, committed 21628K, reserved 1069056K
  class space    used 2457K, capacity 2711K, committed 2816K, reserved 1048576K
Event: 805.481 GC heap after
Heap after GC invocations=228 (full 7):
 PSYoungGen      total 873472K, used 230394K [0x000000076ab00000, 0x00000007be200000, 0x00000007c0000000)
  eden space 643072K, 0% used [0x000000076ab00000,0x000000076ab00000,0x0000000791f00000)
  from space 230400K, 99% used [0x0000000791f00000,0x000000079fffe9a0,0x00000007a0000000)
  to   space 361984K, 0% used [0x00000007a8080000,0x00000007a8080000,0x00000007be200000)
 ParOldGen       total 1613312K, used 1260247K [0x00000006c0000000, 0x0000000722780000, 0x000000076ab00000)
  object space 1613312K, 78% used [0x00000006c0000000,0x000000070ceb5fa8,0x0000000722780000)
 Metaspace       used 20247K, capacity 21422K, committed 21628K, reserved 1069056K
  class space    used 2457K, capacity 2711K, committed 2816K, reserved 1048576K
}
Event: 819.900 GC heap before
{Heap before GC invocations=229 (full 7):
 PSYoungGen      total 873472K, used 873466K [0x000000076ab00000, 0x00000007be200000, 0x00000007c0000000)
  eden space 643072K, 100% used [0x000000076ab00000,0x0000000791f00000,0x0000000791f00000)
  from space 230400K, 99% used [0x0000000791f00000,0x000000079fffe9a0,0x00000007a0000000)
  to   space 361984K, 0% used [0x00000007a8080000,0x00000007a8080000,0x00000007be200000)
 ParOldGen       total 1613312K, used 1260247K [0x00000006c0000000, 0x0000000722780000, 0x000000076ab00000)
  object space 1613312K, 78% used [0x00000006c0000000,0x000000070ceb5fa8,0x0000000722780000)
 Metaspace       used 20247K, capacity 21422K, committed 21628K, reserved 1069056K
  class space    used 2457K, capacity 2711K, committed 2816K, reserved 1048576K
Event: 820.211 GC heap after
Heap after GC invocations=229 (full 7):
 PSYoungGen      total 989184K, used 289568K [0x000000076ab00000, 0x00000007c0000000, 0x00000007c0000000)
  eden space 627200K, 0% used [0x000000076ab00000,0x000000076ab00000,0x0000000790f80000)
  from space 361984K, 79% used [0x00000007a8080000,0x00000007b9b48000,0x00000007be200000)
  to   space 377856K, 0% used [0x0000000790f80000,0x0000000790f80000,0x00000007a8080000)
 ParOldGen       total 1613312K, used 1260247K [0x00000006c0000000, 0x0000000722780000, 0x000000076ab00000)
  object space 1613312K, 78% used [0x00000006c0000000,0x000000070ceb5fa8,0x0000000722780000)
 Metaspace       used 20247K, capacity 21422K, committed 21628K, reserved 1069056K
  class space    used 2457K, capacity 2711K, committed 2816K, reserved 1048576K
}
Event: 834.801 GC heap before
{Heap before GC invocations=230 (full 7):
 PSYoungGen      total 989184K, used 916768K [0x000000076ab00000, 0x00000007c0000000, 0x00000007c0000000)
  eden space 627200K, 100% used [0x000000076ab00000,0x0000000790f80000,0x0000000790f80000)
  from space 361984K, 79% used [0x00000007a8080000,0x00000007b9b48000,0x00000007be200000)
  to   space 377856K, 0% used [0x0000000790f80000,0x0000000790f80000,0x00000007a8080000)
 ParOldGen       total 1613312K, used 1260247K [0x00000006c0000000, 0x0000000722780000, 0x000000076ab00000)
  object space 1613312K, 78% used [0x00000006c0000000,0x000000070ceb5fa8,0x0000000722780000)
 Metaspace       used 20252K, capacity 21422K, committed 21628K, reserved 1069056K
  class space    used 2457K, capacity 2711K, committed 2816K, reserved 1048576K
Event: 835.116 GC heap after
Heap after GC invocations=230 (full 7):
 PSYoungGen      total 947712K, used 320367K [0x000000076ab00000, 0x00000007c0000000, 0x00000007c0000000)
  eden space 627200K, 0% used [0x000000076ab00000,0x000000076ab00000,0x0000000790f80000)
  from space 320512K, 99% used [0x0000000790f80000,0x00000007a485bc90,0x00000007a4880000)
  to   space 400896K, 0% used [0x00000007a7880000,0x00000007a7880000,0x00000007c0000000)
 ParOldGen       total 1613312K, used 1260247K [0x00000006c0000000, 0x0000000722780000, 0x000000076ab00000)
  object space 1613312K, 78% used [0x00000006c0000000,0x000000070ceb5fa8,0x0000000722780000)
 Metaspace       used 20252K, capacity 21422K, committed 21628K, reserved 1069056K
  class space    used 2457K, capacity 2711K, committed 2816K, reserved 1048576K
}

Deoptimization events (10 events):
Event: 112.663 Thread 0x00007fb8ca94a000 Uncommon trap: reason=unstable_if action=reinterpret pc=0x000000010cb1d8b0 method=sun.nio.cs.StreamDecoder.implRead([CII)I @ 87
Event: 112.663 Thread 0x00007fb8ca94a000 Uncommon trap: reason=unstable_if action=reinterpret pc=0x000000010c38a300 method=java.nio.charset.CoderResult.isOverflow()Z @ 5
Event: 112.671 Thread 0x00007fb8ca94a000 Uncommon trap: reason=unstable_if action=reinterpret pc=0x000000010c218b34 method=org.netbeans.html.boot.fx.AbstractFXPresenter.arraySizeFn()Lnetscape/javascript/JSObject; @ 4
Event: 112.672 Thread 0x00007fb8ca94a000 Uncommon trap: reason=unstable_if action=reinterpret pc=0x000000010c210a0c method=org.netbeans.html.boot.fx.AbstractFXPresenter.wrapArrFn()Lnetscape/javascript/JSObject; @ 4
Event: 112.674 Thread 0x00007fb8ca94a000 Uncommon trap: reason=class_check action=maybe_recompile pc=0x000000010c4f6bc0 method=java.util.LinkedHashMap.afterNodeInsertion(Z)V @ 15
Event: 112.686 Thread 0x00007fb8ca94a000 Uncommon trap: reason=unstable_if action=reinterpret pc=0x000000010cb2521c method=java.io.ObjectOutputStream$BlockDataOutputStream.write([BIIZ)V @ 61
Event: 112.698 Thread 0x00007fb8cb8b0000 Uncommon trap: reason=unstable_if action=reinterpret pc=0x000000010cc531f4 method=com.sun.javafx.geom.Rectangle.intersectWith(Lcom/sun/javafx/geom/Rectangle;)V @ 88
Event: 112.698 Thread 0x00007fb8cb8b0000 Uncommon trap: reason=unstable_if action=reinterpret pc=0x000000010cc2c89c method=com.sun.javafx.geom.Rectangle.intersectWith(Lcom/sun/javafx/geom/Rectangle;)V @ 88
Event: 180.647 Thread 0x00007fb8ca94a000 Uncommon trap: reason=class_check action=maybe_recompile pc=0x000000010c52f714 method=java.util.HashMap.putVal(ILjava/lang/Object;Ljava/lang/Object;ZZ)Ljava/lang/Object; @ 203
Event: 422.133 Thread 0x00007fb8cb8b0000 Uncommon trap: reason=unstable_if action=reinterpret pc=0x000000010caf2b98 method=com.sun.prism.impl.ManagedResource.bumpAge(I)V @ 7

Internal exceptions (10 events):
Event: 0.965 Thread 0x00007fb8ca94a000 Exception <a 'sun/nio/fs/UnixException'> (0x000000076dcd3c20) thrown at [/Users/java_re/workspace/8-2-build-macosx-x86_64/jdk8u112/7494.nc/hotspot/src/share/vm/prims/jni.cpp, line 709]
Event: 0.967 Thread 0x00007fb8ca94a000 Exception <a 'sun/nio/fs/UnixException'> (0x000000076dcd94b8) thrown at [/Users/java_re/workspace/8-2-build-macosx-x86_64/jdk8u112/7494.nc/hotspot/src/share/vm/prims/jni.cpp, line 709]
Event: 0.979 Thread 0x00007fb8ca94a000 Implicit null exception at 0x000000010c319e35 to 0x000000010c31a1f5
Event: 0.994 Thread 0x00007fb8ca9f7000 Implicit null exception at 0x000000010c2f9db6 to 0x000000010c2fa17d
Event: 14.377 Thread 0x00007fb8cb8b0000 Implicit null exception at 0x000000010cb08488 to 0x000000010cb09439
Event: 31.785 Thread 0x00007fb8cba42000 Implicit null exception at 0x000000010c2f9e75 to 0x000000010c2fa08d
Event: 112.498 Thread 0x00007fb8ca94a000 Exception <a 'netscape/javascript/JSException': Invalid function reference> (0x000000076ac1fb68) thrown at [/Users/java_re/workspace/8-2-build-macosx-x86_64/jdk8u112/7494.nc/hotspot/src/share/vm/prims/jni.cpp, line 735]
Event: 112.499 Thread 0x00007fb8ca94a000 Exception <a 'netscape/javascript/JSException'> (0x000000076ac1fb68) thrown at [/Users/java_re/workspace/8-2-build-macosx-x86_64/jdk8u112/7494.nc/hotspot/src/share/vm/prims/jvm.cpp, line 1394]
Event: 112.657 Thread 0x00007fb8ca94a000 Exception <a 'netscape/javascript/JSException': Invalid function reference> (0x000000076ac660b8) thrown at [/Users/java_re/workspace/8-2-build-macosx-x86_64/jdk8u112/7494.nc/hotspot/src/share/vm/prims/jni.cpp, line 735]
Event: 112.658 Thread 0x00007fb8ca94a000 Exception <a 'netscape/javascript/JSException'> (0x000000076ac660b8) thrown at [/Users/java_re/workspace/8-2-build-macosx-x86_64/jdk8u112/7494.nc/hotspot/src/share/vm/prims/jvm.cpp, line 1394]

Events (10 events):
Event: 772.645 Thread 0x00007fb8ca001000 flushing nmethod 0x000000010ccf8150
Event: 772.645 Thread 0x00007fb8ca001000 flushing nmethod 0x000000010cd03e10
Event: 789.268 Executing VM operation: ParallelGCFailedAllocation
Event: 789.553 Executing VM operation: ParallelGCFailedAllocation done
Event: 805.350 Executing VM operation: ParallelGCFailedAllocation
Event: 805.481 Executing VM operation: ParallelGCFailedAllocation done
Event: 819.899 Executing VM operation: ParallelGCFailedAllocation
Event: 820.211 Executing VM operation: ParallelGCFailedAllocation done
Event: 834.801 Executing VM operation: ParallelGCFailedAllocation
Event: 835.116 Executing VM operation: ParallelGCFailedAllocation done


Dynamic libraries:
0x00000000029d3000 	/System/Library/Frameworks/Cocoa.framework/Versions/A/Cocoa
0x00000000029d3000 	/System/Library/Frameworks/Security.framework/Versions/A/Security
0x00000000029d3000 	/System/Library/Frameworks/ApplicationServices.framework/Versions/A/ApplicationServices
0x00000000029d3000 	/usr/lib/libz.1.dylib
0x00000000029d3000 	/usr/lib/libSystem.B.dylib
0x00000000029d3000 	/usr/lib/libobjc.A.dylib
0x00000000029d3000 	/System/Library/Frameworks/CoreFoundation.framework/Versions/A/CoreFoundation
0x00000000029d3000 	/System/Library/Frameworks/Foundation.framework/Versions/C/Foundation
0x00000000029d3000 	/System/Library/Frameworks/AppKit.framework/Versions/C/AppKit
0x00000000029d3000 	/System/Library/Frameworks/CoreData.framework/Versions/A/CoreData
0x00000000029d3000 	/System/Library/PrivateFrameworks/RemoteViewServices.framework/Versions/A/RemoteViewServices
0x00000000029d3000 	/System/Library/PrivateFrameworks/UIFoundation.framework/Versions/A/UIFoundation
0x00000000029d3000 	/usr/lib/libScreenReader.dylib
0x00000000029d3000 	/System/Library/Frameworks/Accelerate.framework/Versions/A/Accelerate
0x00000000029d3000 	/System/Library/Frameworks/IOSurface.framework/Versions/A/IOSurface
0x00000000029d3000 	/System/Library/Frameworks/AudioToolbox.framework/Versions/A/AudioToolbox
0x00000000029d3000 	/System/Library/Frameworks/AudioUnit.framework/Versions/A/AudioUnit
0x00000000029d3000 	/System/Library/PrivateFrameworks/DataDetectorsCore.framework/Versions/A/DataDetectorsCore
0x00000000029d3000 	/System/Library/PrivateFrameworks/DesktopServicesPriv.framework/Versions/A/DesktopServicesPriv
0x00000000029d3000 	/System/Library/Frameworks/Carbon.framework/Versions/A/Frameworks/HIToolbox.framework/Versions/A/HIToolbox
0x00000000029d3000 	/System/Library/Frameworks/QuartzCore.framework/Versions/A/QuartzCore
0x00000000029d3000 	/System/Library/Frameworks/Carbon.framework/Versions/A/Frameworks/SpeechRecognition.framework/Versions/A/SpeechRecognition
0x00000000029d3000 	/usr/lib/libauto.dylib
0x00000000029d3000 	/usr/lib/libicucore.A.dylib
0x00000000029d3000 	/usr/lib/libxml2.2.dylib
0x00000000029d3000 	/System/Library/PrivateFrameworks/CoreUI.framework/Versions/A/CoreUI
0x00000000029d3000 	/System/Library/Frameworks/CoreAudio.framework/Versions/A/CoreAudio
0x00000000029d3000 	/System/Library/Frameworks/DiskArbitration.framework/Versions/A/DiskArbitration
0x00000000029d3000 	/usr/lib/liblangid.dylib
0x00000000029d3000 	/System/Library/PrivateFrameworks/MultitouchSupport.framework/Versions/A/MultitouchSupport
0x00000000029d3000 	/System/Library/Frameworks/IOKit.framework/Versions/A/IOKit
0x00000000029d3000 	/usr/lib/libDiagnosticMessagesClient.dylib
0x00000000029d3000 	/System/Library/Frameworks/CoreServices.framework/Versions/A/CoreServices
0x00000000029d3000 	/System/Library/PrivateFrameworks/PerformanceAnalysis.framework/Versions/A/PerformanceAnalysis
0x00000000029d3000 	/System/Library/PrivateFrameworks/GenerationalStorage.framework/Versions/A/GenerationalStorage
0x00000000029d3000 	/System/Library/Frameworks/OpenGL.framework/Versions/A/OpenGL
0x00000000029d3000 	/System/Library/PrivateFrameworks/Sharing.framework/Versions/A/Sharing
0x00000000029d3000 	/System/Library/Frameworks/CoreGraphics.framework/Versions/A/CoreGraphics
0x00000000029d3000 	/System/Library/Frameworks/CoreImage.framework/Versions/A/CoreImage
0x00000000029d3000 	/System/Library/Frameworks/CoreText.framework/Versions/A/CoreText
0x00000000029d3000 	/System/Library/Frameworks/ImageIO.framework/Versions/A/ImageIO
0x00000000029d3000 	/System/Library/PrivateFrameworks/Backup.framework/Versions/A/Backup
0x00000000029d3000 	/usr/lib/libextension.dylib
0x00000000029d3000 	/usr/lib/libarchive.2.dylib
0x00000000029d3000 	/System/Library/Frameworks/CFNetwork.framework/Versions/A/CFNetwork
0x00000000029d3000 	/System/Library/Frameworks/SystemConfiguration.framework/Versions/A/SystemConfiguration
0x00000000029d3000 	/usr/lib/libCRFSuite.dylib
0x00000000029d3000 	/usr/lib/libc++.1.dylib
0x00000000029d3000 	/usr/lib/libc++abi.dylib
0x00000000029d3000 	/usr/lib/system/libcache.dylib
0x00000000029d3000 	/usr/lib/system/libcommonCrypto.dylib
0x00000000029d3000 	/usr/lib/system/libcompiler_rt.dylib
0x00000000029d3000 	/usr/lib/system/libcopyfile.dylib
0x00000000029d3000 	/usr/lib/system/libcorecrypto.dylib
0x00000000029d3000 	/usr/lib/system/libdispatch.dylib
0x00000000029d3000 	/usr/lib/system/libdyld.dylib
0x00000000029d3000 	/usr/lib/system/libkeymgr.dylib
0x00000000029d3000 	/usr/lib/system/liblaunch.dylib
0x00000000029d3000 	/usr/lib/system/libmacho.dylib
0x00000000029d3000 	/usr/lib/system/libquarantine.dylib
0x00000000029d3000 	/usr/lib/system/libremovefile.dylib
0x00000000029d3000 	/usr/lib/system/libsystem_asl.dylib
0x00000000029d3000 	/usr/lib/system/libsystem_blocks.dylib
0x00000000029d3000 	/usr/lib/system/libsystem_c.dylib
0x00000000029d3000 	/usr/lib/system/libsystem_configuration.dylib
0x00000000029d3000 	/usr/lib/system/libsystem_coreservices.dylib
0x00000000029d3000 	/usr/lib/system/libsystem_coretls.dylib
0x00000000029d3000 	/usr/lib/system/libsystem_dnssd.dylib
0x00000000029d3000 	/usr/lib/system/libsystem_info.dylib
0x00000000029d3000 	/usr/lib/system/libsystem_kernel.dylib
0x00000000029d3000 	/usr/lib/system/libsystem_m.dylib
0x00000000029d3000 	/usr/lib/system/libsystem_malloc.dylib
0x00000000029d3000 	/usr/lib/system/libsystem_network.dylib
0x00000000029d3000 	/usr/lib/system/libsystem_networkextension.dylib
0x00000000029d3000 	/usr/lib/system/libsystem_notify.dylib
0x00000000029d3000 	/usr/lib/system/libsystem_platform.dylib
0x00000000029d3000 	/usr/lib/system/libsystem_pthread.dylib
0x00000000029d3000 	/usr/lib/system/libsystem_sandbox.dylib
0x00000000029d3000 	/usr/lib/system/libsystem_secinit.dylib
0x00000000029d3000 	/usr/lib/system/libsystem_trace.dylib
0x00000000029d3000 	/usr/lib/system/libunc.dylib
0x00000000029d3000 	/usr/lib/system/libunwind.dylib
0x00000000029d3000 	/usr/lib/system/libxpc.dylib
0x00000000029d3000 	/usr/lib/libenergytrace.dylib
0x00000000029d3000 	/usr/lib/libbsm.0.dylib
0x00000000029d3000 	/usr/lib/system/libkxld.dylib
0x00000000029d3000 	/usr/lib/libxar.1.dylib
0x00000000029d3000 	/usr/lib/libsqlite3.dylib
0x00000000029d3000 	/usr/lib/libpam.2.dylib
0x00000000029d3000 	/usr/lib/libOpenScriptingUtil.dylib
0x00000000029d3000 	/usr/lib/libbz2.1.0.dylib
0x00000000029d3000 	/usr/lib/liblzma.5.dylib
0x00000000029d3000 	/System/Library/Frameworks/CoreServices.framework/Versions/A/Frameworks/FSEvents.framework/Versions/A/FSEvents
0x00000000029d3000 	/System/Library/Frameworks/CoreServices.framework/Versions/A/Frameworks/CarbonCore.framework/Versions/A/CarbonCore
0x00000000029d3000 	/System/Library/Frameworks/CoreServices.framework/Versions/A/Frameworks/Metadata.framework/Versions/A/Metadata
0x00000000029d3000 	/System/Library/Frameworks/CoreServices.framework/Versions/A/Frameworks/OSServices.framework/Versions/A/OSServices
0x00000000029d3000 	/System/Library/Frameworks/CoreServices.framework/Versions/A/Frameworks/SearchKit.framework/Versions/A/SearchKit
0x00000000029d3000 	/System/Library/Frameworks/CoreServices.framework/Versions/A/Frameworks/AE.framework/Versions/A/AE
0x00000000029d3000 	/System/Library/Frameworks/CoreServices.framework/Versions/A/Frameworks/LaunchServices.framework/Versions/A/LaunchServices
0x00000000029d3000 	/System/Library/Frameworks/CoreServices.framework/Versions/A/Frameworks/DictionaryServices.framework/Versions/A/DictionaryServices
0x00000000029d3000 	/System/Library/Frameworks/CoreServices.framework/Versions/A/Frameworks/SharedFileList.framework/Versions/A/SharedFileList
0x00000000029d3000 	/System/Library/Frameworks/NetFS.framework/Versions/A/NetFS
0x00000000029d3000 	/System/Library/PrivateFrameworks/NetAuth.framework/Versions/A/NetAuth
0x00000000029d3000 	/System/Library/PrivateFrameworks/login.framework/Versions/A/Frameworks/loginsupport.framework/Versions/A/loginsupport
0x00000000029d3000 	/System/Library/PrivateFrameworks/TCC.framework/Versions/A/TCC
0x00000000029d3000 	/usr/lib/libmecabra.dylib
0x00000000029d3000 	/System/Library/Frameworks/ApplicationServices.framework/Versions/A/Frameworks/ATS.framework/Versions/A/ATS
0x00000000029d3000 	/System/Library/Frameworks/ApplicationServices.framework/Versions/A/Frameworks/ColorSync.framework/Versions/A/ColorSync
0x00000000029d3000 	/System/Library/Frameworks/ApplicationServices.framework/Versions/A/Frameworks/HIServices.framework/Versions/A/HIServices
0x00000000029d3000 	/System/Library/Frameworks/ApplicationServices.framework/Versions/A/Frameworks/LangAnalysis.framework/Versions/A/LangAnalysis
0x00000000029d3000 	/System/Library/Frameworks/ApplicationServices.framework/Versions/A/Frameworks/PrintCore.framework/Versions/A/PrintCore
0x00000000029d3000 	/System/Library/Frameworks/ApplicationServices.framework/Versions/A/Frameworks/QD.framework/Versions/A/QD
0x00000000029d3000 	/System/Library/Frameworks/ApplicationServices.framework/Versions/A/Frameworks/SpeechSynthesis.framework/Versions/A/SpeechSynthesis
0x00000000029d3000 	/System/Library/Frameworks/Metal.framework/Versions/A/Metal
0x00000000029d3000 	/System/Library/Frameworks/Accelerate.framework/Versions/A/Frameworks/vImage.framework/Versions/A/vImage
0x00000000029d3000 	/System/Library/Frameworks/Accelerate.framework/Versions/A/Frameworks/vecLib.framework/Versions/A/vecLib
0x00000000029d3000 	/System/Library/Frameworks/Accelerate.framework/Versions/A/Frameworks/vecLib.framework/Versions/A/libvDSP.dylib
0x00000000029d3000 	/System/Library/Frameworks/Accelerate.framework/Versions/A/Frameworks/vecLib.framework/Versions/A/libvMisc.dylib
0x00000000029d3000 	/System/Library/Frameworks/Accelerate.framework/Versions/A/Frameworks/vecLib.framework/Versions/A/libLAPACK.dylib
0x00000000029d3000 	/System/Library/Frameworks/Accelerate.framework/Versions/A/Frameworks/vecLib.framework/Versions/A/libBLAS.dylib
0x00000000029d3000 	/System/Library/Frameworks/Accelerate.framework/Versions/A/Frameworks/vecLib.framework/Versions/A/libLinearAlgebra.dylib
0x00000000029d3000 	/System/Library/Frameworks/Accelerate.framework/Versions/A/Frameworks/vecLib.framework/Versions/A/libSparseBLAS.dylib
0x00000000029d3000 	/System/Library/PrivateFrameworks/GPUCompiler.framework/libmetal_timestamp.dylib
0x00000000029d3000 	/System/Library/Frameworks/OpenGL.framework/Versions/A/Libraries/libCoreFSCache.dylib
0x00000000029d3000 	/System/Library/PrivateFrameworks/IOAccelerator.framework/Versions/A/IOAccelerator
0x00000000029d3000 	/System/Library/Frameworks/ApplicationServices.framework/Versions/A/Frameworks/ATS.framework/Versions/A/Resources/libFontParser.dylib
0x00000000029d3000 	/System/Library/Frameworks/ApplicationServices.framework/Versions/A/Frameworks/ATS.framework/Versions/A/Resources/libFontRegistry.dylib
0x00000000029d3000 	/System/Library/PrivateFrameworks/AppleVPA.framework/Versions/A/AppleVPA
0x00000000029d3000 	/System/Library/PrivateFrameworks/AppleJPEG.framework/Versions/A/AppleJPEG
0x00000000029d3000 	/System/Library/Frameworks/ImageIO.framework/Versions/A/Resources/libJPEG.dylib
0x00000000029d3000 	/System/Library/Frameworks/ImageIO.framework/Versions/A/Resources/libTIFF.dylib
0x00000000029d3000 	/System/Library/Frameworks/ImageIO.framework/Versions/A/Resources/libPng.dylib
0x00000000029d3000 	/System/Library/Frameworks/ImageIO.framework/Versions/A/Resources/libGIF.dylib
0x00000000029d3000 	/System/Library/Frameworks/ImageIO.framework/Versions/A/Resources/libJP2.dylib
0x00000000029d3000 	/System/Library/Frameworks/ImageIO.framework/Versions/A/Resources/libRadiance.dylib
0x00000000029d3000 	/System/Library/Frameworks/CoreVideo.framework/Versions/A/CoreVideo
0x00000000029d3000 	/System/Library/Frameworks/OpenGL.framework/Versions/A/Libraries/libGLU.dylib
0x00000000029d3000 	/System/Library/Frameworks/OpenGL.framework/Versions/A/Libraries/libGFXShared.dylib
0x00000000029d3000 	/System/Library/Frameworks/OpenGL.framework/Versions/A/Libraries/libGL.dylib
0x00000000029d3000 	/System/Library/Frameworks/OpenGL.framework/Versions/A/Libraries/libGLImage.dylib
0x00000000029d3000 	/System/Library/Frameworks/OpenGL.framework/Versions/A/Libraries/libCVMSPluginSupport.dylib
0x00000000029d3000 	/System/Library/Frameworks/OpenGL.framework/Versions/A/Libraries/libCoreVMClient.dylib
0x00000000029d3000 	/usr/lib/libcompression.dylib
0x00000000029d3000 	/usr/lib/libcups.2.dylib
0x00000000029d3000 	/System/Library/Frameworks/Kerberos.framework/Versions/A/Kerberos
0x00000000029d3000 	/System/Library/Frameworks/GSS.framework/Versions/A/GSS
0x00000000029d3000 	/usr/lib/libresolv.9.dylib
0x00000000029d3000 	/usr/lib/libiconv.2.dylib
0x00000000029d3000 	/System/Library/PrivateFrameworks/Heimdal.framework/Versions/A/Heimdal
0x00000000029d3000 	/usr/lib/libheimdal-asn1.dylib
0x00000000029d3000 	/System/Library/Frameworks/OpenDirectory.framework/Versions/A/OpenDirectory
0x00000000029d3000 	/System/Library/PrivateFrameworks/CommonAuth.framework/Versions/A/CommonAuth
0x00000000029d3000 	/System/Library/Frameworks/OpenDirectory.framework/Versions/A/Frameworks/CFOpenDirectory.framework/Versions/A/CFOpenDirectory
0x00000000029d3000 	/System/Library/Frameworks/SecurityFoundation.framework/Versions/A/SecurityFoundation
0x00000000029d3000 	/System/Library/PrivateFrameworks/LanguageModeling.framework/Versions/A/LanguageModeling
0x00000000029d3000 	/usr/lib/libmarisa.dylib
0x00000000029d3000 	/usr/lib/libChineseTokenizer.dylib
0x00000000029d3000 	/usr/lib/libcmph.dylib
0x00000000029d3000 	/System/Library/Frameworks/ServiceManagement.framework/Versions/A/ServiceManagement
0x00000000029d3000 	/usr/lib/libxslt.1.dylib
0x00000000029d3000 	/System/Library/Frameworks/Carbon.framework/Versions/A/Frameworks/Ink.framework/Versions/A/Ink
0x00000000029d3000 	/usr/lib/libFosl_dynamic.dylib
0x00000000029d3000 	/System/Library/PrivateFrameworks/FaceCore.framework/Versions/A/FaceCore
0x00000000029d3000 	/System/Library/Frameworks/OpenCL.framework/Versions/A/OpenCL
0x00000000029d3000 	/System/Library/PrivateFrameworks/CrashReporterSupport.framework/Versions/A/CrashReporterSupport
0x00000000029d3000 	/System/Library/PrivateFrameworks/IconServices.framework/Versions/A/IconServices
0x00000000029d3000 	/System/Library/PrivateFrameworks/Apple80211.framework/Versions/A/Apple80211
0x00000000029d3000 	/System/Library/Frameworks/CoreWLAN.framework/Versions/A/CoreWLAN
0x00000000029d3000 	/System/Library/Frameworks/IOBluetooth.framework/Versions/A/IOBluetooth
0x00000000029d3000 	/System/Library/PrivateFrameworks/CoreWiFi.framework/Versions/A/CoreWiFi
0x00000000029d3000 	/System/Library/Frameworks/CoreBluetooth.framework/Versions/A/CoreBluetooth
0x00000000029d3000 	/System/Library/PrivateFrameworks/ChunkingLibrary.framework/Versions/A/ChunkingLibrary
0x00000000029d3000 	/System/Library/PrivateFrameworks/DebugSymbols.framework/Versions/A/DebugSymbols
0x00000000029d3000 	/System/Library/PrivateFrameworks/CoreSymbolication.framework/Versions/A/CoreSymbolication
0x00000000029d3000 	/System/Library/PrivateFrameworks/Symbolication.framework/Versions/A/Symbolication
0x00000000029d3000 	/System/Library/PrivateFrameworks/SpeechRecognitionCore.framework/Versions/A/SpeechRecognitionCore
0x000000010b200000 	/Library/Java/JavaVirtualMachines/jdk1.8.0_112.jdk/Contents/Home/jre/lib/server/libjvm.dylib
0x00000000029d3000 	/usr/lib/libstdc++.6.dylib
0x000000010a0c6000 	/Library/Java/JavaVirtualMachines/jdk1.8.0_112.jdk/Contents/Home/jre/lib/libverify.dylib
0x000000010a0d4000 	/Library/Java/JavaVirtualMachines/jdk1.8.0_112.jdk/Contents/Home/jre/lib/libjava.dylib
0x000000010a10a000 	/Library/Java/JavaVirtualMachines/jdk1.8.0_112.jdk/Contents/Home/jre/lib/libinstrument.dylib
0x000000010a168000 	/Library/Java/JavaVirtualMachines/jdk1.8.0_112.jdk/Contents/Home/jre/lib/libzip.dylib
0x000000010a1e1000 	/System/Library/Frameworks/JavaVM.framework/Frameworks/JavaRuntimeSupport.framework/JavaRuntimeSupport
0x0000000127110000 	/System/Library/Frameworks/JavaVM.framework/Versions/A/Frameworks/JavaNativeFoundation.framework/Versions/A/JavaNativeFoundation
0x0000000127125000 	/System/Library/Frameworks/JavaVM.framework/Versions/A/JavaVM
0x00000000029d3000 	/System/Library/Frameworks/Carbon.framework/Versions/A/Carbon
0x0000000127132000 	/System/Library/PrivateFrameworks/JavaLaunching.framework/Versions/A/JavaLaunching
0x00000000029d3000 	/System/Library/Frameworks/Carbon.framework/Versions/A/Frameworks/CommonPanels.framework/Versions/A/CommonPanels
0x00000000029d3000 	/System/Library/Frameworks/Carbon.framework/Versions/A/Frameworks/Help.framework/Versions/A/Help
0x00000000029d3000 	/System/Library/Frameworks/Carbon.framework/Versions/A/Frameworks/ImageCapture.framework/Versions/A/ImageCapture
0x00000000029d3000 	/System/Library/Frameworks/Carbon.framework/Versions/A/Frameworks/OpenScripting.framework/Versions/A/OpenScripting
0x00000000029d3000 	/System/Library/Frameworks/Carbon.framework/Versions/A/Frameworks/Print.framework/Versions/A/Print
0x00000000029d3000 	/System/Library/Frameworks/Carbon.framework/Versions/A/Frameworks/SecurityHI.framework/Versions/A/SecurityHI
0x0000000128b34000 	/Library/Java/JavaVirtualMachines/jdk1.8.0_112.jdk/Contents/Home/jre/lib/libprism_es2.dylib
0x00000000029d3000 	/System/Library/Frameworks/OpenGL.framework/Versions/A/Resources/GLEngine.bundle/GLEngine
0x00000000029d3000 	/System/Library/Frameworks/OpenGL.framework/Versions/A/Libraries/libGLProgrammability.dylib
0x0000000128bb6000 	/System/Library/Extensions/AppleIntelHD4000GraphicsGLDriver.bundle/Contents/MacOS/AppleIntelHD4000GraphicsGLDriver
0x00000000029d3000 	/System/Library/PrivateFrameworks/GPUSupport.framework/Versions/A/Libraries/libGPUSupportMercury.dylib
0x00000000029d3000 	/System/Library/Extensions/GeForceGLDriver.bundle/Contents/MacOS/GeForceGLDriver
0x00000000029d3000 	/System/Library/Extensions/GeForceGLDriver.bundle/Contents/MacOS/libclh.dylib
0x00000000029d3000 	/System/Library/Frameworks/OpenGL.framework/Versions/A/Resources/GLRendererFloat.bundle/GLRendererFloat
0x00000000029d3000 	/System/Library/Frameworks/OpenCL.framework/Versions/A/Libraries/libcldcpuengine.dylib
0x00000000029d3000 	/System/Library/PrivateFrameworks/DiskImages.framework/Versions/A/DiskImages
0x00000000029d3000 	/System/Library/Frameworks/DiscRecording.framework/Versions/A/DiscRecording
0x00000000029d3000 	/usr/lib/libcsfde.dylib
0x00000000029d3000 	/usr/lib/libcurl.4.dylib
0x00000000029d3000 	/System/Library/PrivateFrameworks/MediaKit.framework/Versions/A/MediaKit
0x00000000029d3000 	/System/Library/PrivateFrameworks/ProtectedCloudStorage.framework/Versions/A/ProtectedCloudStorage
0x00000000029d3000 	/usr/lib/libCoreStorage.dylib
0x00000000029d3000 	/System/Library/PrivateFrameworks/EFILogin.framework/Versions/A/EFILogin
0x00000000029d3000 	/usr/lib/libutil.dylib
0x00000000029d3000 	/System/Library/PrivateFrameworks/FindMyDevice.framework/Versions/A/FindMyDevice
0x00000000029d3000 	/System/Library/Frameworks/LDAP.framework/Versions/A/LDAP
0x00000000029d3000 	/usr/lib/libsasl2.2.dylib
0x00000000029d3000 	/System/Library/PrivateFrameworks/CoreDaemon.framework/Versions/B/CoreDaemon
0x00000000029d3000 	/usr/lib/libcrypto.0.9.8.dylib
0x00000000029d3000 	/System/Library/PrivateFrameworks/AppleSRP.framework/Versions/A/AppleSRP
0x00000000029d3000 	/System/Library/PrivateFrameworks/TrustEvaluationAgent.framework/Versions/A/TrustEvaluationAgent
0x00000001294eb000 	/Library/Java/JavaVirtualMachines/jdk1.8.0_112.jdk/Contents/Home/jre/lib/libglass.dylib
0x00000000029d3000 	/System/Library/PrivateFrameworks/CoreServicesInternal.framework/Versions/A/CoreServicesInternal
0x00000000029d3000 	/System/Library/CoreServices/RawCamera.bundle/Contents/MacOS/RawCamera
0x00000000029d3000 	/System/Library/Frameworks/CoreGraphics.framework/Versions/A/Resources/libRIP.A.dylib
0x00000000029d3000 	/System/Library/Frameworks/Accelerate.framework/Versions/A/Frameworks/vImage.framework/Versions/A/Libraries/libCGInterfaces.dylib
0x00000000029d3000 	/System/Library/PrivateFrameworks/FamilyControls.framework/Versions/A/FamilyControls
0x00000000029d3000 	/System/Library/PrivateFrameworks/CommerceKit.framework/Versions/A/Frameworks/CommerceCore.framework/Versions/A/CommerceCore
0x00000000029d3000 	/System/Library/PrivateFrameworks/SystemAdministration.framework/Versions/A/SystemAdministration
0x00000000029d3000 	/System/Library/PrivateFrameworks/AppContainer.framework/Versions/A/AppContainer
0x00000000029d3000 	/System/Library/PrivateFrameworks/SecCodeWrapper.framework/Versions/A/SecCodeWrapper
0x00000000029d3000 	/System/Library/Frameworks/DirectoryService.framework/Versions/A/DirectoryService
0x00000000029d3000 	/System/Library/PrivateFrameworks/LoginUIKit.framework/Versions/A/Frameworks/LoginUICore.framework/Versions/A/LoginUICore
0x00000000029d3000 	/usr/lib/libodfde.dylib
0x000000012cf61000 	/Library/Java/JavaVirtualMachines/jdk1.8.0_112.jdk/Contents/Home/jre/lib/libosx.dylib
0x000000012cf6f000 	/Library/Java/JavaVirtualMachines/jdk1.8.0_112.jdk/Contents/Home/jre/lib/./libosxapp.dylib
0x00000000029d3000 	/System/Library/Frameworks/ExceptionHandling.framework/Versions/A/ExceptionHandling
0x000000012cfb1000 	/Library/Java/JavaVirtualMachines/jdk1.8.0_112.jdk/Contents/Home/jre/lib/libjavafx_font.dylib
0x00000000029d3000 	/System/Library/Frameworks/CoreGraphics.framework/Versions/A/Resources/libCGXType.A.dylib
0x00000001304d9000 	/Library/Java/JavaVirtualMachines/jdk1.8.0_112.jdk/Contents/Home/jre/lib/libjfxwebkit.dylib
0x0000000130421000 	/Library/Java/JavaVirtualMachines/jdk1.8.0_112.jdk/Contents/Home/jre/lib/libnet.dylib
0x0000000132279000 	cl_kernels
0x00000000029d3000 	/System/Library/Frameworks/OpenCL.framework/Versions/A/Libraries/ImageFormats/unorm8_bgra.dylib
0x00000000029d3000 	/System/Library/Frameworks/OpenCL.framework/Versions/A/Libraries/ImageFormats/unorm8_rgba.dylib
0x0000000136f02000 	/Library/Java/JavaVirtualMachines/jdk1.8.0_112.jdk/Contents/Home/jre/lib/libnio.dylib
0x0000000137bdf000 	/System/Library/Extensions/GeForceMTLDriver.bundle/Contents/MacOS/GeForceMTLDriver
0x0000000137d2c000 	/System/Library/Extensions/AppleIntelHD4000GraphicsMTLDriver.bundle/Contents/MacOS/AppleIntelHD4000GraphicsMTLDriver
0x0000000139d02000 	/Library/Java/JavaVirtualMachines/jdk1.8.0_112.jdk/Contents/Home/jre/lib/libprism_common.dylib

VM Arguments:
jvm_args: -javaagent:/Users/antonepple/Entwicklung/DukeScript/bigtable/client/target/springloaded.jar -Xverify:none -Dbrowser.rootdir=/Users/antonepple/Entwicklung/DukeScript/bigtable/client/src/main/webapp/ -Dnetbeans.inspect.port=53552 -Ddebug=false 
java_command: com.dukescript.demos.bigtable.Main
java_class_path (initial): /Users/antonepple/Entwicklung/DukeScript/bigtable/client/target/test-classes:/Users/antonepple/Entwicklung/DukeScript/bigtable/client/target/classes:/Users/antonepple/.m2/repository/org/netbeans/html/net.java.html/1.3/net.java.html-1.3.jar:/Users/antonepple/.m2/repository/org/netbeans/html/net.java.html.json/1.3/net.java.html.json-1.3.jar:/Users/antonepple/.m2/repository/org/netbeans/html/net.java.html.boot/1.3/net.java.html.boot-1.3.jar:/Users/antonepple/.m2/repository/org/netbeans/html/net.java.html.sound/1.3/net.java.html.sound-1.3.jar:/Users/antonepple/.m2/repository/org/netbeans/html/ko4j/1.3/ko4j-1.3.jar:/Users/antonepple/.m2/repository/com/dukescript/demos/bigtable-js/1.0-SNAPSHOT/bigtable-js-1.0-SNAPSHOT.jar:/Users/antonepple/.m2/repository/org/netbeans/html/net.java.html.boot.fx/1.3/net.java.html.boot.fx-1.3.jar:/Library/Java/JavaVirtualMachines/jdk1.8.0_112.jdk/Contents/Home/jre/lib/ext/jfxrt.jar:/Users/antonepple/.m2/repository/com/dukescript/api/junit-osgi/4.12/junit-osgi-4.12.jar:/Users/antonepple/.m2/repository/org/hamcrest/hamcrest-core/1.3/hamcrest-core-1.3.jar:/Users/antonepple/.m2/repository/com/dukescript/api/junit-browser-runner/0.8/junit-browser-runner-0.8.jar:/Users/antonepple/.m2/repository/org/apidesign/bck2brwsr/emul/0.19/emul-0.19-rt.jar:/Users/antonepple/.m2/repository/org/apidesign/bck2brwsr/emul/0.19/emul-0.19-bck2brwsr.jar:/Users/antonepple/Entwicklung/DukeScript/bigtable/client/target/springloaded.jar
Launcher Type: SUN_STANDARD

Environment Variables:
JAVA_HOME=/Library/Java/JavaVirtualMachines/jdk1.8.0_112.jdk/Contents/Home
PATH=/usr/bin:/bin:/usr/sbin:/sbin
SHELL=/bin/bash

Signal Handlers:
SIGSEGV: [libjvm.dylib+0x57f525], sa_mask[0]=11111111011111110111111111111111, sa_flags=SA_ONSTACK|SA_RESTART|SA_SIGINFO
SIGBUS: [libjvm.dylib+0x57f525], sa_mask[0]=11111111011111110111111111111111, sa_flags=SA_RESTART|SA_SIGINFO
SIGFPE: [libjvm.dylib+0x458e20], sa_mask[0]=11111111011111110111111111111111, sa_flags=SA_RESTART|SA_SIGINFO
SIGPIPE: [libjvm.dylib+0x458e20], sa_mask[0]=11111111011111110111111111111111, sa_flags=SA_RESTART|SA_SIGINFO
SIGXFSZ: [libjvm.dylib+0x458e20], sa_mask[0]=11111111011111110111111111111111, sa_flags=SA_RESTART|SA_SIGINFO
SIGILL: [libjvm.dylib+0x458e20], sa_mask[0]=11111111011111110111111111111111, sa_flags=SA_RESTART|SA_SIGINFO
SIGUSR1: SIG_DFL, sa_mask[0]=00000000000000000000000000000000, sa_flags=none
SIGUSR2: [libjvm.dylib+0x45893e], sa_mask[0]=00100000000000000000000000000000, sa_flags=SA_RESTART|SA_SIGINFO
SIGHUP: [libjvm.dylib+0x456f15], sa_mask[0]=11111111011111110111111111111111, sa_flags=SA_RESTART|SA_SIGINFO
SIGINT: SIG_IGN, sa_mask[0]=00000000000000000000000000000000, sa_flags=none
SIGTERM: [libjvm.dylib+0x456f15], sa_mask[0]=11111111011111110111111111111111, sa_flags=SA_RESTART|SA_SIGINFO
SIGQUIT: [libjvm.dylib+0x456f15], sa_mask[0]=11111111011111110111111111111111, sa_flags=SA_RESTART|SA_SIGINFO


---------------  S Y S T E M  ---------------

OS:Bsduname:Darwin 15.6.0 Darwin Kernel Version 15.6.0: Thu Jun 23 18:25:34 PDT 2016; root:xnu-3248.60.10~1/RELEASE_X86_64 x86_64
rlimit: STACK 8192k, CORE 0k, NPROC 709, NOFILE 10240, AS infinity
load average:2.64 2.64 2.49

CPU:total 8 (4 cores per cpu, 2 threads per core) family 6 model 58 stepping 9, cmov, cx8, fxsr, mmx, sse, sse2, sse3, ssse3, sse4.1, sse4.2, popcnt, avx, aes, clmul, erms, ht, tsc, tscinvbit, tscinv

Memory: 4k page, physical 16777216k(45340k free)

/proc/meminfo:


vm_info: Java HotSpot(TM) 64-Bit Server VM (25.112-b04) for bsd-amd64 JRE (1.8.0_112-ea-b04), built on Jul 25 2016 16:02:00 by "java_re" with gcc 4.2.1 (Based on Apple Inc. build 5658) (LLVM build 2336.11.00)

time: Mon Aug 15 19:24:46 2016
elapsed time: 836 seconds (0d 0h 13m 56s)

